Copyright 1986-2019 Xilinx, Inc. All Rights Reserved.
-----------------------------------------------------------------------------------------
| Tool Version : Vivado v.2019.1 (win64) Build 2552052 Fri May 24 14:49:42 MDT 2019
| Date         : Sun Mar 28 20:56:47 2021
| Host         : DESKTOP-O25IKCM running 64-bit major release  (build 9200)
| Command      : report_control_sets -verbose -file Demo_wrapper_control_sets_placed.rpt
| Design       : Demo_wrapper
| Device       : xc7z007s
-----------------------------------------------------------------------------------------

Control Set Information

Table of Contents
-----------------
1. Summary
2. Histogram
3. Flip-Flop Distribution
4. Detailed Control Set Information

1. Summary
----------

+----------------------------------------------------------+-------+
|                          Status                          | Count |
+----------------------------------------------------------+-------+
| Total control sets                                       |    47 |
|    Minimum number of control sets                        |    47 |
|    Addition due to synthesis replication                 |     0 |
|    Addition due to physical synthesis replication        |     0 |
| Unused register locations in slices containing registers |    85 |
+----------------------------------------------------------+-------+
* Control sets can be merged at opt_design using control_set_merge or merge_equivalent_drivers
** Run report_qor_suggestions for automated merging and remapping suggestions


2. Histogram
------------

+--------------------+-------+
|       Fanout       | Count |
+--------------------+-------+
| Total control sets |    47 |
| >= 0 to < 4        |     1 |
| >= 4 to < 6        |    11 |
| >= 6 to < 8        |     1 |
| >= 8 to < 10       |    17 |
| >= 10 to < 12      |     1 |
| >= 12 to < 14      |     3 |
| >= 14 to < 16      |     2 |
| >= 16              |    11 |
+--------------------+-------+
* Control sets can be remapped at either synth_design or opt_design


3. Flip-Flop Distribution
-------------------------

+--------------+-----------------------+------------------------+-----------------+--------------+
| Clock Enable | Synchronous Set/Reset | Asynchronous Set/Reset | Total Registers | Total Slices |
+--------------+-----------------------+------------------------+-----------------+--------------+
| No           | No                    | No                     |             104 |           35 |
| No           | No                    | Yes                    |               0 |            0 |
| No           | Yes                   | No                     |              53 |           18 |
| Yes          | No                    | No                     |             268 |           65 |
| Yes          | No                    | Yes                    |               0 |            0 |
| Yes          | Yes                   | No                     |             194 |           43 |
+--------------+-----------------------+------------------------+-----------------+--------------+


4. Detailed Control Set Information
-----------------------------------

+---------------------------------------------+------------------------------------------------------------------------------------------------------------------------------------------------------------+---------------------------------------------------------------------------------------------------------------------------------------------------+------------------+----------------+
|                 Clock Signal                |                                                                        Enable Signal                                                                       |                                                                  Set/Reset Signal                                                                 | Slice Load Count | Bel Load Count |
+---------------------------------------------+------------------------------------------------------------------------------------------------------------------------------------------------------------+---------------------------------------------------------------------------------------------------------------------------------------------------+------------------+----------------+
|  Demo_i/processing_system7_0/inst/FCLK_CLK0 | Demo_i/ps7_0_axi_periph/s00_couplers/auto_pc/inst/gen_axilite.gen_b2s_conv.axilite_b2s/WR.b_channel_0/bid_fifo_0/bresp_push                                |                                                                                                                                                   |                1 |              2 |
|  Demo_i/processing_system7_0/inst/FCLK_CLK0 |                                                                                                                                                            | Demo_i/rst_ps7_0_50M/U0/EXT_LPF/lpf_int                                                                                                           |                2 |              4 |
|  Demo_i/processing_system7_0/inst/FCLK_CLK0 |                                                                                                                                                            | Demo_i/ps7_0_axi_periph/s00_couplers/auto_pc/inst/gen_axilite.gen_b2s_conv.axilite_b2s/SI_REG/aw.aw_pipe/aresetn_d_reg[0]_0                       |                1 |              4 |
|  Demo_i/processing_system7_0/inst/FCLK_CLK0 |                                                                                                                                                            | Demo_i/ps7_0_axi_periph/s00_couplers/auto_pc/inst/gen_axilite.gen_b2s_conv.axilite_b2s/SI_REG/ar.ar_pipe/aresetn_d_reg[1]_inv_0                   |                2 |              4 |
|  Demo_i/processing_system7_0/inst/FCLK_CLK0 | Demo_i/ps7_0_axi_periph/s00_couplers/auto_pc/inst/gen_axilite.gen_b2s_conv.axilite_b2s/RD.ar_channel_0/ar_cmd_fsm_0/E[0]                                   |                                                                                                                                                   |                2 |              4 |
|  Demo_i/processing_system7_0/inst/FCLK_CLK0 | Demo_i/ps7_0_axi_periph/s00_couplers/auto_pc/inst/gen_axilite.gen_b2s_conv.axilite_b2s/WR.aw_channel_0/aw_cmd_fsm_0/E[0]                                   |                                                                                                                                                   |                2 |              4 |
|  Demo_i/processing_system7_0/inst/FCLK_CLK0 | Demo_i/ps7_0_axi_periph/s00_couplers/auto_pc/inst/gen_axilite.gen_b2s_conv.axilite_b2s/RD.ar_channel_0/ar_cmd_fsm_0/sel_first_reg[0]                       |                                                                                                                                                   |                1 |              4 |
|  Demo_i/processing_system7_0/inst/FCLK_CLK0 | Demo_i/ps7_0_axi_periph/s00_couplers/auto_pc/inst/gen_axilite.gen_b2s_conv.axilite_b2s/WR.aw_channel_0/cmd_translator_0/incr_cmd_0/axaddr_incr[11]_i_1_n_0 |                                                                                                                                                   |                2 |              4 |
|  Demo_i/processing_system7_0/inst/FCLK_CLK0 | Demo_i/ps7_0_axi_periph/s00_couplers/auto_pc/inst/gen_axilite.gen_b2s_conv.axilite_b2s/RD.r_channel_0/transaction_fifo_0/E[0]                              | Demo_i/ps7_0_axi_periph/s00_couplers/auto_pc/inst/gen_axilite.gen_b2s_conv.axilite_b2s/areset_d1                                                  |                2 |              5 |
|  Demo_i/processing_system7_0/inst/FCLK_CLK0 | Demo_i/ps7_0_axi_periph/s00_couplers/auto_pc/inst/gen_axilite.gen_b2s_conv.axilite_b2s/RD.r_channel_0/transaction_fifo_0/cnt_read[4]_i_1__0_n_0            | Demo_i/ps7_0_axi_periph/s00_couplers/auto_pc/inst/gen_axilite.gen_b2s_conv.axilite_b2s/areset_d1                                                  |                1 |              5 |
|  Demo_i/processing_system7_0/inst/FCLK_CLK0 | Demo_i/ps7_0_axi_periph/s00_couplers/auto_pc/inst/gen_axilite.gen_b2s_conv.axilite_b2s/RD.ar_channel_0/ar_cmd_fsm_0/m_axi_arready_0                        | Demo_i/ps7_0_axi_periph/s00_couplers/auto_pc/inst/gen_axilite.gen_b2s_conv.axilite_b2s/RD.ar_channel_0/ar_cmd_fsm_0/FSM_sequential_state_reg[1]_0 |                2 |              5 |
|  Demo_i/processing_system7_0/inst/FCLK_CLK0 | Demo_i/ps7_0_axi_periph/s00_couplers/auto_pc/inst/gen_axilite.gen_b2s_conv.axilite_b2s/WR.aw_channel_0/aw_cmd_fsm_0/m_valid_i_reg_0                        | Demo_i/ps7_0_axi_periph/s00_couplers/auto_pc/inst/gen_axilite.gen_b2s_conv.axilite_b2s/WR.aw_channel_0/aw_cmd_fsm_0/m_valid_i_reg                 |                2 |              5 |
|  Demo_i/processing_system7_0/inst/FCLK_CLK0 | Demo_i/rst_ps7_0_50M/U0/SEQ/seq_cnt_en                                                                                                                     | Demo_i/rst_ps7_0_50M/U0/SEQ/SEQ_COUNTER/clear                                                                                                     |                1 |              6 |
|  Demo_i/processing_system7_0/inst/FCLK_CLK0 | Demo_i/ps7_0_axi_periph/s00_couplers/auto_pc/inst/gen_axilite.gen_b2s_conv.axilite_b2s/WR.b_channel_0/mhandshake_r                                         | Demo_i/ps7_0_axi_periph/s00_couplers/auto_pc/inst/gen_axilite.gen_b2s_conv.axilite_b2s/WR.b_channel_0/bid_fifo_0/SR[0]                            |                3 |              8 |
|  Demo_i/processing_system7_0/inst/FCLK_CLK0 | Demo_i/PwmIp_Demo_0/inst/PwmIp_Demo_v1_0_S00_AXI_inst/slv_reg2[23]_i_1_n_0                                                                                 | Demo_i/PwmIp_Demo_0/inst/PwmIp_Demo_v1_0_S00_AXI_inst/Demo/clear                                                                                  |                1 |              8 |
|  Demo_i/processing_system7_0/inst/FCLK_CLK0 | Demo_i/PwmIp_Demo_0/inst/PwmIp_Demo_v1_0_S00_AXI_inst/slv_reg1[31]_i_1_n_0                                                                                 | Demo_i/PwmIp_Demo_0/inst/PwmIp_Demo_v1_0_S00_AXI_inst/Demo/clear                                                                                  |                1 |              8 |
|  Demo_i/processing_system7_0/inst/FCLK_CLK0 | Demo_i/PwmIp_Demo_0/inst/PwmIp_Demo_v1_0_S00_AXI_inst/slv_reg0[23]_i_1_n_0                                                                                 | Demo_i/PwmIp_Demo_0/inst/PwmIp_Demo_v1_0_S00_AXI_inst/Demo/clear                                                                                  |                1 |              8 |
|  Demo_i/processing_system7_0/inst/FCLK_CLK0 | Demo_i/PwmIp_Demo_0/inst/PwmIp_Demo_v1_0_S00_AXI_inst/slv_reg0[31]_i_1_n_0                                                                                 | Demo_i/PwmIp_Demo_0/inst/PwmIp_Demo_v1_0_S00_AXI_inst/Demo/clear                                                                                  |                2 |              8 |
|  Demo_i/processing_system7_0/inst/FCLK_CLK0 | Demo_i/PwmIp_Demo_0/inst/PwmIp_Demo_v1_0_S00_AXI_inst/slv_reg1[7]_i_1_n_0                                                                                  | Demo_i/PwmIp_Demo_0/inst/PwmIp_Demo_v1_0_S00_AXI_inst/Demo/clear                                                                                  |                1 |              8 |
|  Demo_i/processing_system7_0/inst/FCLK_CLK0 | Demo_i/PwmIp_Demo_0/inst/PwmIp_Demo_v1_0_S00_AXI_inst/slv_reg2[31]_i_1_n_0                                                                                 | Demo_i/PwmIp_Demo_0/inst/PwmIp_Demo_v1_0_S00_AXI_inst/Demo/clear                                                                                  |                1 |              8 |
|  Demo_i/processing_system7_0/inst/FCLK_CLK0 | Demo_i/PwmIp_Demo_0/inst/PwmIp_Demo_v1_0_S00_AXI_inst/slv_reg2[7]_i_1_n_0                                                                                  | Demo_i/PwmIp_Demo_0/inst/PwmIp_Demo_v1_0_S00_AXI_inst/Demo/clear                                                                                  |                1 |              8 |
|  Demo_i/processing_system7_0/inst/FCLK_CLK0 | Demo_i/PwmIp_Demo_0/inst/PwmIp_Demo_v1_0_S00_AXI_inst/slv_reg3[15]_i_1_n_0                                                                                 | Demo_i/PwmIp_Demo_0/inst/PwmIp_Demo_v1_0_S00_AXI_inst/Demo/clear                                                                                  |                1 |              8 |
|  Demo_i/processing_system7_0/inst/FCLK_CLK0 | Demo_i/PwmIp_Demo_0/inst/PwmIp_Demo_v1_0_S00_AXI_inst/slv_reg3[23]_i_1_n_0                                                                                 | Demo_i/PwmIp_Demo_0/inst/PwmIp_Demo_v1_0_S00_AXI_inst/Demo/clear                                                                                  |                1 |              8 |
|  Demo_i/processing_system7_0/inst/FCLK_CLK0 | Demo_i/PwmIp_Demo_0/inst/PwmIp_Demo_v1_0_S00_AXI_inst/slv_reg3[31]_i_1_n_0                                                                                 | Demo_i/PwmIp_Demo_0/inst/PwmIp_Demo_v1_0_S00_AXI_inst/Demo/clear                                                                                  |                1 |              8 |
|  Demo_i/processing_system7_0/inst/FCLK_CLK0 | Demo_i/PwmIp_Demo_0/inst/PwmIp_Demo_v1_0_S00_AXI_inst/slv_reg3[7]_i_1_n_0                                                                                  | Demo_i/PwmIp_Demo_0/inst/PwmIp_Demo_v1_0_S00_AXI_inst/Demo/clear                                                                                  |                1 |              8 |
|  Demo_i/processing_system7_0/inst/FCLK_CLK0 | Demo_i/PwmIp_Demo_0/inst/PwmIp_Demo_v1_0_S00_AXI_inst/slv_reg0[15]_i_1_n_0                                                                                 | Demo_i/PwmIp_Demo_0/inst/PwmIp_Demo_v1_0_S00_AXI_inst/Demo/clear                                                                                  |                2 |              8 |
|  Demo_i/processing_system7_0/inst/FCLK_CLK0 | Demo_i/PwmIp_Demo_0/inst/PwmIp_Demo_v1_0_S00_AXI_inst/slv_reg0[7]_i_1_n_0                                                                                  | Demo_i/PwmIp_Demo_0/inst/PwmIp_Demo_v1_0_S00_AXI_inst/Demo/clear                                                                                  |                2 |              8 |
|  Demo_i/processing_system7_0/inst/FCLK_CLK0 | Demo_i/PwmIp_Demo_0/inst/PwmIp_Demo_v1_0_S00_AXI_inst/slv_reg1[23]_i_1_n_0                                                                                 | Demo_i/PwmIp_Demo_0/inst/PwmIp_Demo_v1_0_S00_AXI_inst/Demo/clear                                                                                  |                2 |              8 |
|  Demo_i/processing_system7_0/inst/FCLK_CLK0 | Demo_i/PwmIp_Demo_0/inst/PwmIp_Demo_v1_0_S00_AXI_inst/slv_reg1[15]_i_1_n_0                                                                                 | Demo_i/PwmIp_Demo_0/inst/PwmIp_Demo_v1_0_S00_AXI_inst/Demo/clear                                                                                  |                1 |              8 |
|  Demo_i/processing_system7_0/inst/FCLK_CLK0 | Demo_i/PwmIp_Demo_0/inst/PwmIp_Demo_v1_0_S00_AXI_inst/slv_reg2[15]_i_1_n_0                                                                                 | Demo_i/PwmIp_Demo_0/inst/PwmIp_Demo_v1_0_S00_AXI_inst/Demo/clear                                                                                  |                3 |              8 |
|  Demo_i/processing_system7_0/inst/FCLK_CLK0 |                                                                                                                                                            | Demo_i/ps7_0_axi_periph/s00_couplers/auto_pc/inst/gen_axilite.gen_b2s_conv.axilite_b2s/areset_d1                                                  |                4 |             10 |
|  Demo_i/processing_system7_0/inst/FCLK_CLK0 | Demo_i/ps7_0_axi_periph/s00_couplers/auto_pc/inst/gen_axilite.gen_b2s_conv.axilite_b2s/RD.ar_channel_0/ar_cmd_fsm_0/m_axi_arready_0                        |                                                                                                                                                   |                6 |             13 |
|  Demo_i/processing_system7_0/inst/FCLK_CLK0 | Demo_i/ps7_0_axi_periph/s00_couplers/auto_pc/inst/gen_axilite.gen_b2s_conv.axilite_b2s/WR.aw_channel_0/aw_cmd_fsm_0/m_valid_i_reg_0                        |                                                                                                                                                   |                5 |             13 |
|  Demo_i/processing_system7_0/inst/FCLK_CLK0 | Demo_i/ps7_0_axi_periph/s00_couplers/auto_pc/inst/gen_axilite.gen_b2s_conv.axilite_b2s/RD.r_channel_0/r_push_r                                             |                                                                                                                                                   |                4 |             13 |
|  Demo_i/processing_system7_0/inst/FCLK_CLK0 | Demo_i/ps7_0_axi_periph/s00_couplers/auto_pc/inst/gen_axilite.gen_b2s_conv.axilite_b2s/SI_REG/b.b_pipe/s_ready_i_reg_0                                     |                                                                                                                                                   |                2 |             14 |
|  Demo_i/processing_system7_0/inst/FCLK_CLK0 | Demo_i/ps7_0_axi_periph/s00_couplers/auto_pc/inst/gen_axilite.gen_b2s_conv.axilite_b2s/SI_REG/b.b_pipe/p_1_in                                              |                                                                                                                                                   |                2 |             14 |
|  Demo_i/processing_system7_0/inst/FCLK_CLK0 | Demo_i/ps7_0_axi_periph/s00_couplers/auto_pc/inst/gen_axilite.gen_b2s_conv.axilite_b2s/WR.aw_channel_0/aw_cmd_fsm_0/b_push                                 |                                                                                                                                                   |                3 |             16 |
|  Demo_i/processing_system7_0/inst/FCLK_CLK0 | Demo_i/ps7_0_axi_periph/s00_couplers/auto_pc/inst/gen_axilite.gen_b2s_conv.axilite_b2s/SI_REG/aw.aw_pipe/s_ready_i_reg_0                                   |                                                                                                                                                   |                5 |             27 |
|  Demo_i/processing_system7_0/inst/FCLK_CLK0 | Demo_i/ps7_0_axi_periph/s00_couplers/auto_pc/inst/gen_axilite.gen_b2s_conv.axilite_b2s/RD.ar_channel_0/ar_cmd_fsm_0/FSM_sequential_state_reg[1]_1[0]       |                                                                                                                                                   |                8 |             27 |
|  Demo_i/processing_system7_0/inst/FCLK_CLK0 | Demo_i/ps7_0_axi_periph/s00_couplers/auto_pc/inst/gen_axilite.gen_b2s_conv.axilite_b2s/WR.aw_channel_0/aw_cmd_fsm_0/m_valid_i_reg_1[0]                     |                                                                                                                                                   |                5 |             27 |
|  Demo_i/processing_system7_0/inst/FCLK_CLK0 | Demo_i/ps7_0_axi_periph/s00_couplers/auto_pc/inst/gen_axilite.gen_b2s_conv.axilite_b2s/SI_REG/ar.ar_pipe/s_ready_i_reg_0                                   |                                                                                                                                                   |                7 |             27 |
|  Demo_i/processing_system7_0/inst/FCLK_CLK0 |                                                                                                                                                            | Demo_i/PwmIp_Demo_0/inst/PwmIp_Demo_v1_0_S00_AXI_inst/Demo/clear                                                                                  |                9 |             31 |
|  Demo_i/processing_system7_0/inst/FCLK_CLK0 | Demo_i/PwmIp_Demo_0/inst/PwmIp_Demo_v1_0_S00_AXI_inst/slv_reg_rden__0                                                                                      | Demo_i/PwmIp_Demo_0/inst/PwmIp_Demo_v1_0_S00_AXI_inst/Demo/clear                                                                                  |               10 |             32 |
|  Demo_i/processing_system7_0/inst/FCLK_CLK0 | Demo_i/ps7_0_axi_periph/s00_couplers/auto_pc/inst/gen_axilite.gen_b2s_conv.axilite_b2s/RD.r_channel_0/rd_data_fifo_0/wr_en0                                |                                                                                                                                                   |                8 |             32 |
|  Demo_i/processing_system7_0/inst/FCLK_CLK0 | Demo_i/ps7_0_axi_periph/s00_couplers/auto_pc/inst/gen_axilite.gen_b2s_conv.axilite_b2s/SI_REG/r.r_pipe/s_ready_i_reg_0                                     |                                                                                                                                                   |                9 |             45 |
|  Demo_i/processing_system7_0/inst/FCLK_CLK0 | Demo_i/ps7_0_axi_periph/s00_couplers/auto_pc/inst/gen_axilite.gen_b2s_conv.axilite_b2s/SI_REG/r.r_pipe/p_1_in                                              |                                                                                                                                                   |                9 |             45 |
|  Demo_i/processing_system7_0/inst/FCLK_CLK0 |                                                                                                                                                            |                                                                                                                                                   |               36 |            105 |
+---------------------------------------------+------------------------------------------------------------------------------------------------------------------------------------------------------------+---------------------------------------------------------------------------------------------------------------------------------------------------+------------------+----------------+


