11:00:52 INFO  : Registering command handlers for SDK TCF services
11:00:53 INFO  : Launching XSCT server: xsct.bat -interactive C:\Speedway\ZynqHW\2017_1\ZynqDesign\ZynqDesign.lab3\temp_xsdb_launch_script.tcl
11:00:56 INFO  : XSCT server has started successfully.
11:00:58 INFO  : Successfully done setting XSCT server connection channel  
11:00:58 INFO  : Successfully done setting SDK workspace  
11:00:58 INFO  : Processing command line option -hwspec C:/Speedway/ZynqHW/2017_1/ZynqDesign/ZynqDesign.lab3/Z_system_wrapper.hdf.
11:02:34 INFO  : 'targets -set -filter {jtag_cable_name =~ "Xilinx openjtag2 1234-oj1A" && level==0} -index 1' command is executed.
11:02:34 INFO  : 'fpga -state' command is executed.
11:02:35 INFO  : Connected to target on host '127.0.0.1' and port '3121'.
11:02:35 INFO  : Jtag cable 'Xilinx openjtag2 1234-oj1A' is selected.
11:02:35 INFO  : 'jtag frequency' command is executed.
11:02:35 INFO  : Sourcing of 'C:/Speedway/ZynqHW/2017_1/ZynqDesign/ZynqDesign.lab3/Z_system_wrapper_hw_platform_0/ps7_init.tcl' is done.
11:02:35 INFO  : Context for 'APU' is selected.
11:02:35 INFO  : 'stop' command is executed.
11:02:36 INFO  : 'ps7_init' command is executed.
11:02:36 INFO  : 'ps7_post_config' command is executed.
11:02:36 INFO  : Context for processor 'ps7_cortexa9_0' is selected.
11:02:36 INFO  : Processor reset is completed for 'ps7_cortexa9_0'.
11:02:36 INFO  : Context for processor 'ps7_cortexa9_0' is selected.
11:02:36 INFO  : The application 'C:/Speedway/ZynqHW/2017_1/ZynqDesign/ZynqDesign.lab3/Hello_World/Debug/Hello_World.elf' is downloaded to processor 'ps7_cortexa9_0'.
11:02:36 INFO  : ----------------XSDB Script----------------
connect -url tcp:127.0.0.1:3121
source C:/Speedway/ZynqHW/2017_1/ZynqDesign/ZynqDesign.lab3/Z_system_wrapper_hw_platform_0/ps7_init.tcl
targets -set -nocase -filter {name =~"APU*" && jtag_cable_name =~ "Xilinx openjtag2 1234-oj1A"} -index 0
stop
ps7_init
ps7_post_config
targets -set -nocase -filter {name =~ "ARM*#0" && jtag_cable_name =~ "Xilinx openjtag2 1234-oj1A"} -index 0
rst -processor
targets -set -nocase -filter {name =~ "ARM*#0" && jtag_cable_name =~ "Xilinx openjtag2 1234-oj1A"} -index 0
dow C:/Speedway/ZynqHW/2017_1/ZynqDesign/ZynqDesign.lab3/Hello_World/Debug/Hello_World.elf
----------------End of Script----------------

11:02:36 INFO  : Memory regions updated for context APU
11:02:36 INFO  : Context for processor 'ps7_cortexa9_0' is selected.
11:02:36 INFO  : 'con' command is executed.
11:02:36 INFO  : ----------------XSDB Script (After Launch)----------------
targets -set -nocase -filter {name =~ "ARM*#0" && jtag_cable_name =~ "Xilinx openjtag2 1234-oj1A"} -index 0
con
----------------End of Script----------------

11:02:36 INFO  : Launch script is exported to file 'C:\Speedway\ZynqHW\2017_1\ZynqDesign\ZynqDesign.lab3\.sdk\launch_scripts\xilinx_c-c++_application_(system_debugger)\system_debugger_using_debug_hello_world.elf_on_local.tcl'
11:04:07 INFO  : Disconnected from the channel tcfchan#1.
11:04:08 INFO  : 'targets -set -filter {jtag_cable_name =~ "Xilinx openjtag2 1234-oj1A" && level==0} -index 1' command is executed.
11:04:08 INFO  : 'fpga -state' command is executed.
11:04:38 INFO  : Connected to target on host '127.0.0.1' and port '3121'.
11:04:38 INFO  : Jtag cable 'Xilinx openjtag2 1234-oj1A' is selected.
11:04:38 INFO  : 'jtag frequency' command is executed.
11:04:38 INFO  : Sourcing of 'C:/Speedway/ZynqHW/2017_1/ZynqDesign/ZynqDesign.lab3/Z_system_wrapper_hw_platform_0/ps7_init.tcl' is done.
11:04:38 INFO  : Context for 'APU' is selected.
11:04:38 INFO  : 'stop' command is executed.
11:04:39 INFO  : 'ps7_init' command is executed.
11:04:39 INFO  : 'ps7_post_config' command is executed.
11:04:39 INFO  : Context for processor 'ps7_cortexa9_0' is selected.
11:04:39 INFO  : Processor reset is completed for 'ps7_cortexa9_0'.
11:04:39 INFO  : Context for processor 'ps7_cortexa9_0' is selected.
11:04:39 INFO  : The application 'C:/Speedway/ZynqHW/2017_1/ZynqDesign/ZynqDesign.lab3/Memory_Tester/Debug/Memory_Tester.elf' is downloaded to processor 'ps7_cortexa9_0'.
11:04:39 INFO  : ----------------XSDB Script----------------
connect -url tcp:127.0.0.1:3121
source C:/Speedway/ZynqHW/2017_1/ZynqDesign/ZynqDesign.lab3/Z_system_wrapper_hw_platform_0/ps7_init.tcl
targets -set -nocase -filter {name =~"APU*" && jtag_cable_name =~ "Xilinx openjtag2 1234-oj1A"} -index 0
stop
ps7_init
ps7_post_config
targets -set -nocase -filter {name =~ "ARM*#0" && jtag_cable_name =~ "Xilinx openjtag2 1234-oj1A"} -index 0
rst -processor
targets -set -nocase -filter {name =~ "ARM*#0" && jtag_cable_name =~ "Xilinx openjtag2 1234-oj1A"} -index 0
dow C:/Speedway/ZynqHW/2017_1/ZynqDesign/ZynqDesign.lab3/Memory_Tester/Debug/Memory_Tester.elf
----------------End of Script----------------

11:04:39 INFO  : Memory regions updated for context APU
11:04:39 INFO  : Context for processor 'ps7_cortexa9_0' is selected.
11:04:39 INFO  : 'con' command is executed.
11:04:39 INFO  : ----------------XSDB Script (After Launch)----------------
targets -set -nocase -filter {name =~ "ARM*#0" && jtag_cable_name =~ "Xilinx openjtag2 1234-oj1A"} -index 0
con
----------------End of Script----------------

11:04:39 INFO  : Launch script is exported to file 'C:\Speedway\ZynqHW\2017_1\ZynqDesign\ZynqDesign.lab3\.sdk\launch_scripts\xilinx_c-c++_application_(system_debugger)\system_debugger_using_debug_memory_tester.elf_on_local.tcl'
11:06:10 INFO  : Disconnected from the channel tcfchan#2.
11:06:11 INFO  : 'targets -set -filter {jtag_cable_name =~ "Xilinx openjtag2 1234-oj1A" && level==0} -index 1' command is executed.
11:06:11 INFO  : 'fpga -state' command is executed.
11:06:12 INFO  : Connected to target on host '127.0.0.1' and port '3121'.
11:06:12 INFO  : Jtag cable 'Xilinx openjtag2 1234-oj1A' is selected.
11:06:12 INFO  : 'jtag frequency' command is executed.
11:06:12 INFO  : Sourcing of 'C:/Speedway/ZynqHW/2017_1/ZynqDesign/ZynqDesign.lab3/Z_system_wrapper_hw_platform_0/ps7_init.tcl' is done.
11:06:12 INFO  : Context for 'APU' is selected.
11:06:12 INFO  : 'stop' command is executed.
11:06:13 INFO  : 'ps7_init' command is executed.
11:06:13 INFO  : 'ps7_post_config' command is executed.
11:06:13 INFO  : Context for processor 'ps7_cortexa9_0' is selected.
11:06:13 INFO  : Processor reset is completed for 'ps7_cortexa9_0'.
11:06:13 INFO  : Context for processor 'ps7_cortexa9_0' is selected.
11:06:13 INFO  : The application 'C:/Speedway/ZynqHW/2017_1/ZynqDesign/ZynqDesign.lab3/Peripheral_Test/Debug/Peripheral_Test.elf' is downloaded to processor 'ps7_cortexa9_0'.
11:06:13 INFO  : ----------------XSDB Script----------------
connect -url tcp:127.0.0.1:3121
source C:/Speedway/ZynqHW/2017_1/ZynqDesign/ZynqDesign.lab3/Z_system_wrapper_hw_platform_0/ps7_init.tcl
targets -set -nocase -filter {name =~"APU*" && jtag_cable_name =~ "Xilinx openjtag2 1234-oj1A"} -index 0
stop
ps7_init
ps7_post_config
targets -set -nocase -filter {name =~ "ARM*#0" && jtag_cable_name =~ "Xilinx openjtag2 1234-oj1A"} -index 0
rst -processor
targets -set -nocase -filter {name =~ "ARM*#0" && jtag_cable_name =~ "Xilinx openjtag2 1234-oj1A"} -index 0
dow C:/Speedway/ZynqHW/2017_1/ZynqDesign/ZynqDesign.lab3/Peripheral_Test/Debug/Peripheral_Test.elf
----------------End of Script----------------

11:06:13 INFO  : Memory regions updated for context APU
11:06:13 INFO  : Context for processor 'ps7_cortexa9_0' is selected.
11:06:13 INFO  : 'con' command is executed.
11:06:13 INFO  : ----------------XSDB Script (After Launch)----------------
targets -set -nocase -filter {name =~ "ARM*#0" && jtag_cable_name =~ "Xilinx openjtag2 1234-oj1A"} -index 0
con
----------------End of Script----------------

11:06:13 INFO  : Launch script is exported to file 'C:\Speedway\ZynqHW\2017_1\ZynqDesign\ZynqDesign.lab3\.sdk\launch_scripts\xilinx_c-c++_application_(system_debugger)\system_debugger_using_debug_peripheral_test.elf_on_local.tcl'
11:20:43 INFO  : Disconnected from the channel tcfchan#3.
