23:43:00 INFO  : Registering command handlers for SDK TCF services
23:43:01 INFO  : Launching XSCT server: xsct.bat -interactive F:\Git_Fpga\FPGA_Starter\Project\LiveCamera\LiveCamera.sdk\temp_xsdb_launch_script.tcl
23:43:05 INFO  : XSCT server has started successfully.
23:43:05 INFO  : Successfully done setting XSCT server connection channel  
23:43:11 INFO  : Successfully done setting SDK workspace  
23:43:11 INFO  : Processing command line option -hwspec F:/Git_Fpga/FPGA_Starter/Project/LiveCamera/LiveCamera.sdk/OV7670_QVGA_wrapper.hdf.
00:01:42 INFO  : Connected to target on host '127.0.0.1' and port '3121'.
00:01:42 INFO  : 'targets -set -filter {jtag_cable_name =~ "Avnet MiniZed V1 1234-oj1A" && level==0} -index 1' command is executed.
00:01:44 INFO  : FPGA configured successfully with bitstream "F:/Git_Fpga/FPGA_Starter/Project/LiveCamera/LiveCamera.sdk/OV7670_QVGA_wrapper_hw_platform_0/OV7670_QVGA_wrapper.bit"
00:01:56 INFO  : 'targets -set -filter {jtag_cable_name =~ "Avnet MiniZed V1 1234-oj1A" && level==0} -index 1' command is executed.
00:01:56 INFO  : 'fpga -state' command is executed.
00:01:56 INFO  : Connected to target on host '127.0.0.1' and port '3121'.
00:01:56 INFO  : Jtag cable 'Avnet MiniZed V1 1234-oj1A' is selected.
00:01:56 INFO  : 'jtag frequency' command is executed.
00:01:56 INFO  : Sourcing of 'F:/Git_Fpga/FPGA_Starter/Project/LiveCamera/LiveCamera.sdk/OV7670_QVGA_wrapper_hw_platform_0/ps7_init.tcl' is done.
00:01:56 INFO  : Context for 'APU' is selected.
00:01:56 INFO  : Hardware design information is loaded from 'F:/Git_Fpga/FPGA_Starter/Project/LiveCamera/LiveCamera.sdk/OV7670_QVGA_wrapper_hw_platform_0/system.hdf'.
00:01:56 INFO  : 'configparams force-mem-access 1' command is executed.
00:01:56 INFO  : Context for 'APU' is selected.
00:01:56 INFO  : 'stop' command is executed.
00:01:57 INFO  : 'ps7_init' command is executed.
00:01:57 INFO  : 'ps7_post_config' command is executed.
00:01:57 INFO  : Context for processor 'ps7_cortexa9_0' is selected.
00:01:57 INFO  : Processor reset is completed for 'ps7_cortexa9_0'.
00:01:57 INFO  : Context for processor 'ps7_cortexa9_0' is selected.
00:01:57 INFO  : The application 'F:/Git_Fpga/FPGA_Starter/Project/LiveCamera/LiveCamera.sdk/liveCamera/Debug/liveCamera.elf' is downloaded to processor 'ps7_cortexa9_0'.
00:01:57 INFO  : 'configparams force-mem-access 0' command is executed.
00:01:57 INFO  : ----------------XSDB Script----------------
connect -url tcp:127.0.0.1:3121
source F:/Git_Fpga/FPGA_Starter/Project/LiveCamera/LiveCamera.sdk/OV7670_QVGA_wrapper_hw_platform_0/ps7_init.tcl
targets -set -nocase -filter {name =~"APU*" && jtag_cable_name =~ "Avnet MiniZed V1 1234-oj1A"} -index 0
loadhw -hw F:/Git_Fpga/FPGA_Starter/Project/LiveCamera/LiveCamera.sdk/OV7670_QVGA_wrapper_hw_platform_0/system.hdf -mem-ranges [list {0x40000000 0xbfffffff}]
configparams force-mem-access 1
targets -set -nocase -filter {name =~"APU*" && jtag_cable_name =~ "Avnet MiniZed V1 1234-oj1A"} -index 0
stop
ps7_init
ps7_post_config
targets -set -nocase -filter {name =~ "ARM*#0" && jtag_cable_name =~ "Avnet MiniZed V1 1234-oj1A"} -index 0
rst -processor
targets -set -nocase -filter {name =~ "ARM*#0" && jtag_cable_name =~ "Avnet MiniZed V1 1234-oj1A"} -index 0
dow F:/Git_Fpga/FPGA_Starter/Project/LiveCamera/LiveCamera.sdk/liveCamera/Debug/liveCamera.elf
configparams force-mem-access 0
----------------End of Script----------------

00:01:57 INFO  : Memory regions updated for context APU
00:01:57 INFO  : Context for processor 'ps7_cortexa9_0' is selected.
00:01:57 INFO  : 'con' command is executed.
00:01:57 INFO  : ----------------XSDB Script (After Launch)----------------
targets -set -nocase -filter {name =~ "ARM*#0" && jtag_cable_name =~ "Avnet MiniZed V1 1234-oj1A"} -index 0
con
----------------End of Script----------------

00:01:57 INFO  : Launch script is exported to file 'F:\Git_Fpga\FPGA_Starter\Project\LiveCamera\LiveCamera.sdk\.sdk\launch_scripts\xilinx_c-c++_application_(system_debugger)\system_debugger_using_debug_livecamera.elf_on_local.tcl'
00:12:00 INFO  : Disconnected from the channel tcfchan#1.
00:39:23 INFO  : Registering command handlers for SDK TCF services
00:39:24 INFO  : Launching XSCT server: xsct.bat -interactive F:\Git_Fpga\FPGA_Starter\Project\LiveCamera\LiveCamera.sdk\temp_xsdb_launch_script.tcl
00:39:28 INFO  : XSCT server has started successfully.
00:39:33 INFO  : Successfully done setting XSCT server connection channel  
00:39:33 INFO  : Successfully done setting SDK workspace  
00:39:33 INFO  : Processing command line option -hwspec F:/Git_Fpga/FPGA_Starter/Project/LiveCamera/LiveCamera.sdk/OV7670_QVGA_wrapper.hdf.
00:39:34 INFO  : Checking for hwspec changes in the project OV7670_QVGA_wrapper_hw_platform_0.
00:39:41 INFO  : SDK has detected change in the last modified timestamps for source hardware specification file Source:1619631296937,  Project:1619282349134
00:39:41 INFO  : The hardware specification for project 'OV7670_QVGA_wrapper_hw_platform_0' is different from F:/Git_Fpga/FPGA_Starter/Project/LiveCamera/LiveCamera.sdk/OV7670_QVGA_wrapper.hdf.
00:39:41 INFO  : Copied contents of F:/Git_Fpga/FPGA_Starter/Project/LiveCamera/LiveCamera.sdk/OV7670_QVGA_wrapper.hdf into \OV7670_QVGA_wrapper_hw_platform_0\system.hdf.
00:39:46 INFO  : Synchronizing projects in the workspace with the hardware platform specification changes.
00:39:52 INFO  : 
00:39:52 INFO  : Updating hardware inferred compiler options for liveCamera.
00:39:52 INFO  : Clearing existing target manager status.
00:40:11 INFO  : Connected to target on host '127.0.0.1' and port '3121'.
00:41:11 INFO  : Connected to target on host '127.0.0.1' and port '3121'.
00:41:11 INFO  : 'targets -set -filter {jtag_cable_name =~ "Avnet MiniZed V1 1234-oj1A" && level==0} -index 1' command is executed.
00:41:13 INFO  : FPGA configured successfully with bitstream "F:/Git_Fpga/FPGA_Starter/Project/LiveCamera/LiveCamera.sdk/OV7670_QVGA_wrapper_hw_platform_0/OV7670_QVGA_wrapper.bit"
00:41:40 INFO  : 'targets -set -filter {jtag_cable_name =~ "Avnet MiniZed V1 1234-oj1A" && level==0} -index 1' command is executed.
00:41:40 INFO  : 'fpga -state' command is executed.
00:41:40 INFO  : Connected to target on host '127.0.0.1' and port '3121'.
00:41:40 INFO  : Jtag cable 'Avnet MiniZed V1 1234-oj1A' is selected.
00:41:40 INFO  : 'jtag frequency' command is executed.
00:41:40 INFO  : Sourcing of 'F:/Git_Fpga/FPGA_Starter/Project/LiveCamera/LiveCamera.sdk/OV7670_QVGA_wrapper_hw_platform_0/ps7_init.tcl' is done.
00:41:40 INFO  : Context for 'APU' is selected.
00:41:40 INFO  : Hardware design information is loaded from 'F:/Git_Fpga/FPGA_Starter/Project/LiveCamera/LiveCamera.sdk/OV7670_QVGA_wrapper_hw_platform_0/system.hdf'.
00:41:40 INFO  : 'configparams force-mem-access 1' command is executed.
00:41:40 INFO  : Context for 'APU' is selected.
00:41:40 INFO  : 'stop' command is executed.
00:41:41 INFO  : 'ps7_init' command is executed.
00:41:41 INFO  : 'ps7_post_config' command is executed.
00:41:41 INFO  : Context for processor 'ps7_cortexa9_0' is selected.
00:41:41 INFO  : Processor reset is completed for 'ps7_cortexa9_0'.
00:41:41 INFO  : Context for processor 'ps7_cortexa9_0' is selected.
00:41:41 INFO  : The application 'F:/Git_Fpga/FPGA_Starter/Project/LiveCamera/LiveCamera.sdk/liveCamera/Debug/liveCamera.elf' is downloaded to processor 'ps7_cortexa9_0'.
00:41:41 INFO  : 'configparams force-mem-access 0' command is executed.
00:41:41 INFO  : ----------------XSDB Script----------------
connect -url tcp:127.0.0.1:3121
source F:/Git_Fpga/FPGA_Starter/Project/LiveCamera/LiveCamera.sdk/OV7670_QVGA_wrapper_hw_platform_0/ps7_init.tcl
targets -set -nocase -filter {name =~"APU*" && jtag_cable_name =~ "Avnet MiniZed V1 1234-oj1A"} -index 0
loadhw -hw F:/Git_Fpga/FPGA_Starter/Project/LiveCamera/LiveCamera.sdk/OV7670_QVGA_wrapper_hw_platform_0/system.hdf -mem-ranges [list {0x40000000 0xbfffffff}]
configparams force-mem-access 1
targets -set -nocase -filter {name =~"APU*" && jtag_cable_name =~ "Avnet MiniZed V1 1234-oj1A"} -index 0
stop
ps7_init
ps7_post_config
targets -set -nocase -filter {name =~ "ARM*#0" && jtag_cable_name =~ "Avnet MiniZed V1 1234-oj1A"} -index 0
rst -processor
targets -set -nocase -filter {name =~ "ARM*#0" && jtag_cable_name =~ "Avnet MiniZed V1 1234-oj1A"} -index 0
dow F:/Git_Fpga/FPGA_Starter/Project/LiveCamera/LiveCamera.sdk/liveCamera/Debug/liveCamera.elf
configparams force-mem-access 0
----------------End of Script----------------

00:41:41 INFO  : Memory regions updated for context APU
00:41:41 INFO  : Context for processor 'ps7_cortexa9_0' is selected.
00:41:41 INFO  : 'con' command is executed.
00:41:41 INFO  : ----------------XSDB Script (After Launch)----------------
targets -set -nocase -filter {name =~ "ARM*#0" && jtag_cable_name =~ "Avnet MiniZed V1 1234-oj1A"} -index 0
con
----------------End of Script----------------

00:41:41 INFO  : Launch script is exported to file 'F:\Git_Fpga\FPGA_Starter\Project\LiveCamera\LiveCamera.sdk\.sdk\launch_scripts\xilinx_c-c++_application_(system_debugger)\system_debugger_using_debug_livecamera.elf_on_local.tcl'
01:00:37 INFO  : Connected to target on host '127.0.0.1' and port '3121'.
01:00:38 INFO  : 'targets -set -filter {jtag_cable_name =~ "Avnet MiniZed V1 1234-oj1A" && level==0} -index 1' command is executed.
01:00:39 INFO  : FPGA configured successfully with bitstream "F:/Git_Fpga/FPGA_Starter/Project/LiveCamera/LiveCamera.sdk/OV7670_QVGA_wrapper_hw_platform_0/OV7670_QVGA_wrapper.bit"
01:00:46 INFO  : Disconnected from the channel tcfchan#1.
01:00:47 INFO  : 'targets -set -filter {jtag_cable_name =~ "Avnet MiniZed V1 1234-oj1A" && level==0} -index 1' command is executed.
01:00:47 INFO  : 'fpga -state' command is executed.
01:00:47 INFO  : Connected to target on host '127.0.0.1' and port '3121'.
01:00:48 INFO  : Jtag cable 'Avnet MiniZed V1 1234-oj1A' is selected.
01:00:48 INFO  : 'jtag frequency' command is executed.
01:00:48 INFO  : Sourcing of 'F:/Git_Fpga/FPGA_Starter/Project/LiveCamera/LiveCamera.sdk/OV7670_QVGA_wrapper_hw_platform_0/ps7_init.tcl' is done.
01:00:48 INFO  : Context for 'APU' is selected.
01:00:51 INFO  : Hardware design information is loaded from 'F:/Git_Fpga/FPGA_Starter/Project/LiveCamera/LiveCamera.sdk/OV7670_QVGA_wrapper_hw_platform_0/system.hdf'.
01:00:51 INFO  : 'configparams force-mem-access 1' command is executed.
01:00:51 INFO  : Context for 'APU' is selected.
01:00:51 INFO  : 'stop' command is executed.
01:00:51 INFO  : 'ps7_init' command is executed.
01:00:51 INFO  : 'ps7_post_config' command is executed.
01:00:51 INFO  : Context for processor 'ps7_cortexa9_0' is selected.
01:00:51 INFO  : Processor reset is completed for 'ps7_cortexa9_0'.
01:00:51 INFO  : Context for processor 'ps7_cortexa9_0' is selected.
01:00:51 INFO  : The application 'F:/Git_Fpga/FPGA_Starter/Project/LiveCamera/LiveCamera.sdk/liveCamera/Debug/liveCamera.elf' is downloaded to processor 'ps7_cortexa9_0'.
01:00:51 INFO  : 'configparams force-mem-access 0' command is executed.
01:00:51 INFO  : ----------------XSDB Script----------------
connect -url tcp:127.0.0.1:3121
source F:/Git_Fpga/FPGA_Starter/Project/LiveCamera/LiveCamera.sdk/OV7670_QVGA_wrapper_hw_platform_0/ps7_init.tcl
targets -set -nocase -filter {name =~"APU*" && jtag_cable_name =~ "Avnet MiniZed V1 1234-oj1A"} -index 0
loadhw -hw F:/Git_Fpga/FPGA_Starter/Project/LiveCamera/LiveCamera.sdk/OV7670_QVGA_wrapper_hw_platform_0/system.hdf -mem-ranges [list {0x40000000 0xbfffffff}]
configparams force-mem-access 1
targets -set -nocase -filter {name =~"APU*" && jtag_cable_name =~ "Avnet MiniZed V1 1234-oj1A"} -index 0
stop
ps7_init
ps7_post_config
targets -set -nocase -filter {name =~ "ARM*#0" && jtag_cable_name =~ "Avnet MiniZed V1 1234-oj1A"} -index 0
rst -processor
targets -set -nocase -filter {name =~ "ARM*#0" && jtag_cable_name =~ "Avnet MiniZed V1 1234-oj1A"} -index 0
dow F:/Git_Fpga/FPGA_Starter/Project/LiveCamera/LiveCamera.sdk/liveCamera/Debug/liveCamera.elf
configparams force-mem-access 0
----------------End of Script----------------

01:00:51 INFO  : Memory regions updated for context APU
01:00:52 INFO  : Context for processor 'ps7_cortexa9_0' is selected.
01:00:52 INFO  : 'con' command is executed.
01:00:52 INFO  : ----------------XSDB Script (After Launch)----------------
targets -set -nocase -filter {name =~ "ARM*#0" && jtag_cable_name =~ "Avnet MiniZed V1 1234-oj1A"} -index 0
con
----------------End of Script----------------

01:00:52 INFO  : Launch script is exported to file 'F:\Git_Fpga\FPGA_Starter\Project\LiveCamera\LiveCamera.sdk\.sdk\launch_scripts\xilinx_c-c++_application_(system_debugger)\system_debugger_using_debug_livecamera.elf_on_local.tcl'
01:05:37 INFO  : Disconnected from the channel tcfchan#2.
