
*** Running vivado
    with args -log PwmIp_Demo_v1_0.vdi -applog -m64 -product Vivado -messageDb vivado.pb -mode batch -source PwmIp_Demo_v1_0.tcl -notrace


****** Vivado v2019.1 (64-bit)
  **** SW Build 2552052 on Fri May 24 14:49:42 MDT 2019
  **** IP Build 2548770 on Fri May 24 18:01:18 MDT 2019
    ** Copyright 1986-2019 Xilinx, Inc. All Rights Reserved.

source PwmIp_Demo_v1_0.tcl -notrace
INFO: [IP_Flow 19-234] Refreshing IP repositories
INFO: [IP_Flow 19-1700] Loaded user IP repository 'f:/ip_repo/PwmIp_Demo_1.0'.
INFO: [IP_Flow 19-2313] Loaded Vivado IP repository 'C:/Xilinx/Vivado/2019.1/data/ip'.
Command: link_design -top PwmIp_Demo_v1_0 -part xc7z007sclg225-1
Design is defaulting to srcset: sources_1
Design is defaulting to constrset: constrs_1
INFO: [Device 21-403] Loading part xc7z007sclg225-1
INFO: [Netlist 29-17] Analyzing 9 Unisim elements for replacement
INFO: [Netlist 29-28] Unisim Transformation completed in 0 CPU seconds
INFO: [Project 1-479] Netlist was created with Vivado 2019.1
INFO: [Project 1-570] Preparing netlist for logic optimization
Netlist sorting complete. Time (s): cpu = 00:00:00 ; elapsed = 00:00:00 . Memory (MB): peak = 624.895 ; gain = 0.000
INFO: [Project 1-111] Unisim Transformation Summary:
No Unisim elements were transformed.

9 Infos, 0 Warnings, 0 Critical Warnings and 0 Errors encountered.
link_design completed successfully
link_design: Time (s): cpu = 00:00:06 ; elapsed = 00:00:07 . Memory (MB): peak = 652.746 ; gain = 358.980
Command: opt_design
Attempting to get a license for feature 'Implementation' and/or device 'xc7z007s'
INFO: [Common 17-349] Got license for feature 'Implementation' and/or device 'xc7z007s'
Running DRC as a precondition to command opt_design

Starting DRC Task
INFO: [DRC 23-27] Running DRC with 2 threads
INFO: [Project 1-461] DRC finished with 0 Errors
INFO: [Project 1-462] Please refer to the DRC report (report_drc) for more information.

Time (s): cpu = 00:00:01 ; elapsed = 00:00:00.678 . Memory (MB): peak = 675.785 ; gain = 23.039

Starting Cache Timing Information Task
INFO: [Timing 38-35] Done setting XDC timing constraints.
Ending Cache Timing Information Task | Checksum: 11a6196d4

Time (s): cpu = 00:00:09 ; elapsed = 00:00:09 . Memory (MB): peak = 1213.746 ; gain = 537.961

Starting Logic Optimization Task

Phase 1 Retarget
INFO: [Opt 31-138] Pushed 0 inverter(s) to 0 load pin(s).
INFO: [Opt 31-49] Retargeted 0 cell(s).
Phase 1 Retarget | Checksum: 11a6196d4

Time (s): cpu = 00:00:00 ; elapsed = 00:00:00.069 . Memory (MB): peak = 1354.203 ; gain = 0.000
INFO: [Opt 31-389] Phase Retarget created 0 cells and removed 0 cells

Phase 2 Constant propagation
INFO: [Opt 31-138] Pushed 0 inverter(s) to 0 load pin(s).
Phase 2 Constant propagation | Checksum: 11a6196d4

Time (s): cpu = 00:00:00 ; elapsed = 00:00:00.078 . Memory (MB): peak = 1354.203 ; gain = 0.000
INFO: [Opt 31-389] Phase Constant propagation created 0 cells and removed 0 cells

Phase 3 Sweep
Phase 3 Sweep | Checksum: d9ec740f

Time (s): cpu = 00:00:00 ; elapsed = 00:00:00.122 . Memory (MB): peak = 1354.203 ; gain = 0.000
INFO: [Opt 31-389] Phase Sweep created 7 cells and removed 0 cells

Phase 4 BUFG optimization
Phase 4 BUFG optimization | Checksum: d9ec740f

Time (s): cpu = 00:00:00 ; elapsed = 00:00:00.137 . Memory (MB): peak = 1354.203 ; gain = 0.000
INFO: [Opt 31-662] Phase BUFG optimization created 0 cells of which 0 are BUFGs and removed 0 cells.

Phase 5 Shift Register Optimization
INFO: [Opt 31-1064] SRL Remap converted 0 SRLs to 0 registers and converted 0 registers of register chains to 0 SRLs
Phase 5 Shift Register Optimization | Checksum: d9ec740f

Time (s): cpu = 00:00:00 ; elapsed = 00:00:00.147 . Memory (MB): peak = 1354.203 ; gain = 0.000
INFO: [Opt 31-389] Phase Shift Register Optimization created 0 cells and removed 0 cells

Phase 6 Post Processing Netlist
Phase 6 Post Processing Netlist | Checksum: 9b17e333

Time (s): cpu = 00:00:00 ; elapsed = 00:00:00.155 . Memory (MB): peak = 1354.203 ; gain = 0.000
INFO: [Opt 31-389] Phase Post Processing Netlist created 0 cells and removed 0 cells
Opt_design Change Summary
=========================


-------------------------------------------------------------------------------------------------------------------------
|  Phase                        |  #Cells created  |  #Cells Removed  |  #Constrained objects preventing optimizations  |
-------------------------------------------------------------------------------------------------------------------------
|  Retarget                     |               0  |               0  |                                              0  |
|  Constant propagation         |               0  |               0  |                                              0  |
|  Sweep                        |               7  |               0  |                                              0  |
|  BUFG optimization            |               0  |               0  |                                              0  |
|  Shift Register Optimization  |               0  |               0  |                                              0  |
|  Post Processing Netlist      |               0  |               0  |                                              0  |
-------------------------------------------------------------------------------------------------------------------------



Starting Connectivity Check Task

Time (s): cpu = 00:00:00 ; elapsed = 00:00:00.001 . Memory (MB): peak = 1354.203 ; gain = 0.000
Ending Logic Optimization Task | Checksum: ec1ae156

Time (s): cpu = 00:00:00 ; elapsed = 00:00:00.172 . Memory (MB): peak = 1354.203 ; gain = 0.000

Starting Power Optimization Task
INFO: [Pwropt 34-132] Skipping clock gating for clocks with a period < 2.00 ns.
Ending Power Optimization Task | Checksum: ec1ae156

Time (s): cpu = 00:00:00 ; elapsed = 00:00:00.016 . Memory (MB): peak = 1354.203 ; gain = 0.000

Starting Final Cleanup Task
Ending Final Cleanup Task | Checksum: ec1ae156

Time (s): cpu = 00:00:00 ; elapsed = 00:00:00.001 . Memory (MB): peak = 1354.203 ; gain = 0.000

Starting Netlist Obfuscation Task
Netlist sorting complete. Time (s): cpu = 00:00:00 ; elapsed = 00:00:00.001 . Memory (MB): peak = 1354.203 ; gain = 0.000
Ending Netlist Obfuscation Task | Checksum: ec1ae156

Time (s): cpu = 00:00:00 ; elapsed = 00:00:00.001 . Memory (MB): peak = 1354.203 ; gain = 0.000
INFO: [Common 17-83] Releasing license: Implementation
26 Infos, 0 Warnings, 0 Critical Warnings and 0 Errors encountered.
opt_design completed successfully
opt_design: Time (s): cpu = 00:00:12 ; elapsed = 00:00:12 . Memory (MB): peak = 1354.203 ; gain = 701.457
Netlist sorting complete. Time (s): cpu = 00:00:00 ; elapsed = 00:00:00 . Memory (MB): peak = 1354.203 ; gain = 0.000
WARNING: [Constraints 18-5210] No constraints selected for write.
Resolution: This message can indicate that there are no constraints for the design, or it can indicate that the used_in flags are set such that the constraints are ignored. This later case is used when running synth_design to not write synthesis constraints to the resulting checkpoint. Instead, project constraints are read when the synthesized design is opened.
INFO: [Common 17-1381] The checkpoint 'f:/Demo/Demo.tmp/pwmip_demo_v1_0_project/PwmIp_Demo_v1_0_project.runs/impl_1/PwmIp_Demo_v1_0_opt.dcp' has been generated.
INFO: [runtcl-4] Executing : report_drc -file PwmIp_Demo_v1_0_drc_opted.rpt -pb PwmIp_Demo_v1_0_drc_opted.pb -rpx PwmIp_Demo_v1_0_drc_opted.rpx
Command: report_drc -file PwmIp_Demo_v1_0_drc_opted.rpt -pb PwmIp_Demo_v1_0_drc_opted.pb -rpx PwmIp_Demo_v1_0_drc_opted.rpx
INFO: [IP_Flow 19-1839] IP Catalog is up to date.
INFO: [DRC 23-27] Running DRC with 2 threads
INFO: [Coretcl 2-168] The results of DRC are in file f:/Demo/Demo.tmp/pwmip_demo_v1_0_project/PwmIp_Demo_v1_0_project.runs/impl_1/PwmIp_Demo_v1_0_drc_opted.rpt.
report_drc completed successfully
Command: place_design
Attempting to get a license for feature 'Implementation' and/or device 'xc7z007s'
INFO: [Common 17-349] Got license for feature 'Implementation' and/or device 'xc7z007s'
INFO: [DRC 23-27] Running DRC with 2 threads
INFO: [Vivado_Tcl 4-198] DRC finished with 0 Errors
INFO: [Vivado_Tcl 4-199] Please refer to the DRC report (report_drc) for more information.
Running DRC as a precondition to command place_design
INFO: [DRC 23-27] Running DRC with 2 threads
INFO: [Vivado_Tcl 4-198] DRC finished with 0 Errors
INFO: [Vivado_Tcl 4-199] Please refer to the DRC report (report_drc) for more information.

Starting Placer Task
INFO: [Place 30-611] Multithreading enabled for place_design using a maximum of 2 CPUs

Phase 1 Placer Initialization

Phase 1.1 Placer Initialization Netlist Sorting
Netlist sorting complete. Time (s): cpu = 00:00:00 ; elapsed = 00:00:00 . Memory (MB): peak = 1354.203 ; gain = 0.000
Phase 1.1 Placer Initialization Netlist Sorting | Checksum: 314299e4

Time (s): cpu = 00:00:00 ; elapsed = 00:00:00.019 . Memory (MB): peak = 1354.203 ; gain = 0.000
Netlist sorting complete. Time (s): cpu = 00:00:00 ; elapsed = 00:00:00 . Memory (MB): peak = 1354.203 ; gain = 0.000

Phase 1.2 IO Placement/ Clock Placement/ Build Placer Device
ERROR: [Place 30-58] IO placement is infeasible. Number of unplaced terminals (70) is greater than number of available sites (54).
The following are banks with available pins: 
 IO Group: 0 with : SioStd: LVCMOS18   VCCO = 1.8 Termination: 0  TermDir:  Out  RangeId: 1 Drv: 12  has only 54 sites available on device, but needs 70 sites.
	Term: s00_axi_rdata[0]
	Term: s00_axi_rdata[1]
	Term: s00_axi_rdata[2]
	Term: s00_axi_rdata[3]
	Term: s00_axi_rdata[4]
	Term: s00_axi_rdata[5]
	Term: s00_axi_rdata[6]
	Term: s00_axi_rdata[7]
	Term: s00_axi_rdata[8]
	Term: s00_axi_rdata[9]
	Term: s00_axi_rdata[10]
	Term: s00_axi_rdata[11]
	Term: s00_axi_rdata[12]
	Term: s00_axi_rdata[13]
	Term: s00_axi_rdata[14]
	Term: s00_axi_rdata[15]
	Term: s00_axi_rdata[16]
	Term: s00_axi_rdata[17]
	Term: s00_axi_rdata[18]
	Term: s00_axi_rdata[19]
	Term: s00_axi_rdata[20]
	Term: s00_axi_rdata[21]
	Term: s00_axi_rdata[22]
	Term: s00_axi_rdata[23]
	Term: s00_axi_rdata[24]
	Term: s00_axi_rdata[25]
	Term: s00_axi_rdata[26]
	Term: s00_axi_rdata[27]
	Term: s00_axi_rdata[28]
	Term: s00_axi_rdata[29]
	Term: s00_axi_rdata[30]
	Term: s00_axi_rdata[31]
	Term: count[0]
	Term: count[1]
	Term: count[2]
	Term: count[3]
	Term: count[4]
	Term: count[5]
	Term: count[6]
	Term: count[7]
	Term: count[8]
	Term: count[9]
	Term: count[10]
	Term: count[11]
	Term: count[12]
	Term: count[13]
	Term: count[14]
	Term: count[15]
	Term: count[16]
	Term: count[17]
	Term: count[18]
	Term: count[19]
	Term: PWM_out[0]
	Term: PWM_out[1]
	Term: PWM_out[2]
	Term: PWM_out[3]
	Term: PWM_out[4]
	Term: PWM_out[5]
	Term: PWM_out[6]
	Term: PWM_out[7]
	Term: s00_axi_bresp[0]
	Term: s00_axi_bresp[1]
	Term: s00_axi_rresp[0]
	Term: s00_axi_rresp[1]
	Term: Interrupt
	Term: s00_axi_arready
	Term: s00_axi_awready
	Term: s00_axi_bvalid
	Term: s00_axi_rvalid
	Term: s00_axi_wready


ERROR: [Place 30-58] IO placement is infeasible. Number of unplaced terminals (116) is greater than number of available sites (54).
The following are banks with available pins: 
 IO Group: 0 with : SioStd: LVCMOS18   VCCO = 1.8 Termination: 0  TermDir:  Out  RangeId: 1 Drv: 12  has only 54 sites available on device, but needs 70 sites.
	Term: s00_axi_rdata[0]
	Term: s00_axi_rdata[1]
	Term: s00_axi_rdata[2]
	Term: s00_axi_rdata[3]
	Term: s00_axi_rdata[4]
	Term: s00_axi_rdata[5]
	Term: s00_axi_rdata[6]
	Term: s00_axi_rdata[7]
	Term: s00_axi_rdata[8]
	Term: s00_axi_rdata[9]
	Term: s00_axi_rdata[10]
	Term: s00_axi_rdata[11]
	Term: s00_axi_rdata[12]
	Term: s00_axi_rdata[13]
	Term: s00_axi_rdata[14]
	Term: s00_axi_rdata[15]
	Term: s00_axi_rdata[16]
	Term: s00_axi_rdata[17]
	Term: s00_axi_rdata[18]
	Term: s00_axi_rdata[19]
	Term: s00_axi_rdata[20]
	Term: s00_axi_rdata[21]
	Term: s00_axi_rdata[22]
	Term: s00_axi_rdata[23]
	Term: s00_axi_rdata[24]
	Term: s00_axi_rdata[25]
	Term: s00_axi_rdata[26]
	Term: s00_axi_rdata[27]
	Term: s00_axi_rdata[28]
	Term: s00_axi_rdata[29]
	Term: s00_axi_rdata[30]
	Term: s00_axi_rdata[31]
	Term: count[0]
	Term: count[1]
	Term: count[2]
	Term: count[3]
	Term: count[4]
	Term: count[5]
	Term: count[6]
	Term: count[7]
	Term: count[8]
	Term: count[9]
	Term: count[10]
	Term: count[11]
	Term: count[12]
	Term: count[13]
	Term: count[14]
	Term: count[15]
	Term: count[16]
	Term: count[17]
	Term: count[18]
	Term: count[19]
	Term: PWM_out[0]
	Term: PWM_out[1]
	Term: PWM_out[2]
	Term: PWM_out[3]
	Term: PWM_out[4]
	Term: PWM_out[5]
	Term: PWM_out[6]
	Term: PWM_out[7]
	Term: s00_axi_bresp[0]
	Term: s00_axi_bresp[1]
	Term: s00_axi_rresp[0]
	Term: s00_axi_rresp[1]
	Term: Interrupt
	Term: s00_axi_arready
	Term: s00_axi_awready
	Term: s00_axi_bvalid
	Term: s00_axi_rvalid
	Term: s00_axi_wready


ERROR: [Place 30-374] IO placer failed to find a solution
Below is the partial placement that can be analyzed to see if any constraint modifications will make the IO placement problem easier to solve.

+-------------------------------------------------------------------------------------------------------------------------------------------------------------------------+
|                                                                     IO Placement : Bank Stats                                                                           |
+----+-------+-------+------------------------------------------------------------------------+------------------------------------------+--------+--------+--------+-----+
| Id | Pins  | Terms |                               Standards                                |                IDelayCtrls               |  VREF  |  VCCO  |   VR   | DCI |
+----+-------+-------+------------------------------------------------------------------------+------------------------------------------+--------+--------+--------+-----+
|  0 |     0 |     0 |                                                                        |                                          |        |        |        |     |
| 34 |    46 |     0 |                                                                        |                                          |        |        |        |     |
| 35 |     8 |     0 |                                                                        |                                          |        |        |        |     |
+----+-------+-------+------------------------------------------------------------------------+------------------------------------------+--------+--------+--------+-----+
|    |    54 |     0 |                                                                        |                                          |        |        |        |     |
+----+-------+-------+------------------------------------------------------------------------+------------------------------------------+--------+--------+--------+-----+

IO Placement:
+--------+----------------------+-----------------+----------------------+----------------------+----------------------+
| BankId |             Terminal | Standard        | Site                 | Pin                  | Attributes           |
+--------+----------------------+-----------------+----------------------+----------------------+----------------------+

INFO: [Timing 38-35] Done setting XDC timing constraints.
Phase 1.2 IO Placement/ Clock Placement/ Build Placer Device | Checksum: 0483b56d

Time (s): cpu = 00:00:00 ; elapsed = 00:00:00.728 . Memory (MB): peak = 1354.203 ; gain = 0.000
Phase 1 Placer Initialization | Checksum: 0483b56d

Time (s): cpu = 00:00:00 ; elapsed = 00:00:00.730 . Memory (MB): peak = 1354.203 ; gain = 0.000
ERROR: [Place 30-99] Placer failed with error: 'IO Clock Placer failed'
Please review all ERROR, CRITICAL WARNING, and WARNING messages during placement to understand the cause for failure.
Ending Placer Task | Checksum: 0483b56d

Time (s): cpu = 00:00:00 ; elapsed = 00:00:00.739 . Memory (MB): peak = 1354.203 ; gain = 0.000
INFO: [Common 17-83] Releasing license: Implementation
41 Infos, 1 Warnings, 0 Critical Warnings and 5 Errors encountered.
place_design failed
ERROR: [Common 17-69] Command failed: Placer could not place all instances
INFO: [Common 17-206] Exiting Vivado at Sun Mar 28 12:23:45 2021...
