
*** Running vivado
    with args -log Z_system_processing_system7_0_0.vds -m64 -product Vivado -mode batch -messageDb vivado.pb -notrace -source Z_system_processing_system7_0_0.tcl


****** Vivado v2017.1 (64-bit)
  **** SW Build 1846317 on Fri Apr 14 18:55:03 MDT 2017
  **** IP Build 1846188 on Fri Apr 14 20:52:08 MDT 2017
    ** Copyright 1986-2017 Xilinx, Inc. All Rights Reserved.

source Z_system_processing_system7_0_0.tcl -notrace
Starting RTL Elaboration : Time (s): cpu = 00:00:06 ; elapsed = 00:00:08 . Memory (MB): peak = 384.793 ; gain = 84.359
INFO: [Synth 8-638] synthesizing module 'Z_system_processing_system7_0_0' [c:/Speedway/ZynqHW/2017_1/ZynqDesign/ZynqDesign.srcs/sources_1/bd/Z_system/ip/Z_system_processing_system7_0_0/synth/Z_system_processing_system7_0_0.v:60]
INFO: [Synth 8-638] synthesizing module 'processing_system7_v5_5_processing_system7' [c:/Speedway/ZynqHW/2017_1/ZynqDesign/ZynqDesign.srcs/sources_1/bd/Z_system/ip/Z_system_processing_system7_0_0/hdl/verilog/processing_system7_v5_5_processing_system7.v:161]
INFO: [Synth 8-638] synthesizing module 'BUFG' [C:/Xilinx/Vivado/2017.1/scripts/rt/data/unisim_comp.v:607]
INFO: [Synth 8-256] done synthesizing module 'BUFG' (1#1) [C:/Xilinx/Vivado/2017.1/scripts/rt/data/unisim_comp.v:607]
INFO: [Synth 8-638] synthesizing module 'BIBUF' [C:/Xilinx/Vivado/2017.1/scripts/rt/data/unisim_comp.v:268]
INFO: [Synth 8-256] done synthesizing module 'BIBUF' (2#1) [C:/Xilinx/Vivado/2017.1/scripts/rt/data/unisim_comp.v:268]
INFO: [Synth 8-638] synthesizing module 'PS7' [C:/Xilinx/Vivado/2017.1/scripts/rt/data/unisim_comp.v:33527]
INFO: [Synth 8-256] done synthesizing module 'PS7' (3#1) [C:/Xilinx/Vivado/2017.1/scripts/rt/data/unisim_comp.v:33527]
INFO: [Synth 8-256] done synthesizing module 'processing_system7_v5_5_processing_system7' (4#1) [c:/Speedway/ZynqHW/2017_1/ZynqDesign/ZynqDesign.srcs/sources_1/bd/Z_system/ip/Z_system_processing_system7_0_0/hdl/verilog/processing_system7_v5_5_processing_system7.v:161]
INFO: [Synth 8-256] done synthesizing module 'Z_system_processing_system7_0_0' (5#1) [c:/Speedway/ZynqHW/2017_1/ZynqDesign/ZynqDesign.srcs/sources_1/bd/Z_system/ip/Z_system_processing_system7_0_0/synth/Z_system_processing_system7_0_0.v:60]
Finished RTL Elaboration : Time (s): cpu = 00:00:09 ; elapsed = 00:00:11 . Memory (MB): peak = 425.875 ; gain = 125.441
Finished RTL Optimization Phase 1 : Time (s): cpu = 00:00:09 ; elapsed = 00:00:12 . Memory (MB): peak = 425.875 ; gain = 125.441
INFO: [Device 21-403] Loading part xc7z007sclg225-1
Constraint Validation Runtime : Time (s): cpu = 00:00:00 ; elapsed = 00:00:00.048 . Memory (MB): peak = 641.668 ; gain = 0.000
Finished Constraint Validation : Time (s): cpu = 00:00:28 ; elapsed = 00:00:35 . Memory (MB): peak = 641.668 ; gain = 341.234
Finished Loading Part and Timing Information : Time (s): cpu = 00:00:28 ; elapsed = 00:00:35 . Memory (MB): peak = 641.668 ; gain = 341.234
Finished applying 'set_property' XDC Constraints : Time (s): cpu = 00:00:28 ; elapsed = 00:00:35 . Memory (MB): peak = 641.668 ; gain = 341.234
Finished RTL Optimization Phase 2 : Time (s): cpu = 00:00:29 ; elapsed = 00:00:37 . Memory (MB): peak = 641.668 ; gain = 341.234
Finished Cross Boundary and Area Optimization : Time (s): cpu = 00:00:30 ; elapsed = 00:00:38 . Memory (MB): peak = 641.668 ; gain = 341.234
Finished Applying XDC Timing Constraints : Time (s): cpu = 00:00:49 ; elapsed = 00:01:00 . Memory (MB): peak = 855.602 ; gain = 555.168
Finished Timing Optimization : Time (s): cpu = 00:00:49 ; elapsed = 00:01:00 . Memory (MB): peak = 871.695 ; gain = 571.262
Finished Technology Mapping : Time (s): cpu = 00:00:51 ; elapsed = 00:01:02 . Memory (MB): peak = 875.762 ; gain = 575.328
Finished IO Insertion : Time (s): cpu = 00:00:54 ; elapsed = 00:01:05 . Memory (MB): peak = 875.762 ; gain = 575.328
Finished Renaming Generated Instances : Time (s): cpu = 00:00:54 ; elapsed = 00:01:05 . Memory (MB): peak = 875.762 ; gain = 575.328
Finished Rebuilding User Hierarchy : Time (s): cpu = 00:00:54 ; elapsed = 00:01:05 . Memory (MB): peak = 875.762 ; gain = 575.328
Finished Renaming Generated Ports : Time (s): cpu = 00:00:54 ; elapsed = 00:01:05 . Memory (MB): peak = 875.762 ; gain = 575.328
Finished Handling Custom Attributes : Time (s): cpu = 00:00:54 ; elapsed = 00:01:05 . Memory (MB): peak = 875.762 ; gain = 575.328
Finished Renaming Generated Nets : Time (s): cpu = 00:00:54 ; elapsed = 00:01:05 . Memory (MB): peak = 875.762 ; gain = 575.328

Report Cell Usage: 
+------+------+------+
|      |Cell  |Count |
+------+------+------+
|1     |BIBUF |    86|
|2     |BUFG  |     1|
|3     |LUT1  |   112|
|4     |PS7   |     1|
+------+------+------+
Finished Writing Synthesis Report : Time (s): cpu = 00:00:54 ; elapsed = 00:01:05 . Memory (MB): peak = 875.762 ; gain = 575.328
synth_design: Time (s): cpu = 00:00:57 ; elapsed = 00:01:11 . Memory (MB): peak = 889.242 ; gain = 592.617
