14:18:11 INFO  : Registering command handlers for SDK TCF services
14:18:11 INFO  : Launching XSCT server: xsct.bat -interactive C:\Speedway\ZynqHW\2017_1\ZynqDesign\ZynqDesign.lab6\temp_xsdb_launch_script.tcl
14:18:14 INFO  : XSCT server has started successfully.
14:18:17 INFO  : Successfully done setting XSCT server connection channel  
14:18:17 INFO  : Successfully done setting SDK workspace  
14:18:17 INFO  : Processing command line option -hwspec C:/Speedway/ZynqHW/2017_1/ZynqDesign/ZynqDesign.lab6/Z_system_wrapper.hdf.
14:24:48 INFO  : Connected to target on host '127.0.0.1' and port '3121'.
14:24:49 INFO  : 'targets -set -filter {jtag_cable_name =~ "Xilinx openjtag2 1234-oj1A" && level==0} -index 1' command is executed.
14:24:51 INFO  : FPGA configured successfully with bitstream "C:/Speedway/ZynqHW/2017_1/ZynqDesign/ZynqDesign.lab6/Z_system_wrapper_hw_platform_0/Z_system_wrapper.bit"
14:25:14 INFO  : 'targets -set -filter {jtag_cable_name =~ "Xilinx openjtag2 1234-oj1A" && level==0} -index 1' command is executed.
14:25:14 INFO  : 'fpga -state' command is executed.
14:25:14 INFO  : Connected to target on host '127.0.0.1' and port '3121'.
14:25:14 INFO  : Jtag cable 'Xilinx openjtag2 1234-oj1A' is selected.
14:25:14 INFO  : 'jtag frequency' command is executed.
14:25:14 INFO  : Sourcing of 'C:/Speedway/ZynqHW/2017_1/ZynqDesign/ZynqDesign.lab6/Z_system_wrapper_hw_platform_0/ps7_init.tcl' is done.
14:25:15 INFO  : Context for 'APU' is selected.
14:25:15 INFO  : 'stop' command is executed.
14:25:15 INFO  : 'ps7_init' command is executed.
14:25:15 INFO  : 'ps7_post_config' command is executed.
14:25:15 INFO  : Context for processor 'ps7_cortexa9_0' is selected.
14:25:15 INFO  : Processor reset is completed for 'ps7_cortexa9_0'.
14:25:15 INFO  : Context for processor 'ps7_cortexa9_0' is selected.
14:25:15 INFO  : The application 'C:/Speedway/ZynqHW/2017_1/ZynqDesign/ZynqDesign.lab6/BRAM_DMA_Test/Debug/BRAM_DMA_Test.elf' is downloaded to processor 'ps7_cortexa9_0'.
14:25:15 INFO  : ----------------XSDB Script----------------
connect -url tcp:127.0.0.1:3121
source C:/Speedway/ZynqHW/2017_1/ZynqDesign/ZynqDesign.lab6/Z_system_wrapper_hw_platform_0/ps7_init.tcl
targets -set -nocase -filter {name =~"APU*" && jtag_cable_name =~ "Xilinx openjtag2 1234-oj1A"} -index 0
stop
ps7_init
ps7_post_config
targets -set -nocase -filter {name =~ "ARM*#0" && jtag_cable_name =~ "Xilinx openjtag2 1234-oj1A"} -index 0
rst -processor
targets -set -nocase -filter {name =~ "ARM*#0" && jtag_cable_name =~ "Xilinx openjtag2 1234-oj1A"} -index 0
dow C:/Speedway/ZynqHW/2017_1/ZynqDesign/ZynqDesign.lab6/BRAM_DMA_Test/Debug/BRAM_DMA_Test.elf
----------------End of Script----------------

14:25:15 INFO  : Memory regions updated for context APU
14:25:15 INFO  : Context for processor 'ps7_cortexa9_0' is selected.
14:25:15 INFO  : 'con' command is executed.
14:25:15 INFO  : ----------------XSDB Script (After Launch)----------------
targets -set -nocase -filter {name =~ "ARM*#0" && jtag_cable_name =~ "Xilinx openjtag2 1234-oj1A"} -index 0
con
----------------End of Script----------------

14:25:15 INFO  : Launch script is exported to file 'C:\Speedway\ZynqHW\2017_1\ZynqDesign\ZynqDesign.lab6\.sdk\launch_scripts\xilinx_c-c++_application_(system_debugger)\system_debugger_using_debug_bram_dma_test.elf_on_local.tcl'
14:26:28 INFO  : Disconnected from the channel tcfchan#1.
