Copyright 1986-2019 Xilinx, Inc. All Rights Reserved.
----------------------------------------------------------------------------------------------
| Tool Version : Vivado v.2019.1 (win64) Build 2552052 Fri May 24 14:49:42 MDT 2019
| Date         : Sun Apr 11 12:00:28 2021
| Host         : DESKTOP-O25IKCM running 64-bit major release  (build 9200)
| Command      : report_control_sets -verbose -file ov7670_controller_control_sets_placed.rpt
| Design       : ov7670_controller
| Device       : xc7z007s
----------------------------------------------------------------------------------------------

Control Set Information

Table of Contents
-----------------
1. Summary
2. Histogram
3. Flip-Flop Distribution
4. Detailed Control Set Information

1. Summary
----------

+----------------------------------------------------------+-------+
|                          Status                          | Count |
+----------------------------------------------------------+-------+
| Total control sets                                       |     9 |
|    Minimum number of control sets                        |     9 |
|    Addition due to synthesis replication                 |     0 |
|    Addition due to physical synthesis replication        |     0 |
| Unused register locations in slices containing registers |    34 |
+----------------------------------------------------------+-------+
* Control sets can be merged at opt_design using control_set_merge or merge_equivalent_drivers
** Run report_qor_suggestions for automated merging and remapping suggestions


2. Histogram
------------

+--------------------+-------+
|       Fanout       | Count |
+--------------------+-------+
| Total control sets |     9 |
| >= 0 to < 4        |     2 |
| >= 4 to < 6        |     2 |
| >= 6 to < 8        |     1 |
| >= 8 to < 10       |     2 |
| >= 10 to < 12      |     0 |
| >= 12 to < 14      |     0 |
| >= 14 to < 16      |     0 |
| >= 16              |     2 |
+--------------------+-------+
* Control sets can be remapped at either synth_design or opt_design


3. Flip-Flop Distribution
-------------------------

+--------------+-----------------------+------------------------+-----------------+--------------+
| Clock Enable | Synchronous Set/Reset | Asynchronous Set/Reset | Total Registers | Total Slices |
+--------------+-----------------------+------------------------+-----------------+--------------+
| No           | No                    | No                     |               7 |            6 |
| No           | No                    | Yes                    |               0 |            0 |
| No           | Yes                   | No                     |               0 |            0 |
| Yes          | No                    | No                     |              63 |           24 |
| Yes          | No                    | Yes                    |               0 |            0 |
| Yes          | Yes                   | No                     |               0 |            0 |
+--------------+-----------------------+------------------------+-----------------+--------------+


4. Detailed Control Set Information
-----------------------------------

+----------------+------------------------------------+------------------+------------------+----------------+
|  Clock Signal  |            Enable Signal           | Set/Reset Signal | Slice Load Count | Bel Load Count |
+----------------+------------------------------------+------------------+------------------+----------------+
|  clk_IBUF_BUFG | Inst_i3c2/i2c_scl_i_1_n_0          |                  |                1 |              1 |
|  clk_IBUF_BUFG | Inst_i3c2/outputs[0]_i_1_n_0       |                  |                1 |              1 |
|  clk_IBUF_BUFG | Inst_i3c2/i2c_bits_left[3]_i_1_n_0 |                  |                1 |              4 |
|  clk_IBUF_BUFG | Inst_i3c2/state[3]_i_1_n_0         |                  |                3 |              4 |
|  clk_IBUF_BUFG |                                    |                  |                6 |              7 |
|  clk_IBUF_BUFG | Inst_i3c2/bitcount[7]_i_1_n_0      |                  |                2 |              8 |
|  clk_IBUF_BUFG | Inst_i3c2/i2c_data0                |                  |                4 |              9 |
|  clk_IBUF_BUFG | Inst_i3c2/delay[15]_i_1_n_0        |                  |                6 |             16 |
|  clk_IBUF_BUFG | Inst_i3c2/pcnext[9]_i_1_n_0        |                  |                6 |             20 |
+----------------+------------------------------------+------------------+------------------+----------------+


