Copyright 1986-2019 Xilinx, Inc. All Rights Reserved.
------------------------------------------------------------------------------------------------
| Tool Version : Vivado v.2019.1 (win64) Build 2552052 Fri May 24 14:49:42 MDT 2019
| Date         : Sun May 30 11:42:43 2021
| Host         : DESKTOP-O25IKCM running 64-bit major release  (build 9200)
| Command      : report_control_sets -verbose -file OV7670_QVGA_wrapper_control_sets_placed.rpt
| Design       : OV7670_QVGA_wrapper
| Device       : xc7z007s
------------------------------------------------------------------------------------------------

Control Set Information

Table of Contents
-----------------
1. Summary
2. Histogram
3. Flip-Flop Distribution
4. Detailed Control Set Information

1. Summary
----------

+----------------------------------------------------------+-------+
|                          Status                          | Count |
+----------------------------------------------------------+-------+
| Total control sets                                       |    83 |
|    Minimum number of control sets                        |    83 |
|    Addition due to synthesis replication                 |     0 |
|    Addition due to physical synthesis replication        |     0 |
| Unused register locations in slices containing registers |   264 |
+----------------------------------------------------------+-------+
* Control sets can be merged at opt_design using control_set_merge or merge_equivalent_drivers
** Run report_qor_suggestions for automated merging and remapping suggestions


2. Histogram
------------

+--------------------+-------+
|       Fanout       | Count |
+--------------------+-------+
| Total control sets |    83 |
| >= 0 to < 4        |     5 |
| >= 4 to < 6        |    18 |
| >= 6 to < 8        |     4 |
| >= 8 to < 10       |    21 |
| >= 10 to < 12      |     6 |
| >= 12 to < 14      |     7 |
| >= 14 to < 16      |     3 |
| >= 16              |    19 |
+--------------------+-------+
* Control sets can be remapped at either synth_design or opt_design


3. Flip-Flop Distribution
-------------------------

+--------------+-----------------------+------------------------+-----------------+--------------+
| Clock Enable | Synchronous Set/Reset | Asynchronous Set/Reset | Total Registers | Total Slices |
+--------------+-----------------------+------------------------+-----------------+--------------+
| No           | No                    | No                     |             179 |           69 |
| No           | No                    | Yes                    |               0 |            0 |
| No           | Yes                   | No                     |             170 |           58 |
| Yes          | No                    | No                     |             371 |          119 |
| Yes          | No                    | Yes                    |               0 |            0 |
| Yes          | Yes                   | No                     |             296 |           99 |
+--------------+-----------------------+------------------------+-----------------+--------------+


4. Detailed Control Set Information
-----------------------------------

+----------------------------------------------------+-------------------------------------------------------------------------------------------------------------------------------------------------------------------+----------------------------------------------------------------------------------------------------------------------------------------------------------+------------------+----------------+
|                    Clock Signal                    |                                                                           Enable Signal                                                                           |                                                                     Set/Reset Signal                                                                     | Slice Load Count | Bel Load Count |
+----------------------------------------------------+-------------------------------------------------------------------------------------------------------------------------------------------------------------------+----------------------------------------------------------------------------------------------------------------------------------------------------------+------------------+----------------+
|  OV7670_QVGA_i/clk_wiz_0/inst/clk_out1             | OV7670_QVGA_i/ov7670_controller_0/inst/Inst_i3c2/outputs[0]_i_1_n_0                                                                                               |                                                                                                                                                          |                1 |              1 |
|  OV7670_QVGA_i/processing_system7_0/inst/FCLK_CLK0 | OV7670_QVGA_i/axi_iic_0/U0/X_IIC/REG_INTERFACE_I/p_3_in                                                                                                           | OV7670_QVGA_i/axi_iic_0/U0/X_IIC/REG_INTERFACE_I/Tx_fifo_rst                                                                                             |                1 |              1 |
|  OV7670_QVGA_i/processing_system7_0/inst/FCLK_CLK0 | OV7670_QVGA_i/axi_iic_0/U0/X_IIC/WRITE_FIFO_CTRL_I/CI                                                                                                             |                                                                                                                                                          |                1 |              2 |
|  OV7670_QVGA_i/processing_system7_0/inst/FCLK_CLK0 | OV7670_QVGA_i/ps7_0_axi_periph/s00_couplers/auto_pc/inst/gen_axilite.gen_b2s_conv.axilite_b2s/WR.b_channel_0/bid_fifo_0/bresp_push                                |                                                                                                                                                          |                1 |              2 |
| ~ARDUINO_IO10_IBUF_BUFG                            |                                                                                                                                                                   | OV7670_QVGA_i/ov7670_capture_0/inst/href_last[6]_i_1_n_0                                                                                                 |                1 |              3 |
|  OV7670_QVGA_i/processing_system7_0/inst/FCLK_CLK0 | OV7670_QVGA_i/axi_iic_0/U0/X_IIC/X_AXI_IPIF_SSP1/AXI_LITE_IPIF_I/I_SLAVE_ATTACHMENT/I_DECODER/Bus2IIC_WrCE[8]                                                     | OV7670_QVGA_i/axi_iic_0/U0/X_IIC/X_AXI_IPIF_SSP1/X_SOFT_RESET/Bus2IIC_Reset                                                                              |                1 |              4 |
|  OV7670_QVGA_i/processing_system7_0/inst/FCLK_CLK0 | OV7670_QVGA_i/axi_iic_0/U0/X_IIC/IIC_CONTROL_I/FSM_sequential_scl_state[3]_i_2_n_0                                                                                | OV7670_QVGA_i/axi_iic_0/U0/X_IIC/REG_INTERFACE_I/cr_i_reg[7]_0                                                                                           |                3 |              4 |
| ~ARDUINO_IO10_IBUF_BUFG                            | OV7670_QVGA_i/ov7670_capture_0/inst/line0                                                                                                                         | OV7670_QVGA_i/ov7670_capture_0/inst/latched_vsync                                                                                                        |                1 |              4 |
|  OV7670_QVGA_i/clk_wiz_0/inst/clk_out1             | OV7670_QVGA_i/ov7670_controller_0/inst/Inst_i3c2/state[3]_i_1_n_0                                                                                                 |                                                                                                                                                          |                3 |              4 |
|  OV7670_QVGA_i/processing_system7_0/inst/FCLK_CLK0 | OV7670_QVGA_i/axi_iic_0/U0/X_IIC/READ_FIFO_I/Rc_Data_Exists                                                                                                       | OV7670_QVGA_i/axi_iic_0/U0/X_IIC/X_AXI_IPIF_SSP1/X_SOFT_RESET/Bus2IIC_Reset                                                                              |                1 |              4 |
|  OV7670_QVGA_i/processing_system7_0/inst/FCLK_CLK0 |                                                                                                                                                                   | OV7670_QVGA_i/axi_iic_0/U0/X_IIC/X_AXI_IPIF_SSP1/AXI_LITE_IPIF_I/I_SLAVE_ATTACHMENT/INCLUDE_DPHASE_TIMER.dpto_cnt[3]_i_1_n_0                             |                1 |              4 |
|  OV7670_QVGA_i/processing_system7_0/inst/FCLK_CLK0 | OV7670_QVGA_i/axi_iic_0/U0/X_IIC/IIC_CONTROL_I/BITCNT/q_int[0]_i_1__1_n_0                                                                                         | OV7670_QVGA_i/axi_iic_0/U0/X_IIC/REG_INTERFACE_I/cr_i_reg[7]_0                                                                                           |                2 |              4 |
|  OV7670_QVGA_i/processing_system7_0/inst/FCLK_CLK0 | OV7670_QVGA_i/axi_iic_0/U0/X_IIC/WRITE_FIFO_CTRL_I/Data_Exists_DFF_0                                                                                              | OV7670_QVGA_i/axi_iic_0/U0/X_IIC/REG_INTERFACE_I/Tx_fifo_rst                                                                                             |                1 |              4 |
|  OV7670_QVGA_i/clk_wiz_0/inst/clk_out1             | OV7670_QVGA_i/ov7670_controller_0/inst/Inst_i3c2/i2c_bits_left[3]_i_1_n_0                                                                                         |                                                                                                                                                          |                1 |              4 |
|  OV7670_QVGA_i/processing_system7_0/inst/FCLK_CLK0 |                                                                                                                                                                   | OV7670_QVGA_i/ps7_0_axi_periph/s00_couplers/auto_pc/inst/gen_axilite.gen_b2s_conv.axilite_b2s/SI_REG/ar.ar_pipe/aresetn_d_reg[1]_inv_0                   |                3 |              4 |
|  OV7670_QVGA_i/processing_system7_0/inst/FCLK_CLK0 |                                                                                                                                                                   | OV7670_QVGA_i/rst_ps7_0_50M/U0/EXT_LPF/lpf_int                                                                                                           |                2 |              4 |
|  OV7670_QVGA_i/processing_system7_0/inst/FCLK_CLK0 |                                                                                                                                                                   | OV7670_QVGA_i/ps7_0_axi_periph/s00_couplers/auto_pc/inst/gen_axilite.gen_b2s_conv.axilite_b2s/SI_REG/aw.aw_pipe/aresetn_d_reg[0]_0                       |                1 |              4 |
|  OV7670_QVGA_i/processing_system7_0/inst/FCLK_CLK0 | OV7670_QVGA_i/axi_iic_0/U0/X_IIC/WRITE_FIFO_I/Tx_data_exists                                                                                                      | OV7670_QVGA_i/axi_iic_0/U0/X_IIC/REG_INTERFACE_I/Tx_fifo_rst                                                                                             |                1 |              4 |
|  OV7670_QVGA_i/processing_system7_0/inst/FCLK_CLK0 | OV7670_QVGA_i/ps7_0_axi_periph/s00_couplers/auto_pc/inst/gen_axilite.gen_b2s_conv.axilite_b2s/RD.r_channel_0/transaction_fifo_0/E[0]                              | OV7670_QVGA_i/ps7_0_axi_periph/s00_couplers/auto_pc/inst/gen_axilite.gen_b2s_conv.axilite_b2s/areset_d1                                                  |                2 |              5 |
|  OV7670_QVGA_i/processing_system7_0/inst/FCLK_CLK0 | OV7670_QVGA_i/ps7_0_axi_periph/s00_couplers/auto_pc/inst/gen_axilite.gen_b2s_conv.axilite_b2s/RD.r_channel_0/transaction_fifo_0/cnt_read[4]_i_1__0_n_0            | OV7670_QVGA_i/ps7_0_axi_periph/s00_couplers/auto_pc/inst/gen_axilite.gen_b2s_conv.axilite_b2s/areset_d1                                                  |                2 |              5 |
|  OV7670_QVGA_i/processing_system7_0/inst/FCLK_CLK0 | OV7670_QVGA_i/ps7_0_axi_periph/s00_couplers/auto_pc/inst/gen_axilite.gen_b2s_conv.axilite_b2s/WR.aw_channel_0/aw_cmd_fsm_0/m_valid_i_reg_0                        | OV7670_QVGA_i/ps7_0_axi_periph/s00_couplers/auto_pc/inst/gen_axilite.gen_b2s_conv.axilite_b2s/WR.aw_channel_0/aw_cmd_fsm_0/m_valid_i_reg                 |                2 |              5 |
|  OV7670_QVGA_i/processing_system7_0/inst/FCLK_CLK0 | OV7670_QVGA_i/axi_iic_0/U0/X_IIC/X_AXI_IPIF_SSP1/AXI_LITE_IPIF_I/I_SLAVE_ATTACHMENT/I_DECODER/Bus2IIC_WrCE[11]                                                    | OV7670_QVGA_i/axi_iic_0/U0/X_IIC/X_AXI_IPIF_SSP1/X_SOFT_RESET/Bus2IIC_Reset                                                                              |                1 |              5 |
|  OV7670_QVGA_i/processing_system7_0/inst/FCLK_CLK0 | OV7670_QVGA_i/ps7_0_axi_periph/s00_couplers/auto_pc/inst/gen_axilite.gen_b2s_conv.axilite_b2s/RD.ar_channel_0/ar_cmd_fsm_0/m_axi_arready_0                        | OV7670_QVGA_i/ps7_0_axi_periph/s00_couplers/auto_pc/inst/gen_axilite.gen_b2s_conv.axilite_b2s/RD.ar_channel_0/ar_cmd_fsm_0/FSM_sequential_state_reg[1]_0 |                2 |              5 |
|  OV7670_QVGA_i/processing_system7_0/inst/FCLK_CLK0 | OV7670_QVGA_i/rst_ps7_0_50M/U0/SEQ/seq_cnt_en                                                                                                                     | OV7670_QVGA_i/rst_ps7_0_50M/U0/SEQ/SEQ_COUNTER/clear                                                                                                     |                1 |              6 |
|  OV7670_QVGA_i/processing_system7_0/inst/FCLK_CLK0 |                                                                                                                                                                   | OV7670_QVGA_i/axi_iic_0/U0/X_IIC/REG_INTERFACE_I/Tx_fifo_rst                                                                                             |                3 |              6 |
|  OV7670_QVGA_i/processing_system7_0/inst/FCLK_CLK0 |                                                                                                                                                                   | OV7670_QVGA_i/axi_iic_0/U0/X_IIC/X_AXI_IPIF_SSP1/X_SOFT_RESET/AXI_Bus2IP_Reset                                                                           |                2 |              6 |
|  OV7670_QVGA_i/processing_system7_0/inst/FCLK_CLK0 | OV7670_QVGA_i/axi_iic_0/U0/X_IIC/X_AXI_IPIF_SSP1/AXI_LITE_IPIF_I/I_SLAVE_ATTACHMENT/I_DECODER/Bus2IIC_WrCE[9]                                                     | OV7670_QVGA_i/axi_iic_0/U0/X_IIC/X_AXI_IPIF_SSP1/X_SOFT_RESET/Bus2IIC_Reset                                                                              |                2 |              7 |
|  OV7670_QVGA_i/clk_wiz_0/inst/clk_out1             |                                                                                                                                                                   |                                                                                                                                                          |                7 |              8 |
|  OV7670_QVGA_i/processing_system7_0/inst/FCLK_CLK0 | OV7670_QVGA_i/axi_iic_0/U0/X_IIC/DYN_MASTER_I/rdByteCntr[0]_i_1_n_0                                                                                               | OV7670_QVGA_i/axi_iic_0/U0/X_IIC/REG_INTERFACE_I/Tx_fifo_rst                                                                                             |                3 |              8 |
|  OV7670_QVGA_i/processing_system7_0/inst/FCLK_CLK0 | OV7670_QVGA_i/axi_iic_0/U0/X_IIC/READ_FIFO_I/CI                                                                                                                   |                                                                                                                                                          |                1 |              8 |
|  OV7670_QVGA_i/processing_system7_0/inst/FCLK_CLK0 | OV7670_QVGA_i/axi_iic_0/U0/X_IIC/X_AXI_IPIF_SSP1/AXI_LITE_IPIF_I/I_SLAVE_ATTACHMENT/I_DECODER/E[0]                                                                | OV7670_QVGA_i/axi_iic_0/U0/X_IIC/X_AXI_IPIF_SSP1/X_SOFT_RESET/Bus2IIC_Reset                                                                              |                2 |              8 |
|  OV7670_QVGA_i/processing_system7_0/inst/FCLK_CLK0 | OV7670_QVGA_i/ps7_0_axi_periph/s00_couplers/auto_pc/inst/gen_axilite.gen_b2s_conv.axilite_b2s/WR.b_channel_0/mhandshake_r                                         | OV7670_QVGA_i/ps7_0_axi_periph/s00_couplers/auto_pc/inst/gen_axilite.gen_b2s_conv.axilite_b2s/WR.b_channel_0/bid_fifo_0/SR[0]                            |                3 |              8 |
|  OV7670_QVGA_i/processing_system7_0/inst/FCLK_CLK0 | OV7670_QVGA_i/axi_iic_0/U0/X_IIC/IIC_CONTROL_I/I2CDATA_REG/data_int[7]_i_1_n_0                                                                                    | OV7670_QVGA_i/axi_iic_0/U0/X_IIC/REG_INTERFACE_I/cr_i_reg[7]_0                                                                                           |                2 |              8 |
|  OV7670_QVGA_i/processing_system7_0/inst/FCLK_CLK0 | OV7670_QVGA_i/axi_iic_0/U0/X_IIC/WRITE_FIFO_I/CI                                                                                                                  |                                                                                                                                                          |                1 |              8 |
|  OV7670_QVGA_i/processing_system7_0/inst/FCLK_CLK0 | OV7670_QVGA_i/axi_iic_0/U0/X_IIC/IIC_CONTROL_I/data_i2c_i0                                                                                                        | OV7670_QVGA_i/axi_iic_0/U0/X_IIC/REG_INTERFACE_I/cr_i_reg[7]_0                                                                                           |                1 |              8 |
|  OV7670_QVGA_i/clk_wiz_0/inst/clk_out1             | OV7670_QVGA_i/ov7670_controller_0/inst/Inst_i3c2/bitcount[7]_i_1_n_0                                                                                              |                                                                                                                                                          |                5 |              8 |
|  OV7670_QVGA_i/processing_system7_0/inst/FCLK_CLK0 | OV7670_QVGA_i/axi_iic_0/U0/X_IIC/IIC_CONTROL_I/i2c_header_en                                                                                                      | OV7670_QVGA_i/axi_iic_0/U0/X_IIC/REG_INTERFACE_I/cr_i_reg[7]_0                                                                                           |                2 |              8 |
|  OV7670_QVGA_i/processing_system7_0/inst/FCLK_CLK0 | OV7670_QVGA_i/axi_iic_0/U0/X_IIC/X_AXI_IPIF_SSP1/AXI_LITE_IPIF_I/I_SLAVE_ATTACHMENT/I_DECODER/Bus2IIC_WrCE[3]                                                     | OV7670_QVGA_i/axi_iic_0/U0/X_IIC/X_AXI_IPIF_SSP1/X_SOFT_RESET/Bus2IIC_Reset                                                                              |                3 |              9 |
|  OV7670_QVGA_i/processing_system7_0/inst/FCLK_CLK0 | OV7670_QVGA_i/axi_iic_0/U0/X_IIC/X_AXI_IPIF_SSP1/AXI_LITE_IPIF_I/I_SLAVE_ATTACHMENT/I_DECODER/Bus2IIC_WrCE[5]                                                     | OV7670_QVGA_i/axi_iic_0/U0/X_IIC/X_AXI_IPIF_SSP1/X_SOFT_RESET/Bus2IIC_Reset                                                                              |                4 |              9 |
|  OV7670_QVGA_i/processing_system7_0/inst/FCLK_CLK0 | OV7670_QVGA_i/axi_iic_0/U0/X_IIC/X_AXI_IPIF_SSP1/AXI_LITE_IPIF_I/I_SLAVE_ATTACHMENT/I_DECODER/Bus2IIC_WrCE[6]                                                     | OV7670_QVGA_i/axi_iic_0/U0/X_IIC/X_AXI_IPIF_SSP1/X_SOFT_RESET/Bus2IIC_Reset                                                                              |                5 |              9 |
|  OV7670_QVGA_i/processing_system7_0/inst/FCLK_CLK0 | OV7670_QVGA_i/axi_iic_0/U0/X_IIC/X_AXI_IPIF_SSP1/AXI_LITE_IPIF_I/I_SLAVE_ATTACHMENT/I_DECODER/Bus2IIC_WrCE[4]                                                     | OV7670_QVGA_i/axi_iic_0/U0/X_IIC/X_AXI_IPIF_SSP1/X_SOFT_RESET/Bus2IIC_Reset                                                                              |                3 |              9 |
|  OV7670_QVGA_i/processing_system7_0/inst/FCLK_CLK0 | OV7670_QVGA_i/axi_iic_0/U0/X_IIC/X_AXI_IPIF_SSP1/AXI_LITE_IPIF_I/I_SLAVE_ATTACHMENT/I_DECODER/Bus2IIC_WrCE[2]                                                     | OV7670_QVGA_i/axi_iic_0/U0/X_IIC/X_AXI_IPIF_SSP1/X_SOFT_RESET/Bus2IIC_Reset                                                                              |                3 |              9 |
|  OV7670_QVGA_i/processing_system7_0/inst/FCLK_CLK0 | OV7670_QVGA_i/axi_iic_0/U0/X_IIC/IIC_CONTROL_I/CLKCNT/q_int[0]_i_1__0_n_0                                                                                         | OV7670_QVGA_i/axi_iic_0/U0/X_IIC/REG_INTERFACE_I/cr_i_reg[7]_0                                                                                           |                4 |              9 |
|  OV7670_QVGA_i/processing_system7_0/inst/FCLK_CLK0 | OV7670_QVGA_i/axi_iic_0/U0/X_IIC/IIC_CONTROL_I/SETUP_CNT/q_int[0]_i_1_n_0                                                                                         | OV7670_QVGA_i/axi_iic_0/U0/X_IIC/REG_INTERFACE_I/cr_i_reg[7]_0                                                                                           |                2 |              9 |
|  OV7670_QVGA_i/processing_system7_0/inst/FCLK_CLK0 | OV7670_QVGA_i/axi_iic_0/U0/X_IIC/X_AXI_IPIF_SSP1/AXI_LITE_IPIF_I/I_SLAVE_ATTACHMENT/I_DECODER/Bus2IIC_WrCE[0]                                                     | OV7670_QVGA_i/axi_iic_0/U0/X_IIC/X_AXI_IPIF_SSP1/X_SOFT_RESET/Bus2IIC_Reset                                                                              |                2 |              9 |
|  OV7670_QVGA_i/clk_wiz_0/inst/clk_out1             | OV7670_QVGA_i/ov7670_controller_0/inst/Inst_i3c2/i2c_data0                                                                                                        |                                                                                                                                                          |                5 |              9 |
|  OV7670_QVGA_i/processing_system7_0/inst/FCLK_CLK0 | OV7670_QVGA_i/axi_iic_0/U0/X_IIC/X_AXI_IPIF_SSP1/AXI_LITE_IPIF_I/I_SLAVE_ATTACHMENT/I_DECODER/Bus2IIC_WrCE[1]                                                     | OV7670_QVGA_i/axi_iic_0/U0/X_IIC/X_AXI_IPIF_SSP1/X_SOFT_RESET/Bus2IIC_Reset                                                                              |                3 |              9 |
|  OV7670_QVGA_i/processing_system7_0/inst/FCLK_CLK0 | OV7670_QVGA_i/axi_iic_0/U0/X_IIC/X_AXI_IPIF_SSP1/AXI_LITE_IPIF_I/I_SLAVE_ATTACHMENT/I_DECODER/Bus2IIC_WrCE[7]                                                     | OV7670_QVGA_i/axi_iic_0/U0/X_IIC/X_AXI_IPIF_SSP1/X_SOFT_RESET/Bus2IIC_Reset                                                                              |                3 |              9 |
|  OV7670_QVGA_i/processing_system7_0/inst/FCLK_CLK0 |                                                                                                                                                                   | OV7670_QVGA_i/ps7_0_axi_periph/s00_couplers/auto_pc/inst/gen_axilite.gen_b2s_conv.axilite_b2s/areset_d1                                                  |                3 |             10 |
|  OV7670_QVGA_i/clk_wiz_0/inst/clk_out2             | OV7670_QVGA_i/VGA_0/inst/eqOp                                                                                                                                     | OV7670_QVGA_i/VGA_0/inst/Vcnt                                                                                                                            |                5 |             10 |
|  OV7670_QVGA_i/processing_system7_0/inst/FCLK_CLK0 | OV7670_QVGA_i/axi_iic_0/U0/X_IIC/X_AXI_IPIF_SSP1/AXI_LITE_IPIF_I/I_SLAVE_ATTACHMENT/bus2ip_addr_i[8]_i_1_n_0                                                      | OV7670_QVGA_i/axi_iic_0/U0/X_IIC/X_AXI_IPIF_SSP1/AXI_LITE_IPIF_I/I_SLAVE_ATTACHMENT/rst                                                                  |                4 |             10 |
|  OV7670_QVGA_i/clk_wiz_0/inst/clk_out2             |                                                                                                                                                                   | OV7670_QVGA_i/VGA_0/inst/eqOp                                                                                                                            |                4 |             10 |
|  OV7670_QVGA_i/processing_system7_0/inst/FCLK_CLK0 | OV7670_QVGA_i/ps7_0_axi_periph/s00_couplers/auto_pc/inst/gen_axilite.gen_b2s_conv.axilite_b2s/RD.r_channel_0/rd_data_fifo_0/wr_en0                                |                                                                                                                                                          |                3 |             11 |
|  OV7670_QVGA_i/processing_system7_0/inst/FCLK_CLK0 | OV7670_QVGA_i/axi_iic_0/U0/X_IIC/X_AXI_IPIF_SSP1/AXI_LITE_IPIF_I/I_SLAVE_ATTACHMENT/s_axi_rresp_i                                                                 | OV7670_QVGA_i/axi_iic_0/U0/X_IIC/X_AXI_IPIF_SSP1/AXI_LITE_IPIF_I/I_SLAVE_ATTACHMENT/rst                                                                  |                5 |             11 |
| ~ARDUINO_IO10_IBUF_BUFG                            |                                                                                                                                                                   |                                                                                                                                                          |                5 |             12 |
|  OV7670_QVGA_i/processing_system7_0/inst/FCLK_CLK0 | OV7670_QVGA_i/ps7_0_axi_periph/s00_couplers/auto_pc/inst/gen_axilite.gen_b2s_conv.axilite_b2s/RD.ar_channel_0/ar_cmd_fsm_0/sel_first_reg[0]                       |                                                                                                                                                          |                2 |             12 |
|  OV7670_QVGA_i/processing_system7_0/inst/FCLK_CLK0 | OV7670_QVGA_i/ps7_0_axi_periph/s00_couplers/auto_pc/inst/gen_axilite.gen_b2s_conv.axilite_b2s/WR.aw_channel_0/aw_cmd_fsm_0/E[0]                                   |                                                                                                                                                          |                4 |             12 |
|  OV7670_QVGA_i/processing_system7_0/inst/FCLK_CLK0 | OV7670_QVGA_i/ps7_0_axi_periph/s00_couplers/auto_pc/inst/gen_axilite.gen_b2s_conv.axilite_b2s/WR.aw_channel_0/cmd_translator_0/incr_cmd_0/axaddr_incr[11]_i_1_n_0 |                                                                                                                                                          |                2 |             12 |
|  OV7670_QVGA_i/processing_system7_0/inst/FCLK_CLK0 | OV7670_QVGA_i/ps7_0_axi_periph/s00_couplers/auto_pc/inst/gen_axilite.gen_b2s_conv.axilite_b2s/RD.ar_channel_0/ar_cmd_fsm_0/E[0]                                   |                                                                                                                                                          |                7 |             12 |
|  OV7670_QVGA_i/processing_system7_0/inst/FCLK_CLK0 |                                                                                                                                                                   | OV7670_QVGA_i/axi_iic_0/U0/X_IIC/X_AXI_IPIF_SSP1/AXI_LITE_IPIF_I/I_SLAVE_ATTACHMENT/rst                                                                  |                6 |             12 |
|  OV7670_QVGA_i/processing_system7_0/inst/FCLK_CLK0 | OV7670_QVGA_i/ps7_0_axi_periph/s00_couplers/auto_pc/inst/gen_axilite.gen_b2s_conv.axilite_b2s/RD.r_channel_0/r_push_r                                             |                                                                                                                                                          |                4 |             13 |
|  OV7670_QVGA_i/processing_system7_0/inst/FCLK_CLK0 | OV7670_QVGA_i/ps7_0_axi_periph/s00_couplers/auto_pc/inst/gen_axilite.gen_b2s_conv.axilite_b2s/SI_REG/b.b_pipe/p_1_in                                              |                                                                                                                                                          |                2 |             14 |
|  OV7670_QVGA_i/processing_system7_0/inst/FCLK_CLK0 | OV7670_QVGA_i/ps7_0_axi_periph/s00_couplers/auto_pc/inst/gen_axilite.gen_b2s_conv.axilite_b2s/SI_REG/b.b_pipe/s_ready_i_reg_0                                     |                                                                                                                                                          |                2 |             14 |
| ~ARDUINO_IO10_IBUF_BUFG                            | OV7670_QVGA_i/ov7670_capture_0/inst/latched_href                                                                                                                  |                                                                                                                                                          |                8 |             15 |
|  OV7670_QVGA_i/processing_system7_0/inst/FCLK_CLK0 | OV7670_QVGA_i/ps7_0_axi_periph/s00_couplers/auto_pc/inst/gen_axilite.gen_b2s_conv.axilite_b2s/WR.aw_channel_0/aw_cmd_fsm_0/b_push                                 |                                                                                                                                                          |                3 |             16 |
|  OV7670_QVGA_i/clk_wiz_0/inst/clk_out1             | OV7670_QVGA_i/ov7670_controller_0/inst/Inst_i3c2/delay[15]_i_1_n_0                                                                                                |                                                                                                                                                          |                7 |             16 |
|  OV7670_QVGA_i/clk_wiz_0/inst/clk_out2             |                                                                                                                                                                   |                                                                                                                                                          |                9 |             16 |
| ~ARDUINO_IO10_IBUF_BUFG                            | OV7670_QVGA_i/ov7670_capture_0/inst/we                                                                                                                            | OV7670_QVGA_i/ov7670_capture_0/inst/latched_vsync                                                                                                        |                5 |             18 |
|  OV7670_QVGA_i/clk_wiz_0/inst/clk_out2             | OV7670_QVGA_i/Address_Generator_0/inst/val                                                                                                                        | OV7670_QVGA_i/Address_Generator_0/inst/clear                                                                                                             |                5 |             18 |
|  OV7670_QVGA_i/clk_wiz_0/inst/clk_out1             | OV7670_QVGA_i/ov7670_controller_0/inst/Inst_i3c2/pcnext[9]_i_1_n_0                                                                                                |                                                                                                                                                          |                6 |             20 |
|  OV7670_QVGA_i/processing_system7_0/inst/FCLK_CLK0 | OV7670_QVGA_i/ps7_0_axi_periph/s00_couplers/auto_pc/inst/gen_axilite.gen_b2s_conv.axilite_b2s/RD.ar_channel_0/ar_cmd_fsm_0/m_axi_arready_0                        |                                                                                                                                                          |               10 |             21 |
|  OV7670_QVGA_i/processing_system7_0/inst/FCLK_CLK0 | OV7670_QVGA_i/ps7_0_axi_periph/s00_couplers/auto_pc/inst/gen_axilite.gen_b2s_conv.axilite_b2s/WR.aw_channel_0/aw_cmd_fsm_0/m_valid_i_reg_0                        |                                                                                                                                                          |               10 |             21 |
|  OV7670_QVGA_i/processing_system7_0/inst/FCLK_CLK0 | OV7670_QVGA_i/ps7_0_axi_periph/s00_couplers/auto_pc/inst/gen_axilite.gen_b2s_conv.axilite_b2s/SI_REG/r.r_pipe/p_1_in                                              |                                                                                                                                                          |                6 |             24 |
|  OV7670_QVGA_i/processing_system7_0/inst/FCLK_CLK0 | OV7670_QVGA_i/ps7_0_axi_periph/s00_couplers/auto_pc/inst/gen_axilite.gen_b2s_conv.axilite_b2s/SI_REG/r.r_pipe/s_ready_i_reg_0                                     |                                                                                                                                                          |                7 |             24 |
|  OV7670_QVGA_i/clk_wiz_0/inst/clk_out1             |                                                                                                                                                                   | OV7670_QVGA_i/debounce_0/inst/clear                                                                                                                      |                6 |             24 |
|  OV7670_QVGA_i/processing_system7_0/inst/FCLK_CLK0 | OV7670_QVGA_i/axi_iic_0/U0/X_IIC/X_AXI_IPIF_SSP1/AXI_LITE_IPIF_I/I_SLAVE_ATTACHMENT/start2                                                                        | OV7670_QVGA_i/axi_iic_0/U0/X_IIC/X_AXI_IPIF_SSP1/AXI_LITE_IPIF_I/I_SLAVE_ATTACHMENT/I_DECODER/cs_ce_clr                                                  |                7 |             24 |
|  OV7670_QVGA_i/processing_system7_0/inst/FCLK_CLK0 | OV7670_QVGA_i/ps7_0_axi_periph/s00_couplers/auto_pc/inst/gen_axilite.gen_b2s_conv.axilite_b2s/RD.ar_channel_0/ar_cmd_fsm_0/FSM_sequential_state_reg[1]_1[0]       |                                                                                                                                                          |                9 |             32 |
|  OV7670_QVGA_i/processing_system7_0/inst/FCLK_CLK0 | OV7670_QVGA_i/ps7_0_axi_periph/s00_couplers/auto_pc/inst/gen_axilite.gen_b2s_conv.axilite_b2s/SI_REG/aw.aw_pipe/s_ready_i_reg_0                                   |                                                                                                                                                          |                7 |             32 |
|  OV7670_QVGA_i/processing_system7_0/inst/FCLK_CLK0 | OV7670_QVGA_i/ps7_0_axi_periph/s00_couplers/auto_pc/inst/gen_axilite.gen_b2s_conv.axilite_b2s/WR.aw_channel_0/aw_cmd_fsm_0/m_valid_i_reg_1[0]                     |                                                                                                                                                          |                6 |             32 |
|  OV7670_QVGA_i/processing_system7_0/inst/FCLK_CLK0 | OV7670_QVGA_i/ps7_0_axi_periph/s00_couplers/auto_pc/inst/gen_axilite.gen_b2s_conv.axilite_b2s/SI_REG/ar.ar_pipe/s_ready_i_reg_0                                   |                                                                                                                                                          |                9 |             32 |
|  OV7670_QVGA_i/processing_system7_0/inst/FCLK_CLK0 |                                                                                                                                                                   | OV7670_QVGA_i/axi_iic_0/U0/X_IIC/REG_INTERFACE_I/cr_i_reg[7]_0                                                                                           |               14 |             41 |
|  OV7670_QVGA_i/processing_system7_0/inst/FCLK_CLK0 |                                                                                                                                                                   | OV7670_QVGA_i/axi_iic_0/U0/X_IIC/X_AXI_IPIF_SSP1/X_SOFT_RESET/Bus2IIC_Reset                                                                              |               12 |             42 |
|  OV7670_QVGA_i/processing_system7_0/inst/FCLK_CLK0 |                                                                                                                                                                   |                                                                                                                                                          |               49 |            144 |
+----------------------------------------------------+-------------------------------------------------------------------------------------------------------------------------------------------------------------------+----------------------------------------------------------------------------------------------------------------------------------------------------------+------------------+----------------+


