09:31:05 INFO  : Registering command handlers for SDK TCF services
09:31:06 INFO  : Launching XSCT server: xsct.bat -interactive C:\Speedway\ZynqHW\2017_1\ZynqDesign\ZynqDesign.sdk\temp_xsdb_launch_script.tcl
09:31:09 INFO  : XSCT server has started successfully.
09:31:09 INFO  : Successfully done setting XSCT server connection channel  
09:31:13 INFO  : Successfully done setting SDK workspace  
09:31:13 INFO  : Processing command line option -hwspec C:/Speedway/ZynqHW/2017_1/ZynqDesign/ZynqDesign.sdk/Z_system_wrapper.hdf.
09:52:40 INFO  : 'targets -set -filter {jtag_cable_name =~ "Xilinx openjtag2 1234-oj1A" && level==0} -index 1' command is executed.
09:52:40 INFO  : 'fpga -state' command is executed.
09:53:07 INFO  : Memory regions updated for context APU
09:53:28 INFO  : 'targets -set -filter {jtag_cable_name =~ "Xilinx openjtag2 1234-oj1A" && level==0} -index 1' command is executed.
09:53:28 INFO  : 'fpga -state' command is executed.
09:54:19 INFO  : Connected to target on host '127.0.0.1' and port '3121'.
09:54:19 INFO  : Jtag cable 'Xilinx openjtag2 1234-oj1A' is selected.
09:54:19 INFO  : 'jtag frequency' command is executed.
09:54:19 INFO  : Sourcing of 'C:/Speedway/ZynqHW/2017_1/ZynqDesign/ZynqDesign.sdk/Z_system_wrapper_hw_platform_0/ps7_init.tcl' is done.
09:54:19 INFO  : Context for 'APU' is selected.
09:54:19 INFO  : 'stop' command is executed.
09:54:19 INFO  : 'ps7_init' command is executed.
09:54:19 INFO  : 'ps7_post_config' command is executed.
09:54:19 INFO  : Context for processor 'ps7_cortexa9_0' is selected.
09:54:19 INFO  : Processor reset is completed for 'ps7_cortexa9_0'.
09:54:19 INFO  : Context for processor 'ps7_cortexa9_0' is selected.
09:54:19 INFO  : The application 'C:/Speedway/ZynqHW/2017_1/ZynqDesign/ZynqDesign.sdk/Hello_World/Debug/Hello_World.elf' is downloaded to processor 'ps7_cortexa9_0'.
09:54:19 INFO  : ----------------XSDB Script----------------
connect -url tcp:127.0.0.1:3121
source C:/Speedway/ZynqHW/2017_1/ZynqDesign/ZynqDesign.sdk/Z_system_wrapper_hw_platform_0/ps7_init.tcl
targets -set -nocase -filter {name =~"APU*" && jtag_cable_name =~ "Xilinx openjtag2 1234-oj1A"} -index 0
stop
ps7_init
ps7_post_config
targets -set -nocase -filter {name =~ "ARM*#0" && jtag_cable_name =~ "Xilinx openjtag2 1234-oj1A"} -index 0
rst -processor
targets -set -nocase -filter {name =~ "ARM*#0" && jtag_cable_name =~ "Xilinx openjtag2 1234-oj1A"} -index 0
dow C:/Speedway/ZynqHW/2017_1/ZynqDesign/ZynqDesign.sdk/Hello_World/Debug/Hello_World.elf
----------------End of Script----------------

09:54:19 INFO  : Memory regions updated for context APU
09:54:20 INFO  : Context for processor 'ps7_cortexa9_0' is selected.
09:54:20 INFO  : 'con' command is executed.
09:54:20 INFO  : ----------------XSDB Script (After Launch)----------------
targets -set -nocase -filter {name =~ "ARM*#0" && jtag_cable_name =~ "Xilinx openjtag2 1234-oj1A"} -index 0
con
----------------End of Script----------------

09:54:20 INFO  : Launch script is exported to file 'C:\Speedway\ZynqHW\2017_1\ZynqDesign\ZynqDesign.sdk\.sdk\launch_scripts\xilinx_c-c++_application_(system_debugger)\system_debugger_using_debug_hello_world.elf_on_local.tcl'
09:55:37 INFO  : Disconnected from the channel tcfchan#1.
