
*** Running vivado
    with args -log OV7670_QVGA_blk_mem_gen_0_0.vds -m64 -product Vivado -mode batch -messageDb vivado.pb -notrace -source OV7670_QVGA_blk_mem_gen_0_0.tcl


****** Vivado v2019.1 (64-bit)
  **** SW Build 2552052 on Fri May 24 14:49:42 MDT 2019
  **** IP Build 2548770 on Fri May 24 18:01:18 MDT 2019
    ** Copyright 1986-2019 Xilinx, Inc. All Rights Reserved.

source OV7670_QVGA_blk_mem_gen_0_0.tcl -notrace
Command: synth_design -top OV7670_QVGA_blk_mem_gen_0_0 -part xc7z007sclg225-1 -mode out_of_context
Starting synth_design
Attempting to get a license for feature 'Synthesis' and/or device 'xc7z007s'
INFO: [Common 17-349] Got license for feature 'Synthesis' and/or device 'xc7z007s'
INFO: [Device 21-403] Loading part xc7z007sclg225-1
INFO: Launching helper process for spawning children vivado processes
INFO: Helper process launched with PID 8356 
---------------------------------------------------------------------------------
Starting RTL Elaboration : Time (s): cpu = 00:00:08 ; elapsed = 00:00:10 . Memory (MB): peak = 846.004 ; gain = 177.465
---------------------------------------------------------------------------------
INFO: [Synth 8-638] synthesizing module 'OV7670_QVGA_blk_mem_gen_0_0' [f:/Git_Fpga/FPGA_Starter/Project/LiveCamera/LiveCamera.srcs/sources_1/bd/OV7670_QVGA/ip/OV7670_QVGA_blk_mem_gen_0_0/synth/OV7670_QVGA_blk_mem_gen_0_0.vhd:71]
	Parameter C_FAMILY bound to: zynq - type: string 
	Parameter C_XDEVICEFAMILY bound to: zynq - type: string 
	Parameter C_ELABORATION_DIR bound to: ./ - type: string 
	Parameter C_INTERFACE_TYPE bound to: 0 - type: integer 
	Parameter C_AXI_TYPE bound to: 1 - type: integer 
	Parameter C_AXI_SLAVE_TYPE bound to: 0 - type: integer 
	Parameter C_USE_BRAM_BLOCK bound to: 0 - type: integer 
	Parameter C_ENABLE_32BIT_ADDRESS bound to: 0 - type: integer 
	Parameter C_CTRL_ECC_ALGO bound to: NONE - type: string 
	Parameter C_HAS_AXI_ID bound to: 0 - type: integer 
	Parameter C_AXI_ID_WIDTH bound to: 4 - type: integer 
	Parameter C_MEM_TYPE bound to: 1 - type: integer 
	Parameter C_BYTE_SIZE bound to: 9 - type: integer 
	Parameter C_ALGORITHM bound to: 1 - type: integer 
	Parameter C_PRIM_TYPE bound to: 1 - type: integer 
	Parameter C_LOAD_INIT_FILE bound to: 0 - type: integer 
	Parameter C_INIT_FILE_NAME bound to: no_coe_file_loaded - type: string 
	Parameter C_INIT_FILE bound to: NONE - type: string 
	Parameter C_USE_DEFAULT_DATA bound to: 0 - type: integer 
	Parameter C_DEFAULT_DATA bound to: 0 - type: string 
	Parameter C_HAS_RSTA bound to: 0 - type: integer 
	Parameter C_RST_PRIORITY_A bound to: CE - type: string 
	Parameter C_RSTRAM_A bound to: 0 - type: integer 
	Parameter C_INITA_VAL bound to: 0 - type: string 
	Parameter C_HAS_ENA bound to: 0 - type: integer 
	Parameter C_HAS_REGCEA bound to: 0 - type: integer 
	Parameter C_USE_BYTE_WEA bound to: 0 - type: integer 
	Parameter C_WEA_WIDTH bound to: 1 - type: integer 
	Parameter C_WRITE_MODE_A bound to: NO_CHANGE - type: string 
	Parameter C_WRITE_WIDTH_A bound to: 12 - type: integer 
	Parameter C_READ_WIDTH_A bound to: 12 - type: integer 
	Parameter C_WRITE_DEPTH_A bound to: 131071 - type: integer 
	Parameter C_READ_DEPTH_A bound to: 131071 - type: integer 
	Parameter C_ADDRA_WIDTH bound to: 17 - type: integer 
	Parameter C_HAS_RSTB bound to: 0 - type: integer 
	Parameter C_RST_PRIORITY_B bound to: CE - type: string 
	Parameter C_RSTRAM_B bound to: 0 - type: integer 
	Parameter C_INITB_VAL bound to: 0 - type: string 
	Parameter C_HAS_ENB bound to: 0 - type: integer 
	Parameter C_HAS_REGCEB bound to: 0 - type: integer 
	Parameter C_USE_BYTE_WEB bound to: 0 - type: integer 
	Parameter C_WEB_WIDTH bound to: 1 - type: integer 
	Parameter C_WRITE_MODE_B bound to: WRITE_FIRST - type: string 
	Parameter C_WRITE_WIDTH_B bound to: 12 - type: integer 
	Parameter C_READ_WIDTH_B bound to: 12 - type: integer 
	Parameter C_WRITE_DEPTH_B bound to: 131071 - type: integer 
	Parameter C_READ_DEPTH_B bound to: 131071 - type: integer 
	Parameter C_ADDRB_WIDTH bound to: 17 - type: integer 
	Parameter C_HAS_MEM_OUTPUT_REGS_A bound to: 0 - type: integer 
	Parameter C_HAS_MEM_OUTPUT_REGS_B bound to: 1 - type: integer 
	Parameter C_HAS_MUX_OUTPUT_REGS_A bound to: 0 - type: integer 
	Parameter C_HAS_MUX_OUTPUT_REGS_B bound to: 0 - type: integer 
	Parameter C_MUX_PIPELINE_STAGES bound to: 0 - type: integer 
	Parameter C_HAS_SOFTECC_INPUT_REGS_A bound to: 0 - type: integer 
	Parameter C_HAS_SOFTECC_OUTPUT_REGS_B bound to: 0 - type: integer 
	Parameter C_USE_SOFTECC bound to: 0 - type: integer 
	Parameter C_USE_ECC bound to: 0 - type: integer 
	Parameter C_EN_ECC_PIPE bound to: 0 - type: integer 
	Parameter C_READ_LATENCY_A bound to: 1 - type: integer 
	Parameter C_READ_LATENCY_B bound to: 1 - type: integer 
	Parameter C_HAS_INJECTERR bound to: 0 - type: integer 
	Parameter C_SIM_COLLISION_CHECK bound to: ALL - type: string 
	Parameter C_COMMON_CLK bound to: 0 - type: integer 
	Parameter C_DISABLE_WARN_BHV_COLL bound to: 0 - type: integer 
	Parameter C_EN_SLEEP_PIN bound to: 0 - type: integer 
	Parameter C_USE_URAM bound to: 0 - type: integer 
	Parameter C_EN_RDADDRA_CHG bound to: 0 - type: integer 
	Parameter C_EN_RDADDRB_CHG bound to: 0 - type: integer 
	Parameter C_EN_DEEPSLEEP_PIN bound to: 0 - type: integer 
	Parameter C_EN_SHUTDOWN_PIN bound to: 0 - type: integer 
	Parameter C_EN_SAFETY_CKT bound to: 0 - type: integer 
	Parameter C_DISABLE_WARN_BHV_RANGE bound to: 0 - type: integer 
	Parameter C_COUNT_36K_BRAM bound to: 44 - type: string 
	Parameter C_COUNT_18K_BRAM bound to: 0 - type: string 
	Parameter C_EST_POWER_SUMMARY bound to: Estimated Power for IP     :     17.081228 mW - type: string 
INFO: [Synth 8-3491] module 'blk_mem_gen_v8_4_3' declared at 'f:/Git_Fpga/FPGA_Starter/Project/LiveCamera/LiveCamera.srcs/sources_1/bd/OV7670_QVGA/ipshared/c001/hdl/blk_mem_gen_v8_4_vhsyn_rfs.vhd:195321' bound to instance 'U0' of component 'blk_mem_gen_v8_4_3' [f:/Git_Fpga/FPGA_Starter/Project/LiveCamera/LiveCamera.srcs/sources_1/bd/OV7670_QVGA/ip/OV7670_QVGA_blk_mem_gen_0_0/synth/OV7670_QVGA_blk_mem_gen_0_0.vhd:239]
INFO: [Synth 8-256] done synthesizing module 'OV7670_QVGA_blk_mem_gen_0_0' (11#1) [f:/Git_Fpga/FPGA_Starter/Project/LiveCamera/LiveCamera.srcs/sources_1/bd/OV7670_QVGA/ip/OV7670_QVGA_blk_mem_gen_0_0/synth/OV7670_QVGA_blk_mem_gen_0_0.vhd:71]
WARNING: [Synth 8-3331] design blk_mem_gen_mux__parameterized0 has unconnected port MUX_RST[0]
WARNING: [Synth 8-3331] design blk_mem_gen_mux__parameterized0 has unconnected port MEM_LAT_RST
WARNING: [Synth 8-3331] design blk_mem_gen_mux__parameterized0 has unconnected port MUX_REGCE[0]
WARNING: [Synth 8-3331] design blk_mem_gen_mux__parameterized0 has unconnected port WE
WARNING: [Synth 8-3331] design blk_mem_gen_mux__parameterized0 has unconnected port ADDR_IN[16]
WARNING: [Synth 8-3331] design blk_mem_gen_mux__parameterized0 has unconnected port ADDR_IN[15]
WARNING: [Synth 8-3331] design blk_mem_gen_mux__parameterized0 has unconnected port ADDR_IN[14]
WARNING: [Synth 8-3331] design blk_mem_gen_mux__parameterized0 has unconnected port ADDR_IN[13]
WARNING: [Synth 8-3331] design blk_mem_gen_mux__parameterized0 has unconnected port ADDR_IN[12]
WARNING: [Synth 8-3331] design blk_mem_gen_mux__parameterized0 has unconnected port ADDR_IN[11]
WARNING: [Synth 8-3331] design blk_mem_gen_mux__parameterized0 has unconnected port ADDR_IN[10]
WARNING: [Synth 8-3331] design blk_mem_gen_mux__parameterized0 has unconnected port ADDR_IN[9]
WARNING: [Synth 8-3331] design blk_mem_gen_mux__parameterized0 has unconnected port ADDR_IN[8]
WARNING: [Synth 8-3331] design blk_mem_gen_mux__parameterized0 has unconnected port ADDR_IN[7]
WARNING: [Synth 8-3331] design blk_mem_gen_mux__parameterized0 has unconnected port ADDR_IN[6]
WARNING: [Synth 8-3331] design blk_mem_gen_mux__parameterized0 has unconnected port ADDR_IN[5]
WARNING: [Synth 8-3331] design blk_mem_gen_mux__parameterized0 has unconnected port ADDR_IN[4]
WARNING: [Synth 8-3331] design blk_mem_gen_mux__parameterized0 has unconnected port ADDR_IN[3]
WARNING: [Synth 8-3331] design blk_mem_gen_mux__parameterized0 has unconnected port ADDR_IN[2]
WARNING: [Synth 8-3331] design blk_mem_gen_mux__parameterized0 has unconnected port ADDR_IN[1]
WARNING: [Synth 8-3331] design blk_mem_gen_mux__parameterized0 has unconnected port ADDR_IN[0]
WARNING: [Synth 8-3331] design blk_mem_gen_mux__parameterized0 has unconnected port SBITERRIN[383]
WARNING: [Synth 8-3331] design blk_mem_gen_mux__parameterized0 has unconnected port SBITERRIN[382]
WARNING: [Synth 8-3331] design blk_mem_gen_mux__parameterized0 has unconnected port SBITERRIN[381]
WARNING: [Synth 8-3331] design blk_mem_gen_mux__parameterized0 has unconnected port SBITERRIN[380]
WARNING: [Synth 8-3331] design blk_mem_gen_mux__parameterized0 has unconnected port SBITERRIN[379]
WARNING: [Synth 8-3331] design blk_mem_gen_mux__parameterized0 has unconnected port SBITERRIN[378]
WARNING: [Synth 8-3331] design blk_mem_gen_mux__parameterized0 has unconnected port SBITERRIN[377]
WARNING: [Synth 8-3331] design blk_mem_gen_mux__parameterized0 has unconnected port SBITERRIN[376]
WARNING: [Synth 8-3331] design blk_mem_gen_mux__parameterized0 has unconnected port SBITERRIN[375]
WARNING: [Synth 8-3331] design blk_mem_gen_mux__parameterized0 has unconnected port SBITERRIN[374]
WARNING: [Synth 8-3331] design blk_mem_gen_mux__parameterized0 has unconnected port SBITERRIN[373]
WARNING: [Synth 8-3331] design blk_mem_gen_mux__parameterized0 has unconnected port SBITERRIN[372]
WARNING: [Synth 8-3331] design blk_mem_gen_mux__parameterized0 has unconnected port SBITERRIN[371]
WARNING: [Synth 8-3331] design blk_mem_gen_mux__parameterized0 has unconnected port SBITERRIN[370]
WARNING: [Synth 8-3331] design blk_mem_gen_mux__parameterized0 has unconnected port SBITERRIN[369]
WARNING: [Synth 8-3331] design blk_mem_gen_mux__parameterized0 has unconnected port SBITERRIN[368]
WARNING: [Synth 8-3331] design blk_mem_gen_mux__parameterized0 has unconnected port SBITERRIN[367]
WARNING: [Synth 8-3331] design blk_mem_gen_mux__parameterized0 has unconnected port SBITERRIN[366]
WARNING: [Synth 8-3331] design blk_mem_gen_mux__parameterized0 has unconnected port SBITERRIN[365]
WARNING: [Synth 8-3331] design blk_mem_gen_mux__parameterized0 has unconnected port SBITERRIN[364]
WARNING: [Synth 8-3331] design blk_mem_gen_mux__parameterized0 has unconnected port SBITERRIN[363]
WARNING: [Synth 8-3331] design blk_mem_gen_mux__parameterized0 has unconnected port SBITERRIN[362]
WARNING: [Synth 8-3331] design blk_mem_gen_mux__parameterized0 has unconnected port SBITERRIN[361]
WARNING: [Synth 8-3331] design blk_mem_gen_mux__parameterized0 has unconnected port SBITERRIN[360]
WARNING: [Synth 8-3331] design blk_mem_gen_mux__parameterized0 has unconnected port SBITERRIN[359]
WARNING: [Synth 8-3331] design blk_mem_gen_mux__parameterized0 has unconnected port SBITERRIN[358]
WARNING: [Synth 8-3331] design blk_mem_gen_mux__parameterized0 has unconnected port SBITERRIN[357]
WARNING: [Synth 8-3331] design blk_mem_gen_mux__parameterized0 has unconnected port SBITERRIN[356]
WARNING: [Synth 8-3331] design blk_mem_gen_mux__parameterized0 has unconnected port SBITERRIN[355]
WARNING: [Synth 8-3331] design blk_mem_gen_mux__parameterized0 has unconnected port SBITERRIN[354]
WARNING: [Synth 8-3331] design blk_mem_gen_mux__parameterized0 has unconnected port SBITERRIN[353]
WARNING: [Synth 8-3331] design blk_mem_gen_mux__parameterized0 has unconnected port SBITERRIN[352]
WARNING: [Synth 8-3331] design blk_mem_gen_mux__parameterized0 has unconnected port SBITERRIN[351]
WARNING: [Synth 8-3331] design blk_mem_gen_mux__parameterized0 has unconnected port SBITERRIN[350]
WARNING: [Synth 8-3331] design blk_mem_gen_mux__parameterized0 has unconnected port SBITERRIN[349]
WARNING: [Synth 8-3331] design blk_mem_gen_mux__parameterized0 has unconnected port SBITERRIN[348]
WARNING: [Synth 8-3331] design blk_mem_gen_mux__parameterized0 has unconnected port SBITERRIN[347]
WARNING: [Synth 8-3331] design blk_mem_gen_mux__parameterized0 has unconnected port SBITERRIN[346]
WARNING: [Synth 8-3331] design blk_mem_gen_mux__parameterized0 has unconnected port SBITERRIN[345]
WARNING: [Synth 8-3331] design blk_mem_gen_mux__parameterized0 has unconnected port SBITERRIN[344]
WARNING: [Synth 8-3331] design blk_mem_gen_mux__parameterized0 has unconnected port SBITERRIN[343]
WARNING: [Synth 8-3331] design blk_mem_gen_mux__parameterized0 has unconnected port SBITERRIN[342]
WARNING: [Synth 8-3331] design blk_mem_gen_mux__parameterized0 has unconnected port SBITERRIN[341]
WARNING: [Synth 8-3331] design blk_mem_gen_mux__parameterized0 has unconnected port SBITERRIN[340]
WARNING: [Synth 8-3331] design blk_mem_gen_mux__parameterized0 has unconnected port SBITERRIN[339]
WARNING: [Synth 8-3331] design blk_mem_gen_mux__parameterized0 has unconnected port SBITERRIN[338]
WARNING: [Synth 8-3331] design blk_mem_gen_mux__parameterized0 has unconnected port SBITERRIN[337]
WARNING: [Synth 8-3331] design blk_mem_gen_mux__parameterized0 has unconnected port SBITERRIN[336]
WARNING: [Synth 8-3331] design blk_mem_gen_mux__parameterized0 has unconnected port SBITERRIN[335]
WARNING: [Synth 8-3331] design blk_mem_gen_mux__parameterized0 has unconnected port SBITERRIN[334]
WARNING: [Synth 8-3331] design blk_mem_gen_mux__parameterized0 has unconnected port SBITERRIN[333]
WARNING: [Synth 8-3331] design blk_mem_gen_mux__parameterized0 has unconnected port SBITERRIN[332]
WARNING: [Synth 8-3331] design blk_mem_gen_mux__parameterized0 has unconnected port SBITERRIN[331]
WARNING: [Synth 8-3331] design blk_mem_gen_mux__parameterized0 has unconnected port SBITERRIN[330]
WARNING: [Synth 8-3331] design blk_mem_gen_mux__parameterized0 has unconnected port SBITERRIN[329]
WARNING: [Synth 8-3331] design blk_mem_gen_mux__parameterized0 has unconnected port SBITERRIN[328]
WARNING: [Synth 8-3331] design blk_mem_gen_mux__parameterized0 has unconnected port SBITERRIN[327]
WARNING: [Synth 8-3331] design blk_mem_gen_mux__parameterized0 has unconnected port SBITERRIN[326]
WARNING: [Synth 8-3331] design blk_mem_gen_mux__parameterized0 has unconnected port SBITERRIN[325]
WARNING: [Synth 8-3331] design blk_mem_gen_mux__parameterized0 has unconnected port SBITERRIN[324]
WARNING: [Synth 8-3331] design blk_mem_gen_mux__parameterized0 has unconnected port SBITERRIN[323]
WARNING: [Synth 8-3331] design blk_mem_gen_mux__parameterized0 has unconnected port SBITERRIN[322]
WARNING: [Synth 8-3331] design blk_mem_gen_mux__parameterized0 has unconnected port SBITERRIN[321]
WARNING: [Synth 8-3331] design blk_mem_gen_mux__parameterized0 has unconnected port SBITERRIN[320]
WARNING: [Synth 8-3331] design blk_mem_gen_mux__parameterized0 has unconnected port SBITERRIN[319]
WARNING: [Synth 8-3331] design blk_mem_gen_mux__parameterized0 has unconnected port SBITERRIN[318]
WARNING: [Synth 8-3331] design blk_mem_gen_mux__parameterized0 has unconnected port SBITERRIN[317]
WARNING: [Synth 8-3331] design blk_mem_gen_mux__parameterized0 has unconnected port SBITERRIN[316]
WARNING: [Synth 8-3331] design blk_mem_gen_mux__parameterized0 has unconnected port SBITERRIN[315]
WARNING: [Synth 8-3331] design blk_mem_gen_mux__parameterized0 has unconnected port SBITERRIN[314]
WARNING: [Synth 8-3331] design blk_mem_gen_mux__parameterized0 has unconnected port SBITERRIN[313]
WARNING: [Synth 8-3331] design blk_mem_gen_mux__parameterized0 has unconnected port SBITERRIN[312]
WARNING: [Synth 8-3331] design blk_mem_gen_mux__parameterized0 has unconnected port SBITERRIN[311]
WARNING: [Synth 8-3331] design blk_mem_gen_mux__parameterized0 has unconnected port SBITERRIN[310]
WARNING: [Synth 8-3331] design blk_mem_gen_mux__parameterized0 has unconnected port SBITERRIN[309]
WARNING: [Synth 8-3331] design blk_mem_gen_mux__parameterized0 has unconnected port SBITERRIN[308]
WARNING: [Synth 8-3331] design blk_mem_gen_mux__parameterized0 has unconnected port SBITERRIN[307]
WARNING: [Synth 8-3331] design blk_mem_gen_mux__parameterized0 has unconnected port SBITERRIN[306]
WARNING: [Synth 8-3331] design blk_mem_gen_mux__parameterized0 has unconnected port SBITERRIN[305]
INFO: [Common 17-14] Message 'Synth 8-3331' appears 100 times and further instances of the messages will be disabled. Use the Tcl command set_msg_config to change the current settings.
---------------------------------------------------------------------------------
Finished RTL Elaboration : Time (s): cpu = 00:02:01 ; elapsed = 00:02:05 . Memory (MB): peak = 1135.773 ; gain = 467.234
---------------------------------------------------------------------------------

Report Check Netlist: 
+------+------------------+-------+---------+-------+------------------+
|      |Item              |Errors |Warnings |Status |Description       |
+------+------------------+-------+---------+-------+------------------+
|1     |multi_driven_nets |      0|        0|Passed |Multi driven nets |
+------+------------------+-------+---------+-------+------------------+
---------------------------------------------------------------------------------
Start Handling Custom Attributes
---------------------------------------------------------------------------------
---------------------------------------------------------------------------------
Finished Handling Custom Attributes : Time (s): cpu = 00:02:02 ; elapsed = 00:02:06 . Memory (MB): peak = 1135.773 ; gain = 467.234
---------------------------------------------------------------------------------
---------------------------------------------------------------------------------
Finished RTL Optimization Phase 1 : Time (s): cpu = 00:02:02 ; elapsed = 00:02:06 . Memory (MB): peak = 1135.773 ; gain = 467.234
---------------------------------------------------------------------------------
INFO: [Netlist 29-17] Analyzing 44 Unisim elements for replacement
INFO: [Netlist 29-28] Unisim Transformation completed in 0 CPU seconds
INFO: [Project 1-570] Preparing netlist for logic optimization

Processing XDC Constraints
Initializing timing engine
Parsing XDC File [f:/Git_Fpga/FPGA_Starter/Project/LiveCamera/LiveCamera.srcs/sources_1/bd/OV7670_QVGA/ip/OV7670_QVGA_blk_mem_gen_0_0/OV7670_QVGA_blk_mem_gen_0_0_ooc.xdc] for cell 'U0'
Finished Parsing XDC File [f:/Git_Fpga/FPGA_Starter/Project/LiveCamera/LiveCamera.srcs/sources_1/bd/OV7670_QVGA/ip/OV7670_QVGA_blk_mem_gen_0_0/OV7670_QVGA_blk_mem_gen_0_0_ooc.xdc] for cell 'U0'
Parsing XDC File [F:/Git_Fpga/FPGA_Starter/Project/LiveCamera/LiveCamera.runs/OV7670_QVGA_blk_mem_gen_0_0_synth_1/dont_touch.xdc]
Finished Parsing XDC File [F:/Git_Fpga/FPGA_Starter/Project/LiveCamera/LiveCamera.runs/OV7670_QVGA_blk_mem_gen_0_0_synth_1/dont_touch.xdc]
Completed Processing XDC Constraints

Netlist sorting complete. Time (s): cpu = 00:00:00 ; elapsed = 00:00:00.001 . Memory (MB): peak = 1135.773 ; gain = 0.000
INFO: [Project 1-111] Unisim Transformation Summary:
No Unisim elements were transformed.

Constraint Validation Runtime : Time (s): cpu = 00:00:01 ; elapsed = 00:00:00.090 . Memory (MB): peak = 1135.773 ; gain = 0.000
---------------------------------------------------------------------------------
Finished Constraint Validation : Time (s): cpu = 00:02:08 ; elapsed = 00:02:13 . Memory (MB): peak = 1135.773 ; gain = 467.234
---------------------------------------------------------------------------------
---------------------------------------------------------------------------------
Start Loading Part and Timing Information
---------------------------------------------------------------------------------
Loading part: xc7z007sclg225-1
---------------------------------------------------------------------------------
Finished Loading Part and Timing Information : Time (s): cpu = 00:02:08 ; elapsed = 00:02:13 . Memory (MB): peak = 1135.773 ; gain = 467.234
---------------------------------------------------------------------------------
---------------------------------------------------------------------------------
Start Applying 'set_property' XDC Constraints
---------------------------------------------------------------------------------
Applied set_property DONT_TOUCH = true for U0. (constraint file  F:/Git_Fpga/FPGA_Starter/Project/LiveCamera/LiveCamera.runs/OV7670_QVGA_blk_mem_gen_0_0_synth_1/dont_touch.xdc, line 9).
---------------------------------------------------------------------------------
Finished applying 'set_property' XDC Constraints : Time (s): cpu = 00:02:08 ; elapsed = 00:02:13 . Memory (MB): peak = 1135.773 ; gain = 467.234
---------------------------------------------------------------------------------
---------------------------------------------------------------------------------
Finished RTL Optimization Phase 2 : Time (s): cpu = 00:02:10 ; elapsed = 00:02:15 . Memory (MB): peak = 1135.773 ; gain = 467.234
---------------------------------------------------------------------------------

Report RTL Partitions: 
+-+--------------+------------+----------+
| |RTL Partition |Replication |Instances |
+-+--------------+------------+----------+
+-+--------------+------------+----------+
---------------------------------------------------------------------------------
Start RTL Component Statistics 
---------------------------------------------------------------------------------
Detailed RTL Component Info : 
+---Registers : 
	               17 Bit    Registers := 1     
	                5 Bit    Registers := 3     
+---Muxes : 
	   2 Input      1 Bit        Muxes := 65    
---------------------------------------------------------------------------------
Finished RTL Component Statistics 
---------------------------------------------------------------------------------
---------------------------------------------------------------------------------
Start RTL Hierarchical Component Statistics 
---------------------------------------------------------------------------------
Hierarchical RTL Component report 
Module bindec 
Detailed RTL Component Info : 
+---Muxes : 
	   2 Input      1 Bit        Muxes := 32    
Module blk_mem_gen_mux 
Detailed RTL Component Info : 
+---Registers : 
	                5 Bit    Registers := 1     
Module blk_mem_gen_mux__parameterized0 
Detailed RTL Component Info : 
+---Registers : 
	               17 Bit    Registers := 1     
	                5 Bit    Registers := 2     
+---Muxes : 
	   2 Input      1 Bit        Muxes := 1     
---------------------------------------------------------------------------------
Finished RTL Hierarchical Component Statistics
---------------------------------------------------------------------------------
---------------------------------------------------------------------------------
Start Part Resource Summary
---------------------------------------------------------------------------------
Part Resources:
DSPs: 66 (col length:40)
BRAMs: 100 (col length: RAMB18 40 RAMB36 20)
---------------------------------------------------------------------------------
Finished Part Resource Summary
---------------------------------------------------------------------------------
---------------------------------------------------------------------------------
Start Cross Boundary and Area Optimization
---------------------------------------------------------------------------------
Warning: Parallel synthesis criteria is not met 
---------------------------------------------------------------------------------
Finished Cross Boundary and Area Optimization : Time (s): cpu = 00:02:13 ; elapsed = 00:02:18 . Memory (MB): peak = 1135.773 ; gain = 467.234
---------------------------------------------------------------------------------

Report RTL Partitions: 
+-+--------------+------------+----------+
| |RTL Partition |Replication |Instances |
+-+--------------+------------+----------+
+-+--------------+------------+----------+
---------------------------------------------------------------------------------
Start Applying XDC Timing Constraints
---------------------------------------------------------------------------------
---------------------------------------------------------------------------------
Finished Applying XDC Timing Constraints : Time (s): cpu = 00:02:22 ; elapsed = 00:02:27 . Memory (MB): peak = 1135.773 ; gain = 467.234
---------------------------------------------------------------------------------
---------------------------------------------------------------------------------
Start Timing Optimization
---------------------------------------------------------------------------------
---------------------------------------------------------------------------------
Finished Timing Optimization : Time (s): cpu = 00:02:22 ; elapsed = 00:02:27 . Memory (MB): peak = 1135.773 ; gain = 467.234
---------------------------------------------------------------------------------

Report RTL Partitions: 
+-+--------------+------------+----------+
| |RTL Partition |Replication |Instances |
+-+--------------+------------+----------+
+-+--------------+------------+----------+
---------------------------------------------------------------------------------
Start Technology Mapping
---------------------------------------------------------------------------------
---------------------------------------------------------------------------------
Finished Technology Mapping : Time (s): cpu = 00:02:22 ; elapsed = 00:02:27 . Memory (MB): peak = 1135.773 ; gain = 467.234
---------------------------------------------------------------------------------

Report RTL Partitions: 
+-+--------------+------------+----------+
| |RTL Partition |Replication |Instances |
+-+--------------+------------+----------+
+-+--------------+------------+----------+
---------------------------------------------------------------------------------
Start IO Insertion
---------------------------------------------------------------------------------
---------------------------------------------------------------------------------
Start Flattening Before IO Insertion
---------------------------------------------------------------------------------
---------------------------------------------------------------------------------
Finished Flattening Before IO Insertion
---------------------------------------------------------------------------------
---------------------------------------------------------------------------------
Start Final Netlist Cleanup
---------------------------------------------------------------------------------
---------------------------------------------------------------------------------
Finished Final Netlist Cleanup
---------------------------------------------------------------------------------
---------------------------------------------------------------------------------
Finished IO Insertion : Time (s): cpu = 00:02:24 ; elapsed = 00:02:29 . Memory (MB): peak = 1135.773 ; gain = 467.234
---------------------------------------------------------------------------------

Report Check Netlist: 
+------+------------------+-------+---------+-------+------------------+
|      |Item              |Errors |Warnings |Status |Description       |
+------+------------------+-------+---------+-------+------------------+
|1     |multi_driven_nets |      0|        0|Passed |Multi driven nets |
+------+------------------+-------+---------+-------+------------------+
---------------------------------------------------------------------------------
Start Renaming Generated Instances
---------------------------------------------------------------------------------
---------------------------------------------------------------------------------
Finished Renaming Generated Instances : Time (s): cpu = 00:02:24 ; elapsed = 00:02:29 . Memory (MB): peak = 1135.773 ; gain = 467.234
---------------------------------------------------------------------------------

Report RTL Partitions: 
+-+--------------+------------+----------+
| |RTL Partition |Replication |Instances |
+-+--------------+------------+----------+
+-+--------------+------------+----------+
---------------------------------------------------------------------------------
Start Rebuilding User Hierarchy
---------------------------------------------------------------------------------
---------------------------------------------------------------------------------
Finished Rebuilding User Hierarchy : Time (s): cpu = 00:02:24 ; elapsed = 00:02:29 . Memory (MB): peak = 1135.773 ; gain = 467.234
---------------------------------------------------------------------------------
---------------------------------------------------------------------------------
Start Renaming Generated Ports
---------------------------------------------------------------------------------
---------------------------------------------------------------------------------
Finished Renaming Generated Ports : Time (s): cpu = 00:02:24 ; elapsed = 00:02:29 . Memory (MB): peak = 1135.773 ; gain = 467.234
---------------------------------------------------------------------------------
---------------------------------------------------------------------------------
Start Handling Custom Attributes
---------------------------------------------------------------------------------
---------------------------------------------------------------------------------
Finished Handling Custom Attributes : Time (s): cpu = 00:02:24 ; elapsed = 00:02:29 . Memory (MB): peak = 1135.773 ; gain = 467.234
---------------------------------------------------------------------------------
---------------------------------------------------------------------------------
Start Renaming Generated Nets
---------------------------------------------------------------------------------
---------------------------------------------------------------------------------
Finished Renaming Generated Nets : Time (s): cpu = 00:02:25 ; elapsed = 00:02:29 . Memory (MB): peak = 1135.773 ; gain = 467.234
---------------------------------------------------------------------------------
---------------------------------------------------------------------------------
Start Writing Synthesis Report
---------------------------------------------------------------------------------

Report BlackBoxes: 
+-+--------------+----------+
| |BlackBox name |Instances |
+-+--------------+----------+
+-+--------------+----------+

Report Cell Usage: 
+------+-----------+------+
|      |Cell       |Count |
+------+-----------+------+
|1     |LUT1       |     1|
|2     |LUT2       |     2|
|3     |LUT3       |     3|
|4     |LUT5       |    32|
|5     |LUT6       |   113|
|6     |MUXF7      |    36|
|7     |RAMB36E1   |    32|
|8     |RAMB36E1_1 |     6|
|9     |RAMB36E1_2 |     6|
|10    |FDRE       |    10|
+------+-----------+------+

Report Instance Areas: 
+------+---------------------------------------------+------------------------------------------+------+
|      |Instance                                     |Module                                    |Cells |
+------+---------------------------------------------+------------------------------------------+------+
|1     |top                                          |                                          |   241|
|2     |  U0                                         |blk_mem_gen_v8_4_3                        |   241|
|3     |    inst_blk_mem_gen                         |blk_mem_gen_v8_4_3_synth                  |   241|
|4     |      \gnbram.gnativebmg.native_blk_mem_gen  |blk_mem_gen_top                           |   241|
|5     |        \valid.cstr                          |blk_mem_gen_generic_cstr                  |   241|
|6     |          \bindec_a.bindec_inst_a            |bindec                                    |    28|
|7     |          \bindec_b.bindec_inst_b            |bindec_0                                  |    27|
|8     |          \has_mux_b.B                       |blk_mem_gen_mux__parameterized0           |   130|
|9     |          \ramloop[0].ram.r                  |blk_mem_gen_prim_width                    |     1|
|10    |            \prim_noinit.ram                 |blk_mem_gen_prim_wrapper                  |     1|
|11    |          \ramloop[10].ram.r                 |blk_mem_gen_prim_width__parameterized9    |     1|
|12    |            \prim_noinit.ram                 |blk_mem_gen_prim_wrapper__parameterized9  |     1|
|13    |          \ramloop[11].ram.r                 |blk_mem_gen_prim_width__parameterized10   |     1|
|14    |            \prim_noinit.ram                 |blk_mem_gen_prim_wrapper__parameterized10 |     1|
|15    |          \ramloop[12].ram.r                 |blk_mem_gen_prim_width__parameterized11   |     1|
|16    |            \prim_noinit.ram                 |blk_mem_gen_prim_wrapper__parameterized11 |     1|
|17    |          \ramloop[13].ram.r                 |blk_mem_gen_prim_width__parameterized12   |     1|
|18    |            \prim_noinit.ram                 |blk_mem_gen_prim_wrapper__parameterized12 |     1|
|19    |          \ramloop[14].ram.r                 |blk_mem_gen_prim_width__parameterized13   |     1|
|20    |            \prim_noinit.ram                 |blk_mem_gen_prim_wrapper__parameterized13 |     1|
|21    |          \ramloop[15].ram.r                 |blk_mem_gen_prim_width__parameterized14   |     2|
|22    |            \prim_noinit.ram                 |blk_mem_gen_prim_wrapper__parameterized14 |     2|
|23    |          \ramloop[16].ram.r                 |blk_mem_gen_prim_width__parameterized15   |     1|
|24    |            \prim_noinit.ram                 |blk_mem_gen_prim_wrapper__parameterized15 |     1|
|25    |          \ramloop[17].ram.r                 |blk_mem_gen_prim_width__parameterized16   |     1|
|26    |            \prim_noinit.ram                 |blk_mem_gen_prim_wrapper__parameterized16 |     1|
|27    |          \ramloop[18].ram.r                 |blk_mem_gen_prim_width__parameterized17   |     1|
|28    |            \prim_noinit.ram                 |blk_mem_gen_prim_wrapper__parameterized17 |     1|
|29    |          \ramloop[19].ram.r                 |blk_mem_gen_prim_width__parameterized18   |     2|
|30    |            \prim_noinit.ram                 |blk_mem_gen_prim_wrapper__parameterized18 |     2|
|31    |          \ramloop[1].ram.r                  |blk_mem_gen_prim_width__parameterized0    |     1|
|32    |            \prim_noinit.ram                 |blk_mem_gen_prim_wrapper__parameterized0  |     1|
|33    |          \ramloop[20].ram.r                 |blk_mem_gen_prim_width__parameterized19   |     1|
|34    |            \prim_noinit.ram                 |blk_mem_gen_prim_wrapper__parameterized19 |     1|
|35    |          \ramloop[21].ram.r                 |blk_mem_gen_prim_width__parameterized20   |     2|
|36    |            \prim_noinit.ram                 |blk_mem_gen_prim_wrapper__parameterized20 |     2|
|37    |          \ramloop[22].ram.r                 |blk_mem_gen_prim_width__parameterized21   |     1|
|38    |            \prim_noinit.ram                 |blk_mem_gen_prim_wrapper__parameterized21 |     1|
|39    |          \ramloop[23].ram.r                 |blk_mem_gen_prim_width__parameterized22   |     2|
|40    |            \prim_noinit.ram                 |blk_mem_gen_prim_wrapper__parameterized22 |     2|
|41    |          \ramloop[24].ram.r                 |blk_mem_gen_prim_width__parameterized23   |     1|
|42    |            \prim_noinit.ram                 |blk_mem_gen_prim_wrapper__parameterized23 |     1|
|43    |          \ramloop[25].ram.r                 |blk_mem_gen_prim_width__parameterized24   |     1|
|44    |            \prim_noinit.ram                 |blk_mem_gen_prim_wrapper__parameterized24 |     1|
|45    |          \ramloop[26].ram.r                 |blk_mem_gen_prim_width__parameterized25   |     1|
|46    |            \prim_noinit.ram                 |blk_mem_gen_prim_wrapper__parameterized25 |     1|
|47    |          \ramloop[27].ram.r                 |blk_mem_gen_prim_width__parameterized26   |     1|
|48    |            \prim_noinit.ram                 |blk_mem_gen_prim_wrapper__parameterized26 |     1|
|49    |          \ramloop[28].ram.r                 |blk_mem_gen_prim_width__parameterized27   |     1|
|50    |            \prim_noinit.ram                 |blk_mem_gen_prim_wrapper__parameterized27 |     1|
|51    |          \ramloop[29].ram.r                 |blk_mem_gen_prim_width__parameterized28   |     1|
|52    |            \prim_noinit.ram                 |blk_mem_gen_prim_wrapper__parameterized28 |     1|
|53    |          \ramloop[2].ram.r                  |blk_mem_gen_prim_width__parameterized1    |     1|
|54    |            \prim_noinit.ram                 |blk_mem_gen_prim_wrapper__parameterized1  |     1|
|55    |          \ramloop[30].ram.r                 |blk_mem_gen_prim_width__parameterized29   |     2|
|56    |            \prim_noinit.ram                 |blk_mem_gen_prim_wrapper__parameterized29 |     2|
|57    |          \ramloop[31].ram.r                 |blk_mem_gen_prim_width__parameterized30   |     3|
|58    |            \prim_noinit.ram                 |blk_mem_gen_prim_wrapper__parameterized30 |     3|
|59    |          \ramloop[32].ram.r                 |blk_mem_gen_prim_width__parameterized31   |     2|
|60    |            \prim_noinit.ram                 |blk_mem_gen_prim_wrapper__parameterized31 |     2|
|61    |          \ramloop[33].ram.r                 |blk_mem_gen_prim_width__parameterized32   |     2|
|62    |            \prim_noinit.ram                 |blk_mem_gen_prim_wrapper__parameterized32 |     2|
|63    |          \ramloop[34].ram.r                 |blk_mem_gen_prim_width__parameterized33   |     2|
|64    |            \prim_noinit.ram                 |blk_mem_gen_prim_wrapper__parameterized33 |     2|
|65    |          \ramloop[35].ram.r                 |blk_mem_gen_prim_width__parameterized34   |     2|
|66    |            \prim_noinit.ram                 |blk_mem_gen_prim_wrapper__parameterized34 |     2|
|67    |          \ramloop[36].ram.r                 |blk_mem_gen_prim_width__parameterized35   |     2|
|68    |            \prim_noinit.ram                 |blk_mem_gen_prim_wrapper__parameterized35 |     2|
|69    |          \ramloop[37].ram.r                 |blk_mem_gen_prim_width__parameterized36   |     2|
|70    |            \prim_noinit.ram                 |blk_mem_gen_prim_wrapper__parameterized36 |     2|
|71    |          \ramloop[3].ram.r                  |blk_mem_gen_prim_width__parameterized2    |     1|
|72    |            \prim_noinit.ram                 |blk_mem_gen_prim_wrapper__parameterized2  |     1|
|73    |          \ramloop[4].ram.r                  |blk_mem_gen_prim_width__parameterized3    |     1|
|74    |            \prim_noinit.ram                 |blk_mem_gen_prim_wrapper__parameterized3  |     1|
|75    |          \ramloop[5].ram.r                  |blk_mem_gen_prim_width__parameterized4    |     1|
|76    |            \prim_noinit.ram                 |blk_mem_gen_prim_wrapper__parameterized4  |     1|
|77    |          \ramloop[6].ram.r                  |blk_mem_gen_prim_width__parameterized5    |     1|
|78    |            \prim_noinit.ram                 |blk_mem_gen_prim_wrapper__parameterized5  |     1|
|79    |          \ramloop[7].ram.r                  |blk_mem_gen_prim_width__parameterized6    |     3|
|80    |            \prim_noinit.ram                 |blk_mem_gen_prim_wrapper__parameterized6  |     3|
|81    |          \ramloop[8].ram.r                  |blk_mem_gen_prim_width__parameterized7    |     1|
|82    |            \prim_noinit.ram                 |blk_mem_gen_prim_wrapper__parameterized7  |     1|
|83    |          \ramloop[9].ram.r                  |blk_mem_gen_prim_width__parameterized8    |     1|
|84    |            \prim_noinit.ram                 |blk_mem_gen_prim_wrapper__parameterized8  |     1|
+------+---------------------------------------------+------------------------------------------+------+
---------------------------------------------------------------------------------
Finished Writing Synthesis Report : Time (s): cpu = 00:02:25 ; elapsed = 00:02:29 . Memory (MB): peak = 1135.773 ; gain = 467.234
---------------------------------------------------------------------------------
Synthesis finished with 0 errors, 0 critical warnings and 145 warnings.
Synthesis Optimization Runtime : Time (s): cpu = 00:00:20 ; elapsed = 00:02:26 . Memory (MB): peak = 1135.773 ; gain = 467.234
Synthesis Optimization Complete : Time (s): cpu = 00:02:25 ; elapsed = 00:02:30 . Memory (MB): peak = 1135.773 ; gain = 467.234
INFO: [Project 1-571] Translating synthesized netlist
INFO: [Netlist 29-17] Analyzing 80 Unisim elements for replacement
INFO: [Netlist 29-28] Unisim Transformation completed in 0 CPU seconds
INFO: [Project 1-570] Preparing netlist for logic optimization
INFO: [Opt 31-138] Pushed 0 inverter(s) to 0 load pin(s).
Netlist sorting complete. Time (s): cpu = 00:00:00 ; elapsed = 00:00:00.001 . Memory (MB): peak = 1135.773 ; gain = 0.000
INFO: [Project 1-111] Unisim Transformation Summary:
No Unisim elements were transformed.

INFO: [Common 17-83] Releasing license: Synthesis
17 Infos, 100 Warnings, 0 Critical Warnings and 0 Errors encountered.
synth_design completed successfully
synth_design: Time (s): cpu = 00:02:31 ; elapsed = 00:02:37 . Memory (MB): peak = 1135.773 ; gain = 703.875
Netlist sorting complete. Time (s): cpu = 00:00:00 ; elapsed = 00:00:00.001 . Memory (MB): peak = 1135.773 ; gain = 0.000
WARNING: [Constraints 18-5210] No constraints selected for write.
Resolution: This message can indicate that there are no constraints for the design, or it can indicate that the used_in flags are set such that the constraints are ignored. This later case is used when running synth_design to not write synthesis constraints to the resulting checkpoint. Instead, project constraints are read when the synthesized design is opened.
INFO: [Common 17-1381] The checkpoint 'F:/Git_Fpga/FPGA_Starter/Project/LiveCamera/LiveCamera.runs/OV7670_QVGA_blk_mem_gen_0_0_synth_1/OV7670_QVGA_blk_mem_gen_0_0.dcp' has been generated.
WARNING: [Common 17-576] 'use_project_ipc' is deprecated. This option is deprecated and no longer used.
INFO: [Coretcl 2-1648] Added synthesis output to IP cache for IP OV7670_QVGA_blk_mem_gen_0_0, cache-ID = e9871e27072c50e3
INFO: [Coretcl 2-1174] Renamed 83 cell refs.
Netlist sorting complete. Time (s): cpu = 00:00:00 ; elapsed = 00:00:00.001 . Memory (MB): peak = 1135.773 ; gain = 0.000
WARNING: [Constraints 18-5210] No constraints selected for write.
Resolution: This message can indicate that there are no constraints for the design, or it can indicate that the used_in flags are set such that the constraints are ignored. This later case is used when running synth_design to not write synthesis constraints to the resulting checkpoint. Instead, project constraints are read when the synthesized design is opened.
INFO: [Common 17-1381] The checkpoint 'F:/Git_Fpga/FPGA_Starter/Project/LiveCamera/LiveCamera.runs/OV7670_QVGA_blk_mem_gen_0_0_synth_1/OV7670_QVGA_blk_mem_gen_0_0.dcp' has been generated.
INFO: [runtcl-4] Executing : report_utilization -file OV7670_QVGA_blk_mem_gen_0_0_utilization_synth.rpt -pb OV7670_QVGA_blk_mem_gen_0_0_utilization_synth.pb
INFO: [Common 17-206] Exiting Vivado at Mon May  3 23:46:03 2021...
