23:04:16 INFO  : Registering command handlers for SDK TCF services
23:04:17 INFO  : Launching XSCT server: xsct.bat -interactive F:\Demo\Demo.sdk\temp_xsdb_launch_script.tcl
23:04:22 INFO  : XSCT server has started successfully.
23:04:28 INFO  : Successfully done setting XSCT server connection channel  
23:04:28 INFO  : Processing command line option -hwspec F:/Demo/Demo.sdk/Demo_wrapper.hdf.
23:04:28 INFO  : Successfully done setting SDK workspace  
23:37:43 INFO  : Inferring section assignments and sizes from elf file: F:\Demo\Demo.sdk\Demo\Debug\Demo.elf
23:37:46 INFO  : Successfully generated F:\Demo\Demo.sdk\Demo\src\lscript.ld.
23:37:46 INFO  : Applying linker script to all configurations of project Demo.
23:37:46 INFO  : Setting rebuild state to true for all configurations of project Demo.
23:38:24 INFO  : Connected to target on host '127.0.0.1' and port '3121'.
23:39:01 INFO  : Connected to target on host '127.0.0.1' and port '3121'.
23:39:01 INFO  : 'targets -set -filter {jtag_cable_name =~ "Avnet MiniZed V1 1234-oj1A" && level==0} -index 1' command is executed.
23:39:03 INFO  : FPGA configured successfully with bitstream "F:/Demo/Demo.sdk/Demo_wrapper_hw_platform_0/Demo_wrapper.bit"
23:39:23 INFO  : 'targets -set -filter {jtag_cable_name =~ "Avnet MiniZed V1 1234-oj1A" && level==0} -index 1' command is executed.
23:39:23 INFO  : 'fpga -state' command is executed.
23:39:23 INFO  : Connected to target on host '127.0.0.1' and port '3121'.
23:39:23 INFO  : Jtag cable 'Avnet MiniZed V1 1234-oj1A' is selected.
23:39:23 INFO  : 'jtag frequency' command is executed.
23:39:23 INFO  : Sourcing of 'F:/Demo/Demo.sdk/Demo_wrapper_hw_platform_0/ps7_init.tcl' is done.
23:39:24 INFO  : Context for 'APU' is selected.
23:39:24 INFO  : Hardware design information is loaded from 'F:/Demo/Demo.sdk/Demo_wrapper_hw_platform_0/system.hdf'.
23:39:24 INFO  : 'configparams force-mem-access 1' command is executed.
23:39:24 INFO  : Context for 'APU' is selected.
23:39:24 INFO  : 'stop' command is executed.
23:39:24 INFO  : 'ps7_init' command is executed.
23:39:24 INFO  : 'ps7_post_config' command is executed.
23:39:24 INFO  : Context for processor 'ps7_cortexa9_0' is selected.
23:39:24 INFO  : Processor reset is completed for 'ps7_cortexa9_0'.
23:39:24 INFO  : Context for processor 'ps7_cortexa9_0' is selected.
23:39:24 INFO  : The application 'F:/Demo/Demo.sdk/Demo/Debug/Demo.elf' is downloaded to processor 'ps7_cortexa9_0'.
23:39:25 INFO  : 'configparams force-mem-access 0' command is executed.
23:39:25 INFO  : ----------------XSDB Script----------------
connect -url tcp:127.0.0.1:3121
source F:/Demo/Demo.sdk/Demo_wrapper_hw_platform_0/ps7_init.tcl
targets -set -nocase -filter {name =~"APU*" && jtag_cable_name =~ "Avnet MiniZed V1 1234-oj1A"} -index 0
loadhw -hw F:/Demo/Demo.sdk/Demo_wrapper_hw_platform_0/system.hdf -mem-ranges [list {0x40000000 0xbfffffff}]
configparams force-mem-access 1
targets -set -nocase -filter {name =~"APU*" && jtag_cable_name =~ "Avnet MiniZed V1 1234-oj1A"} -index 0
stop
ps7_init
ps7_post_config
targets -set -nocase -filter {name =~ "ARM*#0" && jtag_cable_name =~ "Avnet MiniZed V1 1234-oj1A"} -index 0
rst -processor
targets -set -nocase -filter {name =~ "ARM*#0" && jtag_cable_name =~ "Avnet MiniZed V1 1234-oj1A"} -index 0
dow F:/Demo/Demo.sdk/Demo/Debug/Demo.elf
configparams force-mem-access 0
----------------End of Script----------------

23:39:25 INFO  : Memory regions updated for context APU
23:39:25 INFO  : Context for processor 'ps7_cortexa9_0' is selected.
23:39:25 INFO  : 'con' command is executed.
23:39:25 INFO  : ----------------XSDB Script (After Launch)----------------
targets -set -nocase -filter {name =~ "ARM*#0" && jtag_cable_name =~ "Avnet MiniZed V1 1234-oj1A"} -index 0
con
----------------End of Script----------------

23:39:25 INFO  : Launch script is exported to file 'F:\Demo\Demo.sdk\.sdk\launch_scripts\xilinx_c-c++_application_(system_debugger)\system_debugger_using_debug_demo.elf_on_local.tcl'
23:41:31 INFO  : Disconnected from the channel tcfchan#1.
23:41:32 INFO  : 'targets -set -filter {jtag_cable_name =~ "Avnet MiniZed V1 1234-oj1A" && level==0} -index 1' command is executed.
23:41:32 INFO  : 'fpga -state' command is executed.
23:41:32 INFO  : Connected to target on host '127.0.0.1' and port '3121'.
23:41:33 INFO  : Jtag cable 'Avnet MiniZed V1 1234-oj1A' is selected.
23:41:33 INFO  : 'jtag frequency' command is executed.
23:41:33 INFO  : Sourcing of 'F:/Demo/Demo.sdk/Demo_wrapper_hw_platform_0/ps7_init.tcl' is done.
23:41:33 INFO  : Context for 'APU' is selected.
23:41:36 INFO  : Hardware design information is loaded from 'F:/Demo/Demo.sdk/Demo_wrapper_hw_platform_0/system.hdf'.
23:41:36 INFO  : 'configparams force-mem-access 1' command is executed.
23:41:36 INFO  : Context for 'APU' is selected.
23:41:36 INFO  : 'stop' command is executed.
23:41:36 INFO  : 'ps7_init' command is executed.
23:41:36 INFO  : 'ps7_post_config' command is executed.
23:41:36 INFO  : Context for processor 'ps7_cortexa9_0' is selected.
23:41:36 INFO  : Processor reset is completed for 'ps7_cortexa9_0'.
23:41:36 INFO  : Context for processor 'ps7_cortexa9_0' is selected.
23:41:36 INFO  : The application 'F:/Demo/Demo.sdk/Demo/Debug/Demo.elf' is downloaded to processor 'ps7_cortexa9_0'.
23:41:36 INFO  : 'configparams force-mem-access 0' command is executed.
23:41:36 INFO  : ----------------XSDB Script----------------
connect -url tcp:127.0.0.1:3121
source F:/Demo/Demo.sdk/Demo_wrapper_hw_platform_0/ps7_init.tcl
targets -set -nocase -filter {name =~"APU*" && jtag_cable_name =~ "Avnet MiniZed V1 1234-oj1A"} -index 0
loadhw -hw F:/Demo/Demo.sdk/Demo_wrapper_hw_platform_0/system.hdf -mem-ranges [list {0x40000000 0xbfffffff}]
configparams force-mem-access 1
targets -set -nocase -filter {name =~"APU*" && jtag_cable_name =~ "Avnet MiniZed V1 1234-oj1A"} -index 0
stop
ps7_init
ps7_post_config
targets -set -nocase -filter {name =~ "ARM*#0" && jtag_cable_name =~ "Avnet MiniZed V1 1234-oj1A"} -index 0
rst -processor
targets -set -nocase -filter {name =~ "ARM*#0" && jtag_cable_name =~ "Avnet MiniZed V1 1234-oj1A"} -index 0
dow F:/Demo/Demo.sdk/Demo/Debug/Demo.elf
configparams force-mem-access 0
----------------End of Script----------------

23:41:37 INFO  : Memory regions updated for context APU
23:41:37 INFO  : Context for processor 'ps7_cortexa9_0' is selected.
23:41:37 INFO  : 'con' command is executed.
23:41:37 INFO  : ----------------XSDB Script (After Launch)----------------
targets -set -nocase -filter {name =~ "ARM*#0" && jtag_cable_name =~ "Avnet MiniZed V1 1234-oj1A"} -index 0
con
----------------End of Script----------------

23:41:37 INFO  : Launch script is exported to file 'F:\Demo\Demo.sdk\.sdk\launch_scripts\xilinx_c-c++_application_(system_debugger)\system_debugger_using_debug_demo.elf_on_local.tcl'
23:55:39 INFO  : SDK has detected change in the last modified timestamps for source hardware specification file Source:1616518512956,  Project:1616515351720
23:55:39 INFO  : Project Demo_wrapper_hw_platform_0's source hardware specification located at F:/Demo/Demo.sdk/Demo_wrapper.hdf is now different from the local copy.
		 The local copy will be replaced with the source specification and your workspace will be updated.
23:55:41 INFO  : Copied contents of F:/Demo/Demo.sdk/Demo_wrapper.hdf into \Demo_wrapper_hw_platform_0\system.hdf.
23:55:47 INFO  : Synchronizing projects in the workspace with the hardware platform specification changes.
23:55:53 INFO  : 
23:55:54 INFO  : Updating hardware inferred compiler options for Demo.
23:55:54 INFO  : Clearing existing target manager status.
23:55:54 INFO  : Closing and re-opening the MSS file of ther project standalone_bsp_0
23:55:55 INFO  : Closing and re-opening the MSS file of ther project standalone_bsp_0
23:55:56 INFO  : Closing and re-opening the MSS file of ther project standalone_bsp_0
23:55:56 INFO  : Closing and re-opening the MSS file of ther project standalone_bsp_0
23:55:56 INFO  : Closing and re-opening the MSS file of ther project standalone_bsp_0
23:55:57 INFO  : Closing and re-opening the MSS file of ther project standalone_bsp_0
23:55:57 INFO  : Closing and re-opening the MSS file of ther project standalone_bsp_0
23:55:57 INFO  : Closing and re-opening the MSS file of ther project standalone_bsp_0
23:55:58 INFO  : Closing and re-opening the MSS file of ther project standalone_bsp_0
23:55:58 INFO  : Closing and re-opening the MSS file of ther project standalone_bsp_0
23:55:58 INFO  : Closing and re-opening the MSS file of ther project standalone_bsp_0
23:55:59 INFO  : Workspace synchronized with the new hardware specification file. Cleaning dependent projects...
23:56:00 WARN  : Linker script will not be updated automatically. Users need to update it manually.
23:57:33 INFO  : Connected to target on host '127.0.0.1' and port '3121'.
23:57:33 INFO  : 'targets -set -filter {jtag_cable_name =~ "Avnet MiniZed V1 1234-oj1A" && level==0} -index 1' command is executed.
23:57:35 INFO  : FPGA configured successfully with bitstream "F:/Demo/Demo.sdk/Demo_wrapper_hw_platform_0/Demo_wrapper.bit"
23:57:40 INFO  : Disconnected from the channel tcfchan#2.
23:57:42 INFO  : 'targets -set -filter {jtag_cable_name =~ "Avnet MiniZed V1 1234-oj1A" && level==0} -index 1' command is executed.
23:57:42 INFO  : 'fpga -state' command is executed.
23:57:42 INFO  : Connected to target on host '127.0.0.1' and port '3121'.
23:57:42 INFO  : Jtag cable 'Avnet MiniZed V1 1234-oj1A' is selected.
23:57:42 INFO  : 'jtag frequency' command is executed.
23:57:42 INFO  : Sourcing of 'F:/Demo/Demo.sdk/Demo_wrapper_hw_platform_0/ps7_init.tcl' is done.
23:57:42 INFO  : Context for 'APU' is selected.
23:57:42 INFO  : Hardware design information is loaded from 'F:/Demo/Demo.sdk/Demo_wrapper_hw_platform_0/system.hdf'.
23:57:42 INFO  : 'configparams force-mem-access 1' command is executed.
23:57:42 INFO  : Context for 'APU' is selected.
23:57:42 INFO  : 'stop' command is executed.
23:57:43 INFO  : 'ps7_init' command is executed.
23:57:43 INFO  : 'ps7_post_config' command is executed.
23:57:43 INFO  : Context for processor 'ps7_cortexa9_0' is selected.
23:57:43 INFO  : Processor reset is completed for 'ps7_cortexa9_0'.
23:57:43 INFO  : Context for processor 'ps7_cortexa9_0' is selected.
23:57:43 INFO  : The application 'F:/Demo/Demo.sdk/Demo/Debug/Demo.elf' is downloaded to processor 'ps7_cortexa9_0'.
23:57:43 INFO  : 'configparams force-mem-access 0' command is executed.
23:57:43 INFO  : ----------------XSDB Script----------------
connect -url tcp:127.0.0.1:3121
source F:/Demo/Demo.sdk/Demo_wrapper_hw_platform_0/ps7_init.tcl
targets -set -nocase -filter {name =~"APU*" && jtag_cable_name =~ "Avnet MiniZed V1 1234-oj1A"} -index 0
loadhw -hw F:/Demo/Demo.sdk/Demo_wrapper_hw_platform_0/system.hdf -mem-ranges [list {0x40000000 0xbfffffff}]
configparams force-mem-access 1
targets -set -nocase -filter {name =~"APU*" && jtag_cable_name =~ "Avnet MiniZed V1 1234-oj1A"} -index 0
stop
ps7_init
ps7_post_config
targets -set -nocase -filter {name =~ "ARM*#0" && jtag_cable_name =~ "Avnet MiniZed V1 1234-oj1A"} -index 0
rst -processor
targets -set -nocase -filter {name =~ "ARM*#0" && jtag_cable_name =~ "Avnet MiniZed V1 1234-oj1A"} -index 0
dow F:/Demo/Demo.sdk/Demo/Debug/Demo.elf
configparams force-mem-access 0
----------------End of Script----------------

23:57:43 INFO  : Memory regions updated for context APU
23:57:43 INFO  : Context for processor 'ps7_cortexa9_0' is selected.
23:57:43 INFO  : 'con' command is executed.
23:57:43 INFO  : ----------------XSDB Script (After Launch)----------------
targets -set -nocase -filter {name =~ "ARM*#0" && jtag_cable_name =~ "Avnet MiniZed V1 1234-oj1A"} -index 0
con
----------------End of Script----------------

23:57:43 INFO  : Launch script is exported to file 'F:\Demo\Demo.sdk\.sdk\launch_scripts\xilinx_c-c++_application_(system_debugger)\system_debugger_using_debug_demo.elf_on_local.tcl'
23:58:50 INFO  : Disconnected from the channel tcfchan#3.
03:19:34 INFO  : Registering command handlers for SDK TCF services
03:19:36 INFO  : Launching XSCT server: xsct.bat -interactive F:\Demo\Demo.sdk\temp_xsdb_launch_script.tcl
03:19:40 INFO  : XSCT server has started successfully.
03:19:45 INFO  : Successfully done setting XSCT server connection channel  
03:19:45 INFO  : Successfully done setting SDK workspace  
03:40:26 INFO  : Successfully generated F:\Demo\Demo.sdk\Demo\src\lscript.ld.
03:40:26 INFO  : Applying linker script to all configurations of project Demo.
03:40:26 INFO  : Setting rebuild state to true for all configurations of project Demo.
04:02:11 INFO  : Refreshed build settings on project Demo
04:49:41 INFO  : Connected to target on host '127.0.0.1' and port '3121'.
04:49:43 INFO  : 'targets -set -filter {jtag_cable_name =~ "Avnet MiniZed V1 1234-oj1A" && level==0} -index 1' command is executed.
04:49:44 INFO  : FPGA configured successfully with bitstream "F:/Demo/Demo.sdk/Demo_wrapper_hw_platform_0/Demo_wrapper.bit"
04:49:52 INFO  : 'targets -set -filter {jtag_cable_name =~ "Avnet MiniZed V1 1234-oj1A" && level==0} -index 1' command is executed.
04:49:52 INFO  : 'fpga -state' command is executed.
04:49:52 INFO  : Connected to target on host '127.0.0.1' and port '3121'.
04:49:52 INFO  : Jtag cable 'Avnet MiniZed V1 1234-oj1A' is selected.
04:49:52 INFO  : 'jtag frequency' command is executed.
04:49:52 INFO  : Sourcing of 'F:/Demo/Demo.sdk/Demo_wrapper_hw_platform_0/ps7_init.tcl' is done.
04:49:52 INFO  : Context for 'APU' is selected.
04:49:52 INFO  : Hardware design information is loaded from 'F:/Demo/Demo.sdk/Demo_wrapper_hw_platform_0/system.hdf'.
04:49:52 INFO  : 'configparams force-mem-access 1' command is executed.
04:49:52 INFO  : Context for 'APU' is selected.
04:49:52 INFO  : 'stop' command is executed.
04:49:53 INFO  : 'ps7_init' command is executed.
04:49:53 INFO  : 'ps7_post_config' command is executed.
04:49:53 INFO  : Context for processor 'ps7_cortexa9_0' is selected.
04:49:53 INFO  : Processor reset is completed for 'ps7_cortexa9_0'.
04:49:53 INFO  : Context for processor 'ps7_cortexa9_0' is selected.
04:49:53 INFO  : The application 'F:/Demo/Demo.sdk/Demo/Debug/Demo.elf' is downloaded to processor 'ps7_cortexa9_0'.
04:49:53 INFO  : 'configparams force-mem-access 0' command is executed.
04:49:53 INFO  : ----------------XSDB Script----------------
connect -url tcp:127.0.0.1:3121
source F:/Demo/Demo.sdk/Demo_wrapper_hw_platform_0/ps7_init.tcl
targets -set -nocase -filter {name =~"APU*" && jtag_cable_name =~ "Avnet MiniZed V1 1234-oj1A"} -index 0
loadhw -hw F:/Demo/Demo.sdk/Demo_wrapper_hw_platform_0/system.hdf -mem-ranges [list {0x40000000 0xbfffffff}]
configparams force-mem-access 1
targets -set -nocase -filter {name =~"APU*" && jtag_cable_name =~ "Avnet MiniZed V1 1234-oj1A"} -index 0
stop
ps7_init
ps7_post_config
targets -set -nocase -filter {name =~ "ARM*#0" && jtag_cable_name =~ "Avnet MiniZed V1 1234-oj1A"} -index 0
rst -processor
targets -set -nocase -filter {name =~ "ARM*#0" && jtag_cable_name =~ "Avnet MiniZed V1 1234-oj1A"} -index 0
dow F:/Demo/Demo.sdk/Demo/Debug/Demo.elf
configparams force-mem-access 0
----------------End of Script----------------

04:49:53 INFO  : Memory regions updated for context APU
04:49:53 INFO  : Context for processor 'ps7_cortexa9_0' is selected.
04:49:53 INFO  : 'con' command is executed.
04:49:53 INFO  : ----------------XSDB Script (After Launch)----------------
targets -set -nocase -filter {name =~ "ARM*#0" && jtag_cable_name =~ "Avnet MiniZed V1 1234-oj1A"} -index 0
con
----------------End of Script----------------

04:49:53 INFO  : Launch script is exported to file 'F:\Demo\Demo.sdk\.sdk\launch_scripts\xilinx_c-c++_application_(system_debugger)\system_debugger_using_debug_demo.elf_on_local.tcl'
04:52:09 INFO  : Disconnected from the channel tcfchan#1.
04:52:10 INFO  : 'targets -set -filter {jtag_cable_name =~ "Avnet MiniZed V1 1234-oj1A" && level==0} -index 1' command is executed.
04:52:10 INFO  : 'fpga -state' command is executed.
04:52:10 INFO  : Connected to target on host '127.0.0.1' and port '3121'.
04:52:11 INFO  : Jtag cable 'Avnet MiniZed V1 1234-oj1A' is selected.
04:52:11 INFO  : 'jtag frequency' command is executed.
04:52:11 INFO  : Sourcing of 'F:/Demo/Demo.sdk/Demo_wrapper_hw_platform_0/ps7_init.tcl' is done.
04:52:11 INFO  : Context for 'APU' is selected.
04:52:13 INFO  : Hardware design information is loaded from 'F:/Demo/Demo.sdk/Demo_wrapper_hw_platform_0/system.hdf'.
04:52:13 INFO  : 'configparams force-mem-access 1' command is executed.
04:52:13 INFO  : Context for 'APU' is selected.
04:52:13 INFO  : 'stop' command is executed.
04:52:13 INFO  : 'ps7_init' command is executed.
04:52:14 INFO  : 'ps7_post_config' command is executed.
04:52:14 INFO  : Context for processor 'ps7_cortexa9_0' is selected.
04:52:14 INFO  : Processor reset is completed for 'ps7_cortexa9_0'.
04:52:14 INFO  : Context for processor 'ps7_cortexa9_0' is selected.
04:52:14 INFO  : The application 'F:/Demo/Demo.sdk/Demo/Debug/Demo.elf' is downloaded to processor 'ps7_cortexa9_0'.
04:52:14 INFO  : 'configparams force-mem-access 0' command is executed.
04:52:14 INFO  : ----------------XSDB Script----------------
connect -url tcp:127.0.0.1:3121
source F:/Demo/Demo.sdk/Demo_wrapper_hw_platform_0/ps7_init.tcl
targets -set -nocase -filter {name =~"APU*" && jtag_cable_name =~ "Avnet MiniZed V1 1234-oj1A"} -index 0
loadhw -hw F:/Demo/Demo.sdk/Demo_wrapper_hw_platform_0/system.hdf -mem-ranges [list {0x40000000 0xbfffffff}]
configparams force-mem-access 1
targets -set -nocase -filter {name =~"APU*" && jtag_cable_name =~ "Avnet MiniZed V1 1234-oj1A"} -index 0
stop
ps7_init
ps7_post_config
targets -set -nocase -filter {name =~ "ARM*#0" && jtag_cable_name =~ "Avnet MiniZed V1 1234-oj1A"} -index 0
rst -processor
targets -set -nocase -filter {name =~ "ARM*#0" && jtag_cable_name =~ "Avnet MiniZed V1 1234-oj1A"} -index 0
dow F:/Demo/Demo.sdk/Demo/Debug/Demo.elf
configparams force-mem-access 0
----------------End of Script----------------

04:52:14 INFO  : Memory regions updated for context APU
04:52:14 INFO  : Context for processor 'ps7_cortexa9_0' is selected.
04:52:14 INFO  : 'con' command is executed.
04:52:14 INFO  : ----------------XSDB Script (After Launch)----------------
targets -set -nocase -filter {name =~ "ARM*#0" && jtag_cable_name =~ "Avnet MiniZed V1 1234-oj1A"} -index 0
con
----------------End of Script----------------

04:52:14 INFO  : Launch script is exported to file 'F:\Demo\Demo.sdk\.sdk\launch_scripts\xilinx_c-c++_application_(system_debugger)\system_debugger_using_debug_demo.elf_on_local.tcl'
05:07:22 INFO  : Disconnected from the channel tcfchan#2.
05:07:24 INFO  : 'targets -set -filter {jtag_cable_name =~ "Avnet MiniZed V1 1234-oj1A" && level==0} -index 1' command is executed.
05:07:24 INFO  : 'fpga -state' command is executed.
05:07:24 INFO  : Connected to target on host '127.0.0.1' and port '3121'.
05:07:24 INFO  : Jtag cable 'Avnet MiniZed V1 1234-oj1A' is selected.
05:07:24 INFO  : 'jtag frequency' command is executed.
05:07:24 INFO  : Sourcing of 'F:/Demo/Demo.sdk/Demo_wrapper_hw_platform_0/ps7_init.tcl' is done.
05:07:24 INFO  : Context for 'APU' is selected.
05:07:27 INFO  : Hardware design information is loaded from 'F:/Demo/Demo.sdk/Demo_wrapper_hw_platform_0/system.hdf'.
05:07:27 INFO  : 'configparams force-mem-access 1' command is executed.
05:07:27 INFO  : Context for 'APU' is selected.
05:07:27 INFO  : 'stop' command is executed.
05:07:27 INFO  : 'ps7_init' command is executed.
05:07:27 INFO  : 'ps7_post_config' command is executed.
05:07:27 INFO  : Context for processor 'ps7_cortexa9_0' is selected.
05:07:28 INFO  : Processor reset is completed for 'ps7_cortexa9_0'.
05:07:28 INFO  : Context for processor 'ps7_cortexa9_0' is selected.
05:07:28 INFO  : The application 'F:/Demo/Demo.sdk/Demo/Debug/Demo.elf' is downloaded to processor 'ps7_cortexa9_0'.
05:07:28 INFO  : 'configparams force-mem-access 0' command is executed.
05:07:28 INFO  : ----------------XSDB Script----------------
connect -url tcp:127.0.0.1:3121
source F:/Demo/Demo.sdk/Demo_wrapper_hw_platform_0/ps7_init.tcl
targets -set -nocase -filter {name =~"APU*" && jtag_cable_name =~ "Avnet MiniZed V1 1234-oj1A"} -index 0
loadhw -hw F:/Demo/Demo.sdk/Demo_wrapper_hw_platform_0/system.hdf -mem-ranges [list {0x40000000 0xbfffffff}]
configparams force-mem-access 1
targets -set -nocase -filter {name =~"APU*" && jtag_cable_name =~ "Avnet MiniZed V1 1234-oj1A"} -index 0
stop
ps7_init
ps7_post_config
targets -set -nocase -filter {name =~ "ARM*#0" && jtag_cable_name =~ "Avnet MiniZed V1 1234-oj1A"} -index 0
rst -processor
targets -set -nocase -filter {name =~ "ARM*#0" && jtag_cable_name =~ "Avnet MiniZed V1 1234-oj1A"} -index 0
dow F:/Demo/Demo.sdk/Demo/Debug/Demo.elf
configparams force-mem-access 0
----------------End of Script----------------

05:07:28 INFO  : Memory regions updated for context APU
05:07:28 INFO  : Context for processor 'ps7_cortexa9_0' is selected.
05:07:28 INFO  : 'con' command is executed.
05:07:28 INFO  : ----------------XSDB Script (After Launch)----------------
targets -set -nocase -filter {name =~ "ARM*#0" && jtag_cable_name =~ "Avnet MiniZed V1 1234-oj1A"} -index 0
con
----------------End of Script----------------

05:07:28 INFO  : Launch script is exported to file 'F:\Demo\Demo.sdk\.sdk\launch_scripts\xilinx_c-c++_application_(system_debugger)\system_debugger_using_debug_demo.elf_on_local.tcl'
05:09:05 INFO  : Disconnected from the channel tcfchan#3.
10:16:59 INFO  : Registering command handlers for SDK TCF services
10:17:00 INFO  : Launching XSCT server: xsct.bat -interactive F:\Demo\Demo.sdk\temp_xsdb_launch_script.tcl
10:17:04 INFO  : XSCT server has started successfully.
10:17:04 INFO  : Successfully done setting XSCT server connection channel  
10:17:09 INFO  : Successfully done setting SDK workspace  
10:23:36 INFO  : Connected to target on host '127.0.0.1' and port '3121'.
10:23:37 INFO  : 'targets -set -filter {jtag_cable_name =~ "Avnet MiniZed V1 1234-oj1A" && level==0} -index 1' command is executed.
10:23:38 INFO  : FPGA configured successfully with bitstream "F:/Demo/Demo.sdk/Demo_wrapper_hw_platform_0/Demo_wrapper.bit"
10:23:54 INFO  : 'targets -set -filter {jtag_cable_name =~ "Avnet MiniZed V1 1234-oj1A" && level==0} -index 1' command is executed.
10:23:54 INFO  : 'fpga -state' command is executed.
10:23:54 INFO  : Connected to target on host '127.0.0.1' and port '3121'.
10:23:55 INFO  : Jtag cable 'Avnet MiniZed V1 1234-oj1A' is selected.
10:23:55 INFO  : 'jtag frequency' command is executed.
10:23:55 INFO  : Sourcing of 'F:/Demo/Demo.sdk/Demo_wrapper_hw_platform_0/ps7_init.tcl' is done.
10:23:55 INFO  : Context for 'APU' is selected.
10:23:55 INFO  : Hardware design information is loaded from 'F:/Demo/Demo.sdk/Demo_wrapper_hw_platform_0/system.hdf'.
10:23:55 INFO  : 'configparams force-mem-access 1' command is executed.
10:23:55 INFO  : Context for 'APU' is selected.
10:23:55 INFO  : 'stop' command is executed.
10:23:55 INFO  : 'ps7_init' command is executed.
10:23:55 INFO  : 'ps7_post_config' command is executed.
10:23:55 INFO  : Context for processor 'ps7_cortexa9_0' is selected.
10:23:55 INFO  : Processor reset is completed for 'ps7_cortexa9_0'.
10:23:55 INFO  : Context for processor 'ps7_cortexa9_0' is selected.
10:23:56 INFO  : The application 'F:/Demo/Demo.sdk/Demo/Debug/Demo.elf' is downloaded to processor 'ps7_cortexa9_0'.
10:23:56 INFO  : 'configparams force-mem-access 0' command is executed.
10:23:56 INFO  : ----------------XSDB Script----------------
connect -url tcp:127.0.0.1:3121
source F:/Demo/Demo.sdk/Demo_wrapper_hw_platform_0/ps7_init.tcl
targets -set -nocase -filter {name =~"APU*" && jtag_cable_name =~ "Avnet MiniZed V1 1234-oj1A"} -index 0
loadhw -hw F:/Demo/Demo.sdk/Demo_wrapper_hw_platform_0/system.hdf -mem-ranges [list {0x40000000 0xbfffffff}]
configparams force-mem-access 1
targets -set -nocase -filter {name =~"APU*" && jtag_cable_name =~ "Avnet MiniZed V1 1234-oj1A"} -index 0
stop
ps7_init
ps7_post_config
targets -set -nocase -filter {name =~ "ARM*#0" && jtag_cable_name =~ "Avnet MiniZed V1 1234-oj1A"} -index 0
rst -processor
targets -set -nocase -filter {name =~ "ARM*#0" && jtag_cable_name =~ "Avnet MiniZed V1 1234-oj1A"} -index 0
dow F:/Demo/Demo.sdk/Demo/Debug/Demo.elf
configparams force-mem-access 0
----------------End of Script----------------

10:23:56 INFO  : Memory regions updated for context APU
10:23:56 INFO  : Context for processor 'ps7_cortexa9_0' is selected.
10:23:56 INFO  : 'con' command is executed.
10:23:56 INFO  : ----------------XSDB Script (After Launch)----------------
targets -set -nocase -filter {name =~ "ARM*#0" && jtag_cable_name =~ "Avnet MiniZed V1 1234-oj1A"} -index 0
con
----------------End of Script----------------

10:23:56 INFO  : Launch script is exported to file 'F:\Demo\Demo.sdk\.sdk\launch_scripts\xilinx_c-c++_application_(system_debugger)\system_debugger_using_debug_demo.elf_on_local.tcl'
10:30:48 INFO  : Disconnected from the channel tcfchan#1.
10:30:49 INFO  : 'targets -set -filter {jtag_cable_name =~ "Avnet MiniZed V1 1234-oj1A" && level==0} -index 1' command is executed.
10:30:49 INFO  : 'fpga -state' command is executed.
10:30:49 INFO  : Connected to target on host '127.0.0.1' and port '3121'.
10:30:49 INFO  : Jtag cable 'Avnet MiniZed V1 1234-oj1A' is selected.
10:30:49 INFO  : 'jtag frequency' command is executed.
10:30:49 INFO  : Sourcing of 'F:/Demo/Demo.sdk/Demo_wrapper_hw_platform_0/ps7_init.tcl' is done.
10:30:49 INFO  : Context for 'APU' is selected.
10:30:52 INFO  : Hardware design information is loaded from 'F:/Demo/Demo.sdk/Demo_wrapper_hw_platform_0/system.hdf'.
10:30:52 INFO  : 'configparams force-mem-access 1' command is executed.
10:30:52 INFO  : Context for 'APU' is selected.
10:30:52 INFO  : 'stop' command is executed.
10:30:52 INFO  : 'ps7_init' command is executed.
10:30:53 INFO  : 'ps7_post_config' command is executed.
10:30:53 INFO  : Context for processor 'ps7_cortexa9_0' is selected.
10:30:53 INFO  : Processor reset is completed for 'ps7_cortexa9_0'.
10:30:53 INFO  : Context for processor 'ps7_cortexa9_0' is selected.
10:30:53 INFO  : The application 'F:/Demo/Demo.sdk/Demo/Debug/Demo.elf' is downloaded to processor 'ps7_cortexa9_0'.
10:30:53 INFO  : 'configparams force-mem-access 0' command is executed.
10:30:53 INFO  : ----------------XSDB Script----------------
connect -url tcp:127.0.0.1:3121
source F:/Demo/Demo.sdk/Demo_wrapper_hw_platform_0/ps7_init.tcl
targets -set -nocase -filter {name =~"APU*" && jtag_cable_name =~ "Avnet MiniZed V1 1234-oj1A"} -index 0
loadhw -hw F:/Demo/Demo.sdk/Demo_wrapper_hw_platform_0/system.hdf -mem-ranges [list {0x40000000 0xbfffffff}]
configparams force-mem-access 1
targets -set -nocase -filter {name =~"APU*" && jtag_cable_name =~ "Avnet MiniZed V1 1234-oj1A"} -index 0
stop
ps7_init
ps7_post_config
targets -set -nocase -filter {name =~ "ARM*#0" && jtag_cable_name =~ "Avnet MiniZed V1 1234-oj1A"} -index 0
rst -processor
targets -set -nocase -filter {name =~ "ARM*#0" && jtag_cable_name =~ "Avnet MiniZed V1 1234-oj1A"} -index 0
dow F:/Demo/Demo.sdk/Demo/Debug/Demo.elf
configparams force-mem-access 0
----------------End of Script----------------

10:30:53 INFO  : Memory regions updated for context APU
10:30:53 INFO  : Context for processor 'ps7_cortexa9_0' is selected.
10:30:53 INFO  : 'con' command is executed.
10:30:53 INFO  : ----------------XSDB Script (After Launch)----------------
targets -set -nocase -filter {name =~ "ARM*#0" && jtag_cable_name =~ "Avnet MiniZed V1 1234-oj1A"} -index 0
con
----------------End of Script----------------

10:30:53 INFO  : Launch script is exported to file 'F:\Demo\Demo.sdk\.sdk\launch_scripts\xilinx_c-c++_application_(system_debugger)\system_debugger_using_debug_demo.elf_on_local.tcl'
10:31:48 INFO  : Disconnected from the channel tcfchan#2.
10:31:50 INFO  : 'targets -set -filter {jtag_cable_name =~ "Avnet MiniZed V1 1234-oj1A" && level==0} -index 1' command is executed.
10:31:50 INFO  : 'fpga -state' command is executed.
10:31:50 INFO  : Connected to target on host '127.0.0.1' and port '3121'.
10:31:50 INFO  : Jtag cable 'Avnet MiniZed V1 1234-oj1A' is selected.
10:31:50 INFO  : 'jtag frequency' command is executed.
10:31:50 INFO  : Sourcing of 'F:/Demo/Demo.sdk/Demo_wrapper_hw_platform_0/ps7_init.tcl' is done.
10:31:50 INFO  : Context for 'APU' is selected.
10:31:52 INFO  : Hardware design information is loaded from 'F:/Demo/Demo.sdk/Demo_wrapper_hw_platform_0/system.hdf'.
10:31:52 INFO  : 'configparams force-mem-access 1' command is executed.
10:31:52 INFO  : Context for 'APU' is selected.
10:31:53 INFO  : 'stop' command is executed.
10:31:53 INFO  : 'ps7_init' command is executed.
10:31:53 INFO  : 'ps7_post_config' command is executed.
10:31:53 INFO  : Context for processor 'ps7_cortexa9_0' is selected.
10:31:53 INFO  : Processor reset is completed for 'ps7_cortexa9_0'.
10:31:53 INFO  : Context for processor 'ps7_cortexa9_0' is selected.
10:31:54 INFO  : The application 'F:/Demo/Demo.sdk/Demo/Debug/Demo.elf' is downloaded to processor 'ps7_cortexa9_0'.
10:31:54 INFO  : 'configparams force-mem-access 0' command is executed.
10:31:54 INFO  : ----------------XSDB Script----------------
connect -url tcp:127.0.0.1:3121
source F:/Demo/Demo.sdk/Demo_wrapper_hw_platform_0/ps7_init.tcl
targets -set -nocase -filter {name =~"APU*" && jtag_cable_name =~ "Avnet MiniZed V1 1234-oj1A"} -index 0
loadhw -hw F:/Demo/Demo.sdk/Demo_wrapper_hw_platform_0/system.hdf -mem-ranges [list {0x40000000 0xbfffffff}]
configparams force-mem-access 1
targets -set -nocase -filter {name =~"APU*" && jtag_cable_name =~ "Avnet MiniZed V1 1234-oj1A"} -index 0
stop
ps7_init
ps7_post_config
targets -set -nocase -filter {name =~ "ARM*#0" && jtag_cable_name =~ "Avnet MiniZed V1 1234-oj1A"} -index 0
rst -processor
targets -set -nocase -filter {name =~ "ARM*#0" && jtag_cable_name =~ "Avnet MiniZed V1 1234-oj1A"} -index 0
dow F:/Demo/Demo.sdk/Demo/Debug/Demo.elf
configparams force-mem-access 0
----------------End of Script----------------

10:31:54 INFO  : Memory regions updated for context APU
10:31:54 INFO  : Context for processor 'ps7_cortexa9_0' is selected.
10:31:54 INFO  : 'con' command is executed.
10:31:54 INFO  : ----------------XSDB Script (After Launch)----------------
targets -set -nocase -filter {name =~ "ARM*#0" && jtag_cable_name =~ "Avnet MiniZed V1 1234-oj1A"} -index 0
con
----------------End of Script----------------

10:31:54 INFO  : Launch script is exported to file 'F:\Demo\Demo.sdk\.sdk\launch_scripts\xilinx_c-c++_application_(system_debugger)\system_debugger_using_debug_demo.elf_on_local.tcl'
10:33:29 INFO  : Disconnected from the channel tcfchan#3.
10:33:30 INFO  : 'targets -set -filter {jtag_cable_name =~ "Avnet MiniZed V1 1234-oj1A" && level==0} -index 1' command is executed.
10:33:30 INFO  : 'fpga -state' command is executed.
10:33:30 INFO  : Connected to target on host '127.0.0.1' and port '3121'.
10:33:31 INFO  : Jtag cable 'Avnet MiniZed V1 1234-oj1A' is selected.
10:33:31 INFO  : 'jtag frequency' command is executed.
10:33:31 INFO  : Sourcing of 'F:/Demo/Demo.sdk/Demo_wrapper_hw_platform_0/ps7_init.tcl' is done.
10:33:31 INFO  : Context for 'APU' is selected.
10:33:33 INFO  : Hardware design information is loaded from 'F:/Demo/Demo.sdk/Demo_wrapper_hw_platform_0/system.hdf'.
10:33:33 INFO  : 'configparams force-mem-access 1' command is executed.
10:33:33 INFO  : Context for 'APU' is selected.
10:33:33 INFO  : 'stop' command is executed.
10:33:33 INFO  : 'ps7_init' command is executed.
10:33:34 INFO  : 'ps7_post_config' command is executed.
10:33:34 INFO  : Context for processor 'ps7_cortexa9_0' is selected.
10:33:34 INFO  : Processor reset is completed for 'ps7_cortexa9_0'.
10:33:34 INFO  : Context for processor 'ps7_cortexa9_0' is selected.
10:33:34 INFO  : The application 'F:/Demo/Demo.sdk/Demo/Debug/Demo.elf' is downloaded to processor 'ps7_cortexa9_0'.
10:33:34 INFO  : 'configparams force-mem-access 0' command is executed.
10:33:34 INFO  : ----------------XSDB Script----------------
connect -url tcp:127.0.0.1:3121
source F:/Demo/Demo.sdk/Demo_wrapper_hw_platform_0/ps7_init.tcl
targets -set -nocase -filter {name =~"APU*" && jtag_cable_name =~ "Avnet MiniZed V1 1234-oj1A"} -index 0
loadhw -hw F:/Demo/Demo.sdk/Demo_wrapper_hw_platform_0/system.hdf -mem-ranges [list {0x40000000 0xbfffffff}]
configparams force-mem-access 1
targets -set -nocase -filter {name =~"APU*" && jtag_cable_name =~ "Avnet MiniZed V1 1234-oj1A"} -index 0
stop
ps7_init
ps7_post_config
targets -set -nocase -filter {name =~ "ARM*#0" && jtag_cable_name =~ "Avnet MiniZed V1 1234-oj1A"} -index 0
rst -processor
targets -set -nocase -filter {name =~ "ARM*#0" && jtag_cable_name =~ "Avnet MiniZed V1 1234-oj1A"} -index 0
dow F:/Demo/Demo.sdk/Demo/Debug/Demo.elf
configparams force-mem-access 0
----------------End of Script----------------

10:33:34 INFO  : Memory regions updated for context APU
10:33:34 INFO  : Context for processor 'ps7_cortexa9_0' is selected.
10:33:34 INFO  : 'con' command is executed.
10:33:34 INFO  : ----------------XSDB Script (After Launch)----------------
targets -set -nocase -filter {name =~ "ARM*#0" && jtag_cable_name =~ "Avnet MiniZed V1 1234-oj1A"} -index 0
con
----------------End of Script----------------

10:33:34 INFO  : Launch script is exported to file 'F:\Demo\Demo.sdk\.sdk\launch_scripts\xilinx_c-c++_application_(system_debugger)\system_debugger_using_debug_demo.elf_on_local.tcl'
11:05:06 INFO  : Disconnected from the channel tcfchan#4.
