#-----------------------------------------------------------
# Webtalk v2017.1 (64-bit)
# SW Build 1846317 on Fri Apr 14 18:55:03 MDT 2017
# 
# Start of session at: Fri Jun 16 09:55:39 2017
# Process ID: 37904
# Current directory: C:/Speedway/ZynqHW/2017_1/ZynqDesign/ZynqDesign.sdk/webtalk
# Command line: wbtcv.exe -mode batch -source sdk_webtalk.tcl
# Log file: C:/Speedway/ZynqHW/2017_1/ZynqDesign/ZynqDesign.sdk/webtalk/webtalk.log
# Journal file: C:/Speedway/ZynqHW/2017_1/ZynqDesign/ZynqDesign.sdk/webtalk\webtalk.jou
#-----------------------------------------------------------
source sdk_webtalk.tcl
# webtalk_init -webtalk_dir C:\\Speedway\\ZynqHW\\2017_1\\ZynqDesign\\ZynqDesign.sdk\\webtalk
# webtalk_register_client -client project
# webtalk_add_data -client project -key date_generated -value "2017-06-16 09:55:37" -context "software_version_and_target_device"
# webtalk_add_data -client project -key product_version -value "SDK v2017.1" -context "software_version_and_target_device"
# webtalk_add_data -client project -key build_version -value "2017.1" -context "software_version_and_target_device"
# webtalk_add_data -client project -key os_platform -value "amd64" -context "software_version_and_target_device"
# webtalk_add_data -client project -key registration_id -value "211199838_127455_0_244" -context "software_version_and_target_device"
# webtalk_add_data -client project -key tool_flow -value "SDK" -context "software_version_and_target_device"
# webtalk_add_data -client project -key beta -value "false" -context "software_version_and_target_device"
# webtalk_add_data -client project -key route_design -value "NA" -context "software_version_and_target_device"
# webtalk_add_data -client project -key target_family -value "NA" -context "software_version_and_target_device"
# webtalk_add_data -client project -key target_device -value "NA" -context "software_version_and_target_device"
# webtalk_add_data -client project -key target_package -value "NA" -context "software_version_and_target_device"
# webtalk_add_data -client project -key target_speed -value "NA" -context "software_version_and_target_device"
# webtalk_add_data -client project -key random_id -value "kglki4s5q4enpetpmkucdpd1ov" -context "software_version_and_target_device"
# webtalk_add_data -client project -key project_id -value "2017.1_10" -context "software_version_and_target_device"
# webtalk_add_data -client project -key project_iteration -value "10" -context "software_version_and_target_device"
# webtalk_add_data -client project -key os_name -value "Microsoft Windows 7 , 64-bit" -context "user_environment"
# webtalk_add_data -client project -key os_release -value "Service Pack 1  (build 7601)" -context "user_environment"
# webtalk_add_data -client project -key cpu_name -value "Intel(R) Core(TM) i7-3630QM CPU @ 2.40GHz" -context "user_environment"
# webtalk_add_data -client project -key cpu_speed -value "2394 MHz" -context "user_environment"
# webtalk_add_data -client project -key total_processors -value "1" -context "user_environment"
# webtalk_add_data -client project -key system_ram -value "17.000 GB" -context "user_environment"
# webtalk_register_client -client sdk
# webtalk_add_data -client sdk -key uid -value "1497630675145" -context "sdk\\\\hardware/1497630675145"
# webtalk_add_data -client sdk -key isZynq -value "true" -context "sdk\\\\hardware/1497630675145"
# webtalk_add_data -client sdk -key isZynqMP -value "false" -context "sdk\\\\hardware/1497630675145"
# webtalk_add_data -client sdk -key Processors -value "1" -context "sdk\\\\hardware/1497630675145"
# webtalk_add_data -client sdk -key VivadoVersion -value "2017.1" -context "sdk\\\\hardware/1497630675145"
# webtalk_add_data -client sdk -key Arch -value "zynq" -context "sdk\\\\hardware/1497630675145"
# webtalk_add_data -client sdk -key Device -value "7z007s" -context "sdk\\\\hardware/1497630675145"
# webtalk_add_data -client sdk -key IsHandoff -value "true" -context "sdk\\\\hardware/1497630675145"
# webtalk_add_data -client sdk -key os -value "NA" -context "sdk\\\\hardware/1497630675145"
# webtalk_add_data -client sdk -key apptemplate -value "NA" -context "sdk\\\\hardware/1497630675145"
# webtalk_add_data -client sdk -key RecordType -value "HWCreation" -context "sdk\\\\hardware/1497630675145"
# webtalk_add_data -client sdk -key uid -value "1497630865317" -context "sdk\\\\bsp/1497630865317"
# webtalk_add_data -client sdk -key hwid -value "1497630675145" -context "sdk\\\\bsp/1497630865317"
# webtalk_add_data -client sdk -key os -value "standalone" -context "sdk\\\\bsp/1497630865317"
# webtalk_add_data -client sdk -key apptemplate -value "null" -context "sdk\\\\bsp/1497630865317"
# webtalk_add_data -client sdk -key RecordType -value "BSPCreation" -context "sdk\\\\bsp/1497630865317"
# webtalk_add_data -client sdk -key uid -value "1497631007395" -context "sdk\\\\application/1497631007395"
# webtalk_add_data -client sdk -key hwid -value "1497630675145" -context "sdk\\\\application/1497631007395"
# webtalk_add_data -client sdk -key bspid -value "1497630865317" -context "sdk\\\\application/1497631007395"
# webtalk_add_data -client sdk -key newbsp -value "false" -context "sdk\\\\application/1497631007395"
# webtalk_add_data -client sdk -key os -value "standalone" -context "sdk\\\\application/1497631007395"
# webtalk_add_data -client sdk -key apptemplate -value "hello_world" -context "sdk\\\\application/1497631007395"
# webtalk_add_data -client sdk -key RecordType -value "APPCreation" -context "sdk\\\\application/1497631007395"
# webtalk_add_data -client sdk -key LangUsed -value "C" -context "sdk\\\\application/1497631007395"
# webtalk_add_data -client sdk -key Procused -value "ps7_cortexa9" -context "sdk\\\\application/1497631007395"
# webtalk_add_data -client sdk -key projSize -value "160.84375" -context "sdk\\\\application/1497631007395"
# webtalk_add_data -client sdk -key uid -value "NA" -context "sdk\\\\bsp/1497632137643"
# webtalk_add_data -client sdk -key RecordType -value "ToolUsage" -context "sdk\\\\bsp/1497632137643"
# webtalk_add_data -client sdk -key BootgenCount -value "0" -context "sdk\\\\bsp/1497632137643"
# webtalk_add_data -client sdk -key DebugCount -value "2" -context "sdk\\\\bsp/1497632137643"
# webtalk_add_data -client sdk -key PerfCount -value "0" -context "sdk\\\\bsp/1497632137643"
# webtalk_add_data -client sdk -key FlashCount -value "0" -context "sdk\\\\bsp/1497632137643"
# webtalk_add_data -client sdk -key CrossTriggCount -value "0" -context "sdk\\\\bsp/1497632137643"
# webtalk_add_data -client sdk -key QemuDebugCount -value "0" -context "sdk\\\\bsp/1497632137643"
# webtalk_transmit -clientid 3284872448 -regid "211199838_127455_0_244" -xml C:\\Speedway\\ZynqHW\\2017_1\\ZynqDesign\\ZynqDesign.sdk\\webtalk\\usage_statistics_ext_sdk.xml -html C:\\Speedway\\ZynqHW\\2017_1\\ZynqDesign\\ZynqDesign.sdk\\webtalk\\usage_statistics_ext_sdk.html -wdm C:\\Speedway\\ZynqHW\\2017_1\\ZynqDesign\\ZynqDesign.sdk\\webtalk\\sdk_webtalk.wdm -intro "<H3>SDK Usage Report</H3><BR>"
# webtalk_terminate
INFO: [Common 17-206] Exiting Webtalk at Fri Jun 16 09:55:40 2017...
